[0.009s] Invoking command in '/drone_space/build/px4_ros_com': CMAKE_PREFIX_PATH=/drone_space/install/px4_msgs:/drone_space/ros2_ws/install/px4_ros_com:/drone_space/ros2_ws/install/decision_node:/drone_space/ros2_ws/install/px4_msgs:/drone_space/install/decision_node:/opt/ros/humble LD_LIBRARY_PATH=/drone_space/install/px4_msgs/lib:/drone_space/ros2_ws/install/px4_ros_com/lib:/drone_space/ros2_ws/install/px4_msgs/lib:/opt/ros/humble/lib/x86_64-linux-gnu:/opt/ros/humble/lib /usr/bin/cmake /drone_space/ros2_ws/src/px4_ros_com -DCMAKE_INSTALL_PREFIX=/drone_space/install/px4_ros_com
[0.049s] -- The C compiler identification is GNU 11.4.0
[0.090s] -- The CXX compiler identification is GNU 11.4.0
[0.095s] -- Detecting C compiler ABI info
[0.148s] -- Detecting C compiler ABI info - done
[0.152s] -- Check for working C compiler: /usr/bin/cc - skipped
[0.152s] -- Detecting C compile features
[0.153s] -- Detecting C compile features - done
[0.155s] -- Detecting CXX compiler ABI info
[0.211s] -- Detecting CXX compiler ABI info - done
[0.216s] -- Check for working CXX compiler: /usr/bin/c++ - skipped
[0.216s] -- Detecting CXX compile features
[0.217s] -- Detecting CXX compile features - done
[0.218s] -- Found ament_cmake: 1.3.12 (/opt/ros/humble/share/ament_cmake/cmake)
[0.307s] -- Found Python3: /usr/bin/python3 (found version "3.10.12") found components: Interpreter 
[0.369s] -- Found builtin_interfaces: 1.2.2 (/opt/ros/humble/share/builtin_interfaces/cmake)
[0.388s] -- Found rosidl_generator_c: 3.1.8 (/opt/ros/humble/share/rosidl_generator_c/cmake)
[0.391s] -- Found rosidl_adapter: 3.1.8 (/opt/ros/humble/share/rosidl_adapter/cmake)
[0.396s] -- Found rosidl_generator_cpp: 3.1.8 (/opt/ros/humble/share/rosidl_generator_cpp/cmake)
[0.404s] -- Using all available rosidl_typesupport_c: rosidl_typesupport_fastrtps_c;rosidl_typesupport_introspection_c
[0.414s] -- Using all available rosidl_typesupport_cpp: rosidl_typesupport_fastrtps_cpp;rosidl_typesupport_introspection_cpp
[0.423s] -- Found eigen3_cmake_module: 0.1.1 (/opt/ros/humble/share/eigen3_cmake_module/cmake)
[0.426s] -- Found Eigen3: TRUE (found version "3.4.0") 
[0.427s] -- Found geometry_msgs: 4.9.0 (/opt/ros/humble/share/geometry_msgs/cmake)
[0.444s] -- Found px4_msgs: 2.0.1 (/drone_space/install/px4_msgs/share/px4_msgs/cmake)
[0.452s] -- Found rclcpp: 16.0.17 (/opt/ros/humble/share/rclcpp/cmake)
[0.474s] -- Found rmw_implementation_cmake: 6.1.2 (/opt/ros/humble/share/rmw_implementation_cmake/cmake)
[0.476s] -- Found rmw_fastrtps_cpp: 6.2.9 (/opt/ros/humble/share/rmw_fastrtps_cpp/cmake)
[0.552s] -- Found OpenSSL: /usr/lib/x86_64-linux-gnu/libcrypto.so (found version "3.0.2")  
[0.581s] -- Found FastRTPS: /opt/ros/humble/include  
[0.615s] -- Using RMW implementation 'rmw_fastrtps_cpp' as default
[0.619s] -- Looking for pthread.h
[0.685s] -- Looking for pthread.h - found
[0.686s] -- Performing Test CMAKE_HAVE_LIBC_PTHREAD
[0.771s] -- Performing Test CMAKE_HAVE_LIBC_PTHREAD - Success
[0.773s] -- Found Threads: TRUE  
[0.820s] -- Found sensor_msgs: 4.9.0 (/opt/ros/humble/share/sensor_msgs/cmake)
[0.844s] -- Found rclpy: 3.3.19 (/opt/ros/humble/share/rclpy/cmake)
[0.851s] -- Found ament_lint_auto: 0.12.14 (/opt/ros/humble/share/ament_lint_auto/cmake)
[0.940s] -- Added test 'copyright' to check source files copyright and LICENSE
[0.951s] -- Added test 'cppcheck' to perform static code analysis on C / C++ code
[0.952s] -- Configured cppcheck include dirs: /drone_space/ros2_ws/src/px4_ros_com/include;$<BUILD_INTERFACE:/drone_space/ros2_ws/src/px4_ros_com/include/px4_ros_com>
[0.952s] -- Configured cppcheck exclude dirs and/or files: 
[0.958s] -- Added test 'cpplint' to check C / C++ code against the Google style
[0.959s] -- Configured cpplint exclude dirs and/or files: 
[0.960s] -- Added test 'flake8' to check Python code syntax and style conventions
[0.962s] -- Added test 'lint_cmake' to check CMake code style
[0.963s] -- Added test 'pep257' to check Python code against some of the docstring style conventions in PEP 257
[0.969s] -- Added test 'uncrustify' to check C / C++ code style
[0.969s] -- Configured uncrustify additional arguments: 
[0.970s] -- Added test 'xmllint' to check XML markup files
[0.972s] -- Configuring done
[0.990s] -- Generating done
[0.996s] -- Build files have been written to: /drone_space/build/px4_ros_com
