[0.007s] Invoking command in '/drone_space/ros2_ws/build/decision_node': CMAKE_PREFIX_PATH=/drone_space/ros2_ws/install/px4_msgs:/drone_space/ros2_ws/install/px4_ros_com:/drone_space/ros2_ws/install/decision_node:/drone_space/install/decision_node:/opt/ros/humble LD_LIBRARY_PATH=/drone_space/ros2_ws/install/px4_msgs/lib:/drone_space/ros2_ws/install/px4_ros_com/lib:/opt/ros/humble/lib/x86_64-linux-gnu:/opt/ros/humble/lib /usr/bin/cmake --build /drone_space/ros2_ws/build/decision_node -- -j20 -l20
[0.023s] -- Found ament_cmake: 1.3.12 (/opt/ros/humble/share/ament_cmake/cmake)
[0.113s] -- Found rclcpp: 16.0.17 (/opt/ros/humble/share/rclcpp/cmake)
[0.128s] -- Found rosidl_generator_c: 3.1.8 (/opt/ros/humble/share/rosidl_generator_c/cmake)
[0.129s] -- Found rosidl_adapter: 3.1.8 (/opt/ros/humble/share/rosidl_adapter/cmake)
[0.133s] -- Found rosidl_generator_cpp: 3.1.8 (/opt/ros/humble/share/rosidl_generator_cpp/cmake)
[0.139s] -- Using all available rosidl_typesupport_c: rosidl_typesupport_fastrtps_c;rosidl_typesupport_introspection_c
[0.146s] -- Using all available rosidl_typesupport_cpp: rosidl_typesupport_fastrtps_cpp;rosidl_typesupport_introspection_cpp
[0.166s] -- Found rmw_implementation_cmake: 6.1.2 (/opt/ros/humble/share/rmw_implementation_cmake/cmake)
[0.167s] -- Found rmw_fastrtps_cpp: 6.2.9 (/opt/ros/humble/share/rmw_fastrtps_cpp/cmake)
[0.220s] -- Using RMW implementation 'rmw_fastrtps_cpp' as default
[0.251s] -- Found px4_msgs: 2.0.1 (/drone_space/ros2_ws/install/px4_msgs/share/px4_msgs/cmake)
[0.304s] -- Configuring done
[0.309s] -- Generating done
[0.312s] -- Build files have been written to: /drone_space/ros2_ws/build/decision_node
[0.336s] [35m[1mConsolidate compiler generated dependencies of target decision_node[0m
[0.353s] [ 50%] [32mBuilding CXX object CMakeFiles/decision_node.dir/src/decision_node.cpp.o[0m
[10.238s] [100%] [32m[1mLinking CXX executable decision_node[0m
[10.817s] [100%] Built target decision_node
[10.829s] Invoked command in '/drone_space/ros2_ws/build/decision_node' returned '0': CMAKE_PREFIX_PATH=/drone_space/ros2_ws/install/px4_msgs:/drone_space/ros2_ws/install/px4_ros_com:/drone_space/ros2_ws/install/decision_node:/drone_space/install/decision_node:/opt/ros/humble LD_LIBRARY_PATH=/drone_space/ros2_ws/install/px4_msgs/lib:/drone_space/ros2_ws/install/px4_ros_com/lib:/opt/ros/humble/lib/x86_64-linux-gnu:/opt/ros/humble/lib /usr/bin/cmake --build /drone_space/ros2_ws/build/decision_node -- -j20 -l20
[10.831s] Invoking command in '/drone_space/ros2_ws/build/decision_node': CMAKE_PREFIX_PATH=/drone_space/ros2_ws/install/px4_msgs:/drone_space/ros2_ws/install/px4_ros_com:/drone_space/ros2_ws/install/decision_node:/drone_space/install/decision_node:/opt/ros/humble LD_LIBRARY_PATH=/drone_space/ros2_ws/install/px4_msgs/lib:/drone_space/ros2_ws/install/px4_ros_com/lib:/opt/ros/humble/lib/x86_64-linux-gnu:/opt/ros/humble/lib /usr/bin/cmake --install /drone_space/ros2_ws/build/decision_node
[10.844s] -- Install configuration: ""
[10.844s] -- Installing: /drone_space/ros2_ws/install/decision_node/lib/decision_node/decision_node
[10.851s] -- Set runtime path of "/drone_space/ros2_ws/install/decision_node/lib/decision_node/decision_node" to ""
[10.851s] -- Up-to-date: /drone_space/ros2_ws/install/decision_node/share/ament_index/resource_index/package_run_dependencies/decision_node
[10.851s] -- Installing: /drone_space/ros2_ws/install/decision_node/share/ament_index/resource_index/parent_prefix_path/decision_node
[10.851s] -- Up-to-date: /drone_space/ros2_ws/install/decision_node/share/decision_node/environment/ament_prefix_path.sh
[10.851s] -- Installing: /drone_space/ros2_ws/install/decision_node/share/decision_node/environment/ament_prefix_path.dsv
[10.851s] -- Up-to-date: /drone_space/ros2_ws/install/decision_node/share/decision_node/environment/path.sh
[10.851s] -- Installing: /drone_space/ros2_ws/install/decision_node/share/decision_node/environment/path.dsv
[10.852s] -- Up-to-date: /drone_space/ros2_ws/install/decision_node/share/decision_node/local_setup.bash
[10.852s] -- Up-to-date: /drone_space/ros2_ws/install/decision_node/share/decision_node/local_setup.sh
[10.852s] -- Up-to-date: /drone_space/ros2_ws/install/decision_node/share/decision_node/local_setup.zsh
[10.853s] -- Installing: /drone_space/ros2_ws/install/decision_node/share/decision_node/local_setup.dsv
[10.853s] -- Installing: /drone_space/ros2_ws/install/decision_node/share/decision_node/package.dsv
[10.853s] -- Up-to-date: /drone_space/ros2_ws/install/decision_node/share/ament_index/resource_index/packages/decision_node
[10.853s] -- Up-to-date: /drone_space/ros2_ws/install/decision_node/share/decision_node/cmake/decision_nodeConfig.cmake
[10.853s] -- Up-to-date: /drone_space/ros2_ws/install/decision_node/share/decision_node/cmake/decision_nodeConfig-version.cmake
[10.853s] -- Up-to-date: /drone_space/ros2_ws/install/decision_node/share/decision_node/package.xml
[10.855s] Invoked command in '/drone_space/ros2_ws/build/decision_node' returned '0': CMAKE_PREFIX_PATH=/drone_space/ros2_ws/install/px4_msgs:/drone_space/ros2_ws/install/px4_ros_com:/drone_space/ros2_ws/install/decision_node:/drone_space/install/decision_node:/opt/ros/humble LD_LIBRARY_PATH=/drone_space/ros2_ws/install/px4_msgs/lib:/drone_space/ros2_ws/install/px4_ros_com/lib:/opt/ros/humble/lib/x86_64-linux-gnu:/opt/ros/humble/lib /usr/bin/cmake --install /drone_space/ros2_ws/build/decision_node
