[0.067s] DEBUG:colcon:Command line arguments: ['/usr/bin/colcon', 'build']
[0.067s] DEBUG:colcon:Parsed command line arguments: Namespace(log_base=None, log_level=None, verb_name='build', build_base='build', install_base='install', merge_install=False, symlink_install=False, test_result_base=None, continue_on_error=False, executor='parallel', parallel_workers=20, event_handlers=None, ignore_user_meta=False, metas=['./colcon.meta'], base_paths=['.'], packages_ignore=None, packages_ignore_regex=None, paths=None, packages_up_to=None, packages_up_to_regex=None, packages_above=None, packages_above_and_dependencies=None, packages_above_depth=None, packages_select_by_dep=None, packages_skip_by_dep=None, packages_skip_up_to=None, packages_select_build_failed=False, packages_skip_build_finished=False, packages_select_test_failures=False, packages_skip_test_passed=False, packages_select=None, packages_skip=None, packages_select_regex=None, packages_skip_regex=None, packages_start=None, packages_end=None, allow_overriding=[], cmake_args=None, cmake_target=None, cmake_target_skip_unavailable=False, cmake_clean_cache=False, cmake_clean_first=False, cmake_force_configure=False, ament_cmake_args=None, catkin_cmake_args=None, catkin_skip_building_tests=False, verb_parser=<colcon_defaults.argument_parser.defaults.DefaultArgumentsDecorator object at 0x7f38d8fa4eb0>, verb_extension=<colcon_core.verb.build.BuildVerb object at 0x7f38d8fa4070>, main=<bound method BuildVerb.main of <colcon_core.verb.build.BuildVerb object at 0x7f38d8fa4070>>)
[0.139s] Level 1:colcon.colcon_core.package_discovery:discover_packages(colcon_meta) check parameters
[0.139s] Level 1:colcon.colcon_core.package_discovery:discover_packages(recursive) check parameters
[0.139s] Level 1:colcon.colcon_core.package_discovery:discover_packages(ignore) check parameters
[0.139s] Level 1:colcon.colcon_core.package_discovery:discover_packages(path) check parameters
[0.139s] Level 1:colcon.colcon_core.package_discovery:discover_packages(colcon_meta) discover
[0.139s] Level 1:colcon.colcon_core.package_discovery:discover_packages(recursive) discover
[0.139s] INFO:colcon.colcon_core.package_discovery:Crawling recursively for packages in '/drone_space/ros2_ws'
[0.139s] Level 1:colcon.colcon_core.package_identification:_identify(.) by extensions ['ignore', 'ignore_ament_install']
[0.139s] Level 1:colcon.colcon_core.package_identification:_identify(.) by extension 'ignore'
[0.139s] Level 1:colcon.colcon_core.package_identification:_identify(.) by extension 'ignore_ament_install'
[0.139s] Level 1:colcon.colcon_core.package_identification:_identify(.) by extensions ['colcon_pkg']
[0.139s] Level 1:colcon.colcon_core.package_identification:_identify(.) by extension 'colcon_pkg'
[0.139s] Level 1:colcon.colcon_core.package_identification:_identify(.) by extensions ['colcon_meta']
[0.140s] Level 1:colcon.colcon_core.package_identification:_identify(.) by extension 'colcon_meta'
[0.140s] Level 1:colcon.colcon_core.package_identification:_identify(.) by extensions ['ros']
[0.140s] Level 1:colcon.colcon_core.package_identification:_identify(.) by extension 'ros'
[0.147s] Level 1:colcon.colcon_core.package_identification:_identify(.) by extensions ['cmake', 'python']
[0.148s] Level 1:colcon.colcon_core.package_identification:_identify(.) by extension 'cmake'
[0.148s] Level 1:colcon.colcon_core.package_identification:_identify(.) by extension 'python'
[0.148s] Level 1:colcon.colcon_core.package_identification:_identify(.) by extensions ['python_setup_py']
[0.148s] Level 1:colcon.colcon_core.package_identification:_identify(.) by extension 'python_setup_py'
[0.148s] Level 1:colcon.colcon_core.package_identification:_identify(build) by extensions ['ignore', 'ignore_ament_install']
[0.148s] Level 1:colcon.colcon_core.package_identification:_identify(build) by extension 'ignore'
[0.148s] Level 1:colcon.colcon_core.package_identification:_identify(build) ignored
[0.148s] Level 1:colcon.colcon_core.package_identification:_identify(install) by extensions ['ignore', 'ignore_ament_install']
[0.148s] Level 1:colcon.colcon_core.package_identification:_identify(install) by extension 'ignore'
[0.148s] Level 1:colcon.colcon_core.package_identification:_identify(install) ignored
[0.148s] Level 1:colcon.colcon_core.package_identification:_identify(log) by extensions ['ignore', 'ignore_ament_install']
[0.148s] Level 1:colcon.colcon_core.package_identification:_identify(log) by extension 'ignore'
[0.148s] Level 1:colcon.colcon_core.package_identification:_identify(log) ignored
[0.148s] Level 1:colcon.colcon_core.package_identification:_identify(src) by extensions ['ignore', 'ignore_ament_install']
[0.148s] Level 1:colcon.colcon_core.package_identification:_identify(src) by extension 'ignore'
[0.148s] Level 1:colcon.colcon_core.package_identification:_identify(src) by extension 'ignore_ament_install'
[0.148s] Level 1:colcon.colcon_core.package_identification:_identify(src) by extensions ['colcon_pkg']
[0.148s] Level 1:colcon.colcon_core.package_identification:_identify(src) by extension 'colcon_pkg'
[0.148s] Level 1:colcon.colcon_core.package_identification:_identify(src) by extensions ['colcon_meta']
[0.148s] Level 1:colcon.colcon_core.package_identification:_identify(src) by extension 'colcon_meta'
[0.148s] Level 1:colcon.colcon_core.package_identification:_identify(src) by extensions ['ros']
[0.148s] Level 1:colcon.colcon_core.package_identification:_identify(src) by extension 'ros'
[0.148s] Level 1:colcon.colcon_core.package_identification:_identify(src) by extensions ['cmake', 'python']
[0.149s] Level 1:colcon.colcon_core.package_identification:_identify(src) by extension 'cmake'
[0.149s] Level 1:colcon.colcon_core.package_identification:_identify(src) by extension 'python'
[0.149s] Level 1:colcon.colcon_core.package_identification:_identify(src) by extensions ['python_setup_py']
[0.149s] Level 1:colcon.colcon_core.package_identification:_identify(src) by extension 'python_setup_py'
[0.149s] Level 1:colcon.colcon_core.package_identification:_identify(src/decision_node) by extensions ['ignore', 'ignore_ament_install']
[0.149s] Level 1:colcon.colcon_core.package_identification:_identify(src/decision_node) by extension 'ignore'
[0.149s] Level 1:colcon.colcon_core.package_identification:_identify(src/decision_node) by extension 'ignore_ament_install'
[0.149s] Level 1:colcon.colcon_core.package_identification:_identify(src/decision_node) by extensions ['colcon_pkg']
[0.149s] Level 1:colcon.colcon_core.package_identification:_identify(src/decision_node) by extension 'colcon_pkg'
[0.149s] Level 1:colcon.colcon_core.package_identification:_identify(src/decision_node) by extensions ['colcon_meta']
[0.149s] Level 1:colcon.colcon_core.package_identification:_identify(src/decision_node) by extension 'colcon_meta'
[0.149s] Level 1:colcon.colcon_core.package_identification:_identify(src/decision_node) by extensions ['ros']
[0.149s] Level 1:colcon.colcon_core.package_identification:_identify(src/decision_node) by extension 'ros'
[0.151s] DEBUG:colcon.colcon_core.package_identification:Package 'src/decision_node' with type 'ros.ament_cmake' and name 'decision_node'
[0.151s] Level 1:colcon.colcon_core.package_identification:_identify(src/px4_msgs) by extensions ['ignore', 'ignore_ament_install']
[0.151s] Level 1:colcon.colcon_core.package_identification:_identify(src/px4_msgs) by extension 'ignore'
[0.151s] Level 1:colcon.colcon_core.package_identification:_identify(src/px4_msgs) by extension 'ignore_ament_install'
[0.151s] Level 1:colcon.colcon_core.package_identification:_identify(src/px4_msgs) by extensions ['colcon_pkg']
[0.151s] Level 1:colcon.colcon_core.package_identification:_identify(src/px4_msgs) by extension 'colcon_pkg'
[0.151s] Level 1:colcon.colcon_core.package_identification:_identify(src/px4_msgs) by extensions ['colcon_meta']
[0.151s] Level 1:colcon.colcon_core.package_identification:_identify(src/px4_msgs) by extension 'colcon_meta'
[0.151s] Level 1:colcon.colcon_core.package_identification:_identify(src/px4_msgs) by extensions ['ros']
[0.152s] Level 1:colcon.colcon_core.package_identification:_identify(src/px4_msgs) by extension 'ros'
[0.152s] DEBUG:colcon.colcon_core.package_identification:Package 'src/px4_msgs' with type 'ros.ament_cmake' and name 'px4_msgs'
[0.152s] Level 1:colcon.colcon_core.package_identification:_identify(src/px4_ros_com) by extensions ['ignore', 'ignore_ament_install']
[0.152s] Level 1:colcon.colcon_core.package_identification:_identify(src/px4_ros_com) by extension 'ignore'
[0.152s] Level 1:colcon.colcon_core.package_identification:_identify(src/px4_ros_com) by extension 'ignore_ament_install'
[0.152s] Level 1:colcon.colcon_core.package_identification:_identify(src/px4_ros_com) by extensions ['colcon_pkg']
[0.152s] Level 1:colcon.colcon_core.package_identification:_identify(src/px4_ros_com) by extension 'colcon_pkg'
[0.152s] Level 1:colcon.colcon_core.package_identification:_identify(src/px4_ros_com) by extensions ['colcon_meta']
[0.152s] Level 1:colcon.colcon_core.package_identification:_identify(src/px4_ros_com) by extension 'colcon_meta'
[0.152s] Level 1:colcon.colcon_core.package_identification:_identify(src/px4_ros_com) by extensions ['ros']
[0.152s] Level 1:colcon.colcon_core.package_identification:_identify(src/px4_ros_com) by extension 'ros'
[0.153s] DEBUG:colcon.colcon_core.package_identification:Package 'src/px4_ros_com' with type 'ros.ament_cmake' and name 'px4_ros_com'
[0.153s] Level 1:colcon.colcon_core.package_discovery:discover_packages(recursive) using defaults
[0.153s] Level 1:colcon.colcon_core.package_discovery:discover_packages(ignore) discover
[0.153s] Level 1:colcon.colcon_core.package_discovery:discover_packages(ignore) using defaults
[0.153s] Level 1:colcon.colcon_core.package_discovery:discover_packages(path) discover
[0.153s] Level 1:colcon.colcon_core.package_discovery:discover_packages(path) using defaults
[0.168s] Level 1:colcon.colcon_core.package_discovery:discover_packages(prefix_path) check parameters
[0.168s] Level 1:colcon.colcon_core.package_discovery:discover_packages(prefix_path) discover
[0.169s] DEBUG:colcon.colcon_installed_package_information.package_discovery:Found 3 installed packages in /drone_space/ros2_ws/install
[0.169s] DEBUG:colcon.colcon_installed_package_information.package_discovery:Found 2 installed packages in /drone_space/install
[0.170s] DEBUG:colcon.colcon_installed_package_information.package_discovery:Found 183 installed packages in /opt/ros/humble
[0.170s] Level 1:colcon.colcon_core.package_discovery:discover_packages(prefix_path) using defaults
[0.185s] Level 5:colcon.colcon_core.verb:set package 'px4_msgs' build argument 'cmake_args' from command line to 'None'
[0.185s] Level 5:colcon.colcon_core.verb:set package 'px4_msgs' build argument 'cmake_target' from command line to 'None'
[0.185s] Level 5:colcon.colcon_core.verb:set package 'px4_msgs' build argument 'cmake_target_skip_unavailable' from command line to 'False'
[0.185s] Level 5:colcon.colcon_core.verb:set package 'px4_msgs' build argument 'cmake_clean_cache' from command line to 'False'
[0.185s] Level 5:colcon.colcon_core.verb:set package 'px4_msgs' build argument 'cmake_clean_first' from command line to 'False'
[0.185s] Level 5:colcon.colcon_core.verb:set package 'px4_msgs' build argument 'cmake_force_configure' from command line to 'False'
[0.185s] Level 5:colcon.colcon_core.verb:set package 'px4_msgs' build argument 'ament_cmake_args' from command line to 'None'
[0.185s] Level 5:colcon.colcon_core.verb:set package 'px4_msgs' build argument 'catkin_cmake_args' from command line to 'None'
[0.185s] Level 5:colcon.colcon_core.verb:set package 'px4_msgs' build argument 'catkin_skip_building_tests' from command line to 'False'
[0.185s] DEBUG:colcon.colcon_core.verb:Building package 'px4_msgs' with the following arguments: {'ament_cmake_args': None, 'build_base': '/drone_space/ros2_ws/build/px4_msgs', 'catkin_cmake_args': None, 'catkin_skip_building_tests': False, 'cmake_args': None, 'cmake_clean_cache': False, 'cmake_clean_first': False, 'cmake_force_configure': False, 'cmake_target': None, 'cmake_target_skip_unavailable': False, 'install_base': '/drone_space/ros2_ws/install/px4_msgs', 'merge_install': False, 'path': '/drone_space/ros2_ws/src/px4_msgs', 'symlink_install': False, 'test_result_base': None}
[0.186s] Level 5:colcon.colcon_core.verb:set package 'decision_node' build argument 'cmake_args' from command line to 'None'
[0.186s] Level 5:colcon.colcon_core.verb:set package 'decision_node' build argument 'cmake_target' from command line to 'None'
[0.186s] Level 5:colcon.colcon_core.verb:set package 'decision_node' build argument 'cmake_target_skip_unavailable' from command line to 'False'
[0.186s] Level 5:colcon.colcon_core.verb:set package 'decision_node' build argument 'cmake_clean_cache' from command line to 'False'
[0.186s] Level 5:colcon.colcon_core.verb:set package 'decision_node' build argument 'cmake_clean_first' from command line to 'False'
[0.186s] Level 5:colcon.colcon_core.verb:set package 'decision_node' build argument 'cmake_force_configure' from command line to 'False'
[0.186s] Level 5:colcon.colcon_core.verb:set package 'decision_node' build argument 'ament_cmake_args' from command line to 'None'
[0.186s] Level 5:colcon.colcon_core.verb:set package 'decision_node' build argument 'catkin_cmake_args' from command line to 'None'
[0.186s] Level 5:colcon.colcon_core.verb:set package 'decision_node' build argument 'catkin_skip_building_tests' from command line to 'False'
[0.186s] DEBUG:colcon.colcon_core.verb:Building package 'decision_node' with the following arguments: {'ament_cmake_args': None, 'build_base': '/drone_space/ros2_ws/build/decision_node', 'catkin_cmake_args': None, 'catkin_skip_building_tests': False, 'cmake_args': None, 'cmake_clean_cache': False, 'cmake_clean_first': False, 'cmake_force_configure': False, 'cmake_target': None, 'cmake_target_skip_unavailable': False, 'install_base': '/drone_space/ros2_ws/install/decision_node', 'merge_install': False, 'path': '/drone_space/ros2_ws/src/decision_node', 'symlink_install': False, 'test_result_base': None}
[0.186s] Level 5:colcon.colcon_core.verb:set package 'px4_ros_com' build argument 'cmake_args' from command line to 'None'
[0.186s] Level 5:colcon.colcon_core.verb:set package 'px4_ros_com' build argument 'cmake_target' from command line to 'None'
[0.186s] Level 5:colcon.colcon_core.verb:set package 'px4_ros_com' build argument 'cmake_target_skip_unavailable' from command line to 'False'
[0.186s] Level 5:colcon.colcon_core.verb:set package 'px4_ros_com' build argument 'cmake_clean_cache' from command line to 'False'
[0.186s] Level 5:colcon.colcon_core.verb:set package 'px4_ros_com' build argument 'cmake_clean_first' from command line to 'False'
[0.186s] Level 5:colcon.colcon_core.verb:set package 'px4_ros_com' build argument 'cmake_force_configure' from command line to 'False'
[0.186s] Level 5:colcon.colcon_core.verb:set package 'px4_ros_com' build argument 'ament_cmake_args' from command line to 'None'
[0.186s] Level 5:colcon.colcon_core.verb:set package 'px4_ros_com' build argument 'catkin_cmake_args' from command line to 'None'
[0.186s] Level 5:colcon.colcon_core.verb:set package 'px4_ros_com' build argument 'catkin_skip_building_tests' from command line to 'False'
[0.186s] DEBUG:colcon.colcon_core.verb:Building package 'px4_ros_com' with the following arguments: {'ament_cmake_args': None, 'build_base': '/drone_space/ros2_ws/build/px4_ros_com', 'catkin_cmake_args': None, 'catkin_skip_building_tests': False, 'cmake_args': None, 'cmake_clean_cache': False, 'cmake_clean_first': False, 'cmake_force_configure': False, 'cmake_target': None, 'cmake_target_skip_unavailable': False, 'install_base': '/drone_space/ros2_ws/install/px4_ros_com', 'merge_install': False, 'path': '/drone_space/ros2_ws/src/px4_ros_com', 'symlink_install': False, 'test_result_base': None}
[0.186s] INFO:colcon.colcon_core.executor:Executing jobs using 'parallel' executor
[0.187s] DEBUG:colcon.colcon_parallel_executor.executor.parallel:run_until_complete
[0.187s] INFO:colcon.colcon_ros.task.ament_cmake.build:Building ROS package in '/drone_space/ros2_ws/src/px4_msgs' with build type 'ament_cmake'
[0.187s] INFO:colcon.colcon_cmake.task.cmake.build:Building CMake package in '/drone_space/ros2_ws/src/px4_msgs'
[0.188s] INFO:colcon.colcon_core.plugin_system:Skipping extension 'colcon_core.shell.bat': Not used on non-Windows systems
[0.188s] INFO:colcon.colcon_core.shell:Skip shell extension 'powershell' for command environment: Not usable outside of PowerShell
[0.188s] DEBUG:colcon.colcon_core.shell:Skip shell extension 'dsv' for command environment
[0.196s] DEBUG:colcon.colcon_core.event_handler.log_command:Invoking command in '/drone_space/ros2_ws/build/px4_msgs': CMAKE_PREFIX_PATH=${CMAKE_PREFIX_PATH}:/opt/ros/humble /usr/bin/cmake --build /drone_space/ros2_ws/build/px4_msgs -- -j20 -l20
[0.885s] DEBUG:colcon.colcon_core.event_handler.log_command:Invoked command in '/drone_space/ros2_ws/build/px4_msgs' returned '0': CMAKE_PREFIX_PATH=${CMAKE_PREFIX_PATH}:/opt/ros/humble /usr/bin/cmake --build /drone_space/ros2_ws/build/px4_msgs -- -j20 -l20
[0.892s] DEBUG:colcon.colcon_core.event_handler.log_command:Invoking command in '/drone_space/ros2_ws/build/px4_msgs': CMAKE_PREFIX_PATH=${CMAKE_PREFIX_PATH}:/opt/ros/humble /usr/bin/cmake --install /drone_space/ros2_ws/build/px4_msgs
[1.138s] Level 1:colcon.colcon_core.environment:create_environment_scripts_only(px4_msgs)
[1.138s] DEBUG:colcon.colcon_core.event_handler.log_command:Invoked command in '/drone_space/ros2_ws/build/px4_msgs' returned '0': CMAKE_PREFIX_PATH=${CMAKE_PREFIX_PATH}:/opt/ros/humble /usr/bin/cmake --install /drone_space/ros2_ws/build/px4_msgs
[1.140s] Level 1:colcon.colcon_core.environment:checking '/drone_space/ros2_ws/install/px4_msgs' for CMake module files
[1.140s] Level 1:colcon.colcon_core.environment:checking '/drone_space/ros2_ws/install/px4_msgs' for CMake config files
[1.143s] Level 1:colcon.colcon_core.shell:create_environment_hook('px4_msgs', 'cmake_prefix_path')
[1.143s] INFO:colcon.colcon_core.shell:Creating environment hook '/drone_space/ros2_ws/install/px4_msgs/share/px4_msgs/hook/cmake_prefix_path.ps1'
[1.144s] INFO:colcon.colcon_core.shell:Creating environment descriptor '/drone_space/ros2_ws/install/px4_msgs/share/px4_msgs/hook/cmake_prefix_path.dsv'
[1.144s] INFO:colcon.colcon_core.shell:Creating environment hook '/drone_space/ros2_ws/install/px4_msgs/share/px4_msgs/hook/cmake_prefix_path.sh'
[1.145s] Level 1:colcon.colcon_core.environment:checking '/drone_space/ros2_ws/install/px4_msgs/lib'
[1.145s] Level 1:colcon.colcon_core.shell:create_environment_hook('px4_msgs', 'ld_library_path_lib')
[1.145s] INFO:colcon.colcon_core.shell:Creating environment hook '/drone_space/ros2_ws/install/px4_msgs/share/px4_msgs/hook/ld_library_path_lib.ps1'
[1.145s] INFO:colcon.colcon_core.shell:Creating environment descriptor '/drone_space/ros2_ws/install/px4_msgs/share/px4_msgs/hook/ld_library_path_lib.dsv'
[1.145s] INFO:colcon.colcon_core.shell:Creating environment hook '/drone_space/ros2_ws/install/px4_msgs/share/px4_msgs/hook/ld_library_path_lib.sh'
[1.145s] Level 1:colcon.colcon_core.environment:checking '/drone_space/ros2_ws/install/px4_msgs/bin'
[1.146s] Level 1:colcon.colcon_core.environment:checking '/drone_space/ros2_ws/install/px4_msgs/lib/pkgconfig/px4_msgs.pc'
[1.146s] Level 1:colcon.colcon_core.environment:checking '/drone_space/ros2_ws/install/px4_msgs/lib/python3.10/site-packages'
[1.146s] Level 1:colcon.colcon_core.environment:checking '/drone_space/ros2_ws/install/px4_msgs/bin'
[1.146s] INFO:colcon.colcon_core.shell:Creating package script '/drone_space/ros2_ws/install/px4_msgs/share/px4_msgs/package.ps1'
[1.147s] INFO:colcon.colcon_core.shell:Creating package descriptor '/drone_space/ros2_ws/install/px4_msgs/share/px4_msgs/package.dsv'
[1.147s] INFO:colcon.colcon_core.shell:Creating package script '/drone_space/ros2_ws/install/px4_msgs/share/px4_msgs/package.sh'
[1.147s] INFO:colcon.colcon_core.shell:Creating package script '/drone_space/ros2_ws/install/px4_msgs/share/px4_msgs/package.bash'
[1.148s] INFO:colcon.colcon_core.shell:Creating package script '/drone_space/ros2_ws/install/px4_msgs/share/px4_msgs/package.zsh'
[1.148s] Level 1:colcon.colcon_core.environment:create_file_with_runtime_dependencies(/drone_space/ros2_ws/install/px4_msgs/share/colcon-core/packages/px4_msgs)
[1.149s] Level 1:colcon.colcon_core.environment:create_environment_scripts_only(px4_msgs)
[1.149s] Level 1:colcon.colcon_core.environment:checking '/drone_space/ros2_ws/install/px4_msgs' for CMake module files
[1.149s] Level 1:colcon.colcon_core.environment:checking '/drone_space/ros2_ws/install/px4_msgs' for CMake config files
[1.152s] Level 1:colcon.colcon_core.shell:create_environment_hook('px4_msgs', 'cmake_prefix_path')
[1.152s] INFO:colcon.colcon_core.shell:Creating environment hook '/drone_space/ros2_ws/install/px4_msgs/share/px4_msgs/hook/cmake_prefix_path.ps1'
[1.153s] INFO:colcon.colcon_core.shell:Creating environment descriptor '/drone_space/ros2_ws/install/px4_msgs/share/px4_msgs/hook/cmake_prefix_path.dsv'
[1.153s] INFO:colcon.colcon_core.shell:Creating environment hook '/drone_space/ros2_ws/install/px4_msgs/share/px4_msgs/hook/cmake_prefix_path.sh'
[1.153s] Level 1:colcon.colcon_core.environment:checking '/drone_space/ros2_ws/install/px4_msgs/lib'
[1.153s] Level 1:colcon.colcon_core.shell:create_environment_hook('px4_msgs', 'ld_library_path_lib')
[1.153s] INFO:colcon.colcon_core.shell:Creating environment hook '/drone_space/ros2_ws/install/px4_msgs/share/px4_msgs/hook/ld_library_path_lib.ps1'
[1.153s] INFO:colcon.colcon_core.shell:Creating environment descriptor '/drone_space/ros2_ws/install/px4_msgs/share/px4_msgs/hook/ld_library_path_lib.dsv'
[1.154s] INFO:colcon.colcon_core.shell:Creating environment hook '/drone_space/ros2_ws/install/px4_msgs/share/px4_msgs/hook/ld_library_path_lib.sh'
[1.154s] Level 1:colcon.colcon_core.environment:checking '/drone_space/ros2_ws/install/px4_msgs/bin'
[1.154s] Level 1:colcon.colcon_core.environment:checking '/drone_space/ros2_ws/install/px4_msgs/lib/pkgconfig/px4_msgs.pc'
[1.154s] Level 1:colcon.colcon_core.environment:checking '/drone_space/ros2_ws/install/px4_msgs/lib/python3.10/site-packages'
[1.154s] Level 1:colcon.colcon_core.environment:checking '/drone_space/ros2_ws/install/px4_msgs/bin'
[1.154s] INFO:colcon.colcon_core.shell:Creating package script '/drone_space/ros2_ws/install/px4_msgs/share/px4_msgs/package.ps1'
[1.155s] INFO:colcon.colcon_core.shell:Creating package descriptor '/drone_space/ros2_ws/install/px4_msgs/share/px4_msgs/package.dsv'
[1.155s] INFO:colcon.colcon_core.shell:Creating package script '/drone_space/ros2_ws/install/px4_msgs/share/px4_msgs/package.sh'
[1.155s] INFO:colcon.colcon_core.shell:Creating package script '/drone_space/ros2_ws/install/px4_msgs/share/px4_msgs/package.bash'
[1.155s] INFO:colcon.colcon_core.shell:Creating package script '/drone_space/ros2_ws/install/px4_msgs/share/px4_msgs/package.zsh'
[1.155s] Level 1:colcon.colcon_core.environment:create_file_with_runtime_dependencies(/drone_space/ros2_ws/install/px4_msgs/share/colcon-core/packages/px4_msgs)
[1.156s] INFO:colcon.colcon_ros.task.ament_cmake.build:Building ROS package in '/drone_space/ros2_ws/src/decision_node' with build type 'ament_cmake'
[1.156s] INFO:colcon.colcon_cmake.task.cmake.build:Building CMake package in '/drone_space/ros2_ws/src/decision_node'
[1.156s] INFO:colcon.colcon_core.shell:Skip shell extension 'powershell' for command environment: Not usable outside of PowerShell
[1.156s] DEBUG:colcon.colcon_core.shell:Skip shell extension 'dsv' for command environment
[1.158s] INFO:colcon.colcon_ros.task.ament_cmake.build:Building ROS package in '/drone_space/ros2_ws/src/px4_ros_com' with build type 'ament_cmake'
[1.158s] INFO:colcon.colcon_cmake.task.cmake.build:Building CMake package in '/drone_space/ros2_ws/src/px4_ros_com'
[1.159s] INFO:colcon.colcon_core.shell:Skip shell extension 'powershell' for command environment: Not usable outside of PowerShell
[1.159s] DEBUG:colcon.colcon_core.shell:Skip shell extension 'dsv' for command environment
[1.164s] DEBUG:colcon.colcon_core.event_handler.log_command:Invoking command in '/drone_space/ros2_ws/build/decision_node': CMAKE_PREFIX_PATH=/drone_space/ros2_ws/install/px4_msgs:/drone_space/ros2_ws/install/px4_ros_com:/drone_space/ros2_ws/install/decision_node:/drone_space/install/px4_msgs:/drone_space/install/decision_node:/opt/ros/humble LD_LIBRARY_PATH=/drone_space/ros2_ws/install/px4_msgs/lib:/drone_space/ros2_ws/install/px4_ros_com/lib:/drone_space/install/px4_msgs/lib:/opt/ros/humble/lib/x86_64-linux-gnu:/opt/ros/humble/lib /usr/bin/cmake --build /drone_space/ros2_ws/build/decision_node -- -j20 -l20
[1.166s] DEBUG:colcon.colcon_core.event_handler.log_command:Invoking command in '/drone_space/ros2_ws/build/px4_ros_com': CMAKE_PREFIX_PATH=/drone_space/ros2_ws/install/px4_msgs:/drone_space/ros2_ws/install/px4_ros_com:/drone_space/ros2_ws/install/decision_node:/drone_space/install/px4_msgs:/drone_space/install/decision_node:/opt/ros/humble LD_LIBRARY_PATH=/drone_space/ros2_ws/install/px4_msgs/lib:/drone_space/ros2_ws/install/px4_ros_com/lib:/drone_space/install/px4_msgs/lib:/opt/ros/humble/lib/x86_64-linux-gnu:/opt/ros/humble/lib /usr/bin/cmake --build /drone_space/ros2_ws/build/px4_ros_com -- -j20 -l20
[1.362s] DEBUG:colcon.colcon_core.event_handler.log_command:Invoked command in '/drone_space/ros2_ws/build/px4_ros_com' returned '0': CMAKE_PREFIX_PATH=/drone_space/ros2_ws/install/px4_msgs:/drone_space/ros2_ws/install/px4_ros_com:/drone_space/ros2_ws/install/decision_node:/drone_space/install/px4_msgs:/drone_space/install/decision_node:/opt/ros/humble LD_LIBRARY_PATH=/drone_space/ros2_ws/install/px4_msgs/lib:/drone_space/ros2_ws/install/px4_ros_com/lib:/drone_space/install/px4_msgs/lib:/opt/ros/humble/lib/x86_64-linux-gnu:/opt/ros/humble/lib /usr/bin/cmake --build /drone_space/ros2_ws/build/px4_ros_com -- -j20 -l20
[1.363s] DEBUG:colcon.colcon_core.event_handler.log_command:Invoking command in '/drone_space/ros2_ws/build/px4_ros_com': CMAKE_PREFIX_PATH=/drone_space/ros2_ws/install/px4_msgs:/drone_space/ros2_ws/install/px4_ros_com:/drone_space/ros2_ws/install/decision_node:/drone_space/install/px4_msgs:/drone_space/install/decision_node:/opt/ros/humble LD_LIBRARY_PATH=/drone_space/ros2_ws/install/px4_msgs/lib:/drone_space/ros2_ws/install/px4_ros_com/lib:/drone_space/install/px4_msgs/lib:/opt/ros/humble/lib/x86_64-linux-gnu:/opt/ros/humble/lib /usr/bin/cmake --install /drone_space/ros2_ws/build/px4_ros_com
[1.397s] Level 1:colcon.colcon_core.environment:create_environment_scripts_only(px4_ros_com)
[1.397s] Level 1:colcon.colcon_core.environment:checking '/drone_space/ros2_ws/install/px4_ros_com' for CMake module files
[1.398s] DEBUG:colcon.colcon_core.event_handler.log_command:Invoked command in '/drone_space/ros2_ws/build/px4_ros_com' returned '0': CMAKE_PREFIX_PATH=/drone_space/ros2_ws/install/px4_msgs:/drone_space/ros2_ws/install/px4_ros_com:/drone_space/ros2_ws/install/decision_node:/drone_space/install/px4_msgs:/drone_space/install/decision_node:/opt/ros/humble LD_LIBRARY_PATH=/drone_space/ros2_ws/install/px4_msgs/lib:/drone_space/ros2_ws/install/px4_ros_com/lib:/drone_space/install/px4_msgs/lib:/opt/ros/humble/lib/x86_64-linux-gnu:/opt/ros/humble/lib /usr/bin/cmake --install /drone_space/ros2_ws/build/px4_ros_com
[1.398s] Level 1:colcon.colcon_core.environment:checking '/drone_space/ros2_ws/install/px4_ros_com' for CMake config files
[1.399s] Level 1:colcon.colcon_core.shell:create_environment_hook('px4_ros_com', 'cmake_prefix_path')
[1.399s] INFO:colcon.colcon_core.shell:Creating environment hook '/drone_space/ros2_ws/install/px4_ros_com/share/px4_ros_com/hook/cmake_prefix_path.ps1'
[1.399s] INFO:colcon.colcon_core.shell:Creating environment descriptor '/drone_space/ros2_ws/install/px4_ros_com/share/px4_ros_com/hook/cmake_prefix_path.dsv'
[1.399s] INFO:colcon.colcon_core.shell:Creating environment hook '/drone_space/ros2_ws/install/px4_ros_com/share/px4_ros_com/hook/cmake_prefix_path.sh'
[1.400s] Level 1:colcon.colcon_core.environment:checking '/drone_space/ros2_ws/install/px4_ros_com/lib'
[1.400s] Level 1:colcon.colcon_core.shell:create_environment_hook('px4_ros_com', 'ld_library_path_lib')
[1.400s] INFO:colcon.colcon_core.shell:Creating environment hook '/drone_space/ros2_ws/install/px4_ros_com/share/px4_ros_com/hook/ld_library_path_lib.ps1'
[1.400s] INFO:colcon.colcon_core.shell:Creating environment descriptor '/drone_space/ros2_ws/install/px4_ros_com/share/px4_ros_com/hook/ld_library_path_lib.dsv'
[1.400s] INFO:colcon.colcon_core.shell:Creating environment hook '/drone_space/ros2_ws/install/px4_ros_com/share/px4_ros_com/hook/ld_library_path_lib.sh'
[1.401s] Level 1:colcon.colcon_core.environment:checking '/drone_space/ros2_ws/install/px4_ros_com/bin'
[1.401s] Level 1:colcon.colcon_core.environment:checking '/drone_space/ros2_ws/install/px4_ros_com/lib/pkgconfig/px4_ros_com.pc'
[1.401s] Level 1:colcon.colcon_core.environment:checking '/drone_space/ros2_ws/install/px4_ros_com/lib/python3.10/site-packages'
[1.401s] Level 1:colcon.colcon_core.environment:checking '/drone_space/ros2_ws/install/px4_ros_com/bin'
[1.401s] INFO:colcon.colcon_core.shell:Creating package script '/drone_space/ros2_ws/install/px4_ros_com/share/px4_ros_com/package.ps1'
[1.402s] INFO:colcon.colcon_core.shell:Creating package descriptor '/drone_space/ros2_ws/install/px4_ros_com/share/px4_ros_com/package.dsv'
[1.402s] INFO:colcon.colcon_core.shell:Creating package script '/drone_space/ros2_ws/install/px4_ros_com/share/px4_ros_com/package.sh'
[1.402s] INFO:colcon.colcon_core.shell:Creating package script '/drone_space/ros2_ws/install/px4_ros_com/share/px4_ros_com/package.bash'
[1.402s] INFO:colcon.colcon_core.shell:Creating package script '/drone_space/ros2_ws/install/px4_ros_com/share/px4_ros_com/package.zsh'
[1.402s] Level 1:colcon.colcon_core.environment:create_file_with_runtime_dependencies(/drone_space/ros2_ws/install/px4_ros_com/share/colcon-core/packages/px4_ros_com)
[1.403s] Level 1:colcon.colcon_core.environment:create_environment_scripts_only(px4_ros_com)
[1.403s] Level 1:colcon.colcon_core.environment:checking '/drone_space/ros2_ws/install/px4_ros_com' for CMake module files
[1.403s] Level 1:colcon.colcon_core.environment:checking '/drone_space/ros2_ws/install/px4_ros_com' for CMake config files
[1.403s] Level 1:colcon.colcon_core.shell:create_environment_hook('px4_ros_com', 'cmake_prefix_path')
[1.403s] INFO:colcon.colcon_core.shell:Creating environment hook '/drone_space/ros2_ws/install/px4_ros_com/share/px4_ros_com/hook/cmake_prefix_path.ps1'
[1.404s] INFO:colcon.colcon_core.shell:Creating environment descriptor '/drone_space/ros2_ws/install/px4_ros_com/share/px4_ros_com/hook/cmake_prefix_path.dsv'
[1.404s] INFO:colcon.colcon_core.shell:Creating environment hook '/drone_space/ros2_ws/install/px4_ros_com/share/px4_ros_com/hook/cmake_prefix_path.sh'
[1.404s] Level 1:colcon.colcon_core.environment:checking '/drone_space/ros2_ws/install/px4_ros_com/lib'
[1.404s] Level 1:colcon.colcon_core.shell:create_environment_hook('px4_ros_com', 'ld_library_path_lib')
[1.404s] INFO:colcon.colcon_core.shell:Creating environment hook '/drone_space/ros2_ws/install/px4_ros_com/share/px4_ros_com/hook/ld_library_path_lib.ps1'
[1.405s] INFO:colcon.colcon_core.shell:Creating environment descriptor '/drone_space/ros2_ws/install/px4_ros_com/share/px4_ros_com/hook/ld_library_path_lib.dsv'
[1.405s] INFO:colcon.colcon_core.shell:Creating environment hook '/drone_space/ros2_ws/install/px4_ros_com/share/px4_ros_com/hook/ld_library_path_lib.sh'
[1.405s] Level 1:colcon.colcon_core.environment:checking '/drone_space/ros2_ws/install/px4_ros_com/bin'
[1.405s] Level 1:colcon.colcon_core.environment:checking '/drone_space/ros2_ws/install/px4_ros_com/lib/pkgconfig/px4_ros_com.pc'
[1.405s] Level 1:colcon.colcon_core.environment:checking '/drone_space/ros2_ws/install/px4_ros_com/lib/python3.10/site-packages'
[1.405s] Level 1:colcon.colcon_core.environment:checking '/drone_space/ros2_ws/install/px4_ros_com/bin'
[1.405s] INFO:colcon.colcon_core.shell:Creating package script '/drone_space/ros2_ws/install/px4_ros_com/share/px4_ros_com/package.ps1'
[1.406s] INFO:colcon.colcon_core.shell:Creating package descriptor '/drone_space/ros2_ws/install/px4_ros_com/share/px4_ros_com/package.dsv'
[1.406s] INFO:colcon.colcon_core.shell:Creating package script '/drone_space/ros2_ws/install/px4_ros_com/share/px4_ros_com/package.sh'
[1.406s] INFO:colcon.colcon_core.shell:Creating package script '/drone_space/ros2_ws/install/px4_ros_com/share/px4_ros_com/package.bash'
[1.407s] INFO:colcon.colcon_core.shell:Creating package script '/drone_space/ros2_ws/install/px4_ros_com/share/px4_ros_com/package.zsh'
[1.407s] Level 1:colcon.colcon_core.environment:create_file_with_runtime_dependencies(/drone_space/ros2_ws/install/px4_ros_com/share/colcon-core/packages/px4_ros_com)
[9.727s] DEBUG:colcon.colcon_core.event_handler.log_command:Invoked command in '/drone_space/ros2_ws/build/decision_node' returned '0': CMAKE_PREFIX_PATH=/drone_space/ros2_ws/install/px4_msgs:/drone_space/ros2_ws/install/px4_ros_com:/drone_space/ros2_ws/install/decision_node:/drone_space/install/px4_msgs:/drone_space/install/decision_node:/opt/ros/humble LD_LIBRARY_PATH=/drone_space/ros2_ws/install/px4_msgs/lib:/drone_space/ros2_ws/install/px4_ros_com/lib:/drone_space/install/px4_msgs/lib:/opt/ros/humble/lib/x86_64-linux-gnu:/opt/ros/humble/lib /usr/bin/cmake --build /drone_space/ros2_ws/build/decision_node -- -j20 -l20
[9.728s] DEBUG:colcon.colcon_core.event_handler.log_command:Invoking command in '/drone_space/ros2_ws/build/decision_node': CMAKE_PREFIX_PATH=/drone_space/ros2_ws/install/px4_msgs:/drone_space/ros2_ws/install/px4_ros_com:/drone_space/ros2_ws/install/decision_node:/drone_space/install/px4_msgs:/drone_space/install/decision_node:/opt/ros/humble LD_LIBRARY_PATH=/drone_space/ros2_ws/install/px4_msgs/lib:/drone_space/ros2_ws/install/px4_ros_com/lib:/drone_space/install/px4_msgs/lib:/opt/ros/humble/lib/x86_64-linux-gnu:/opt/ros/humble/lib /usr/bin/cmake --install /drone_space/ros2_ws/build/decision_node
[9.746s] Level 1:colcon.colcon_core.environment:create_environment_scripts_only(decision_node)
[9.747s] Level 1:colcon.colcon_core.environment:checking '/drone_space/ros2_ws/install/decision_node' for CMake module files
[9.748s] DEBUG:colcon.colcon_core.event_handler.log_command:Invoked command in '/drone_space/ros2_ws/build/decision_node' returned '0': CMAKE_PREFIX_PATH=/drone_space/ros2_ws/install/px4_msgs:/drone_space/ros2_ws/install/px4_ros_com:/drone_space/ros2_ws/install/decision_node:/drone_space/install/px4_msgs:/drone_space/install/decision_node:/opt/ros/humble LD_LIBRARY_PATH=/drone_space/ros2_ws/install/px4_msgs/lib:/drone_space/ros2_ws/install/px4_ros_com/lib:/drone_space/install/px4_msgs/lib:/opt/ros/humble/lib/x86_64-linux-gnu:/opt/ros/humble/lib /usr/bin/cmake --install /drone_space/ros2_ws/build/decision_node
[9.748s] Level 1:colcon.colcon_core.environment:checking '/drone_space/ros2_ws/install/decision_node' for CMake config files
[9.749s] Level 1:colcon.colcon_core.shell:create_environment_hook('decision_node', 'cmake_prefix_path')
[9.749s] INFO:colcon.colcon_core.shell:Creating environment hook '/drone_space/ros2_ws/install/decision_node/share/decision_node/hook/cmake_prefix_path.ps1'
[9.750s] INFO:colcon.colcon_core.shell:Creating environment descriptor '/drone_space/ros2_ws/install/decision_node/share/decision_node/hook/cmake_prefix_path.dsv'
[9.750s] INFO:colcon.colcon_core.shell:Creating environment hook '/drone_space/ros2_ws/install/decision_node/share/decision_node/hook/cmake_prefix_path.sh'
[9.751s] Level 1:colcon.colcon_core.environment:checking '/drone_space/ros2_ws/install/decision_node/lib'
[9.751s] Level 1:colcon.colcon_core.environment:checking '/drone_space/ros2_ws/install/decision_node/bin'
[9.751s] Level 1:colcon.colcon_core.environment:checking '/drone_space/ros2_ws/install/decision_node/lib/pkgconfig/decision_node.pc'
[9.752s] Level 1:colcon.colcon_core.environment:checking '/drone_space/ros2_ws/install/decision_node/lib/python3.10/site-packages'
[9.752s] Level 1:colcon.colcon_core.environment:checking '/drone_space/ros2_ws/install/decision_node/bin'
[9.753s] INFO:colcon.colcon_core.shell:Creating package script '/drone_space/ros2_ws/install/decision_node/share/decision_node/package.ps1'
[9.753s] INFO:colcon.colcon_core.shell:Creating package descriptor '/drone_space/ros2_ws/install/decision_node/share/decision_node/package.dsv'
[9.754s] INFO:colcon.colcon_core.shell:Creating package script '/drone_space/ros2_ws/install/decision_node/share/decision_node/package.sh'
[9.754s] INFO:colcon.colcon_core.shell:Creating package script '/drone_space/ros2_ws/install/decision_node/share/decision_node/package.bash'
[9.755s] INFO:colcon.colcon_core.shell:Creating package script '/drone_space/ros2_ws/install/decision_node/share/decision_node/package.zsh'
[9.755s] Level 1:colcon.colcon_core.environment:create_file_with_runtime_dependencies(/drone_space/ros2_ws/install/decision_node/share/colcon-core/packages/decision_node)
[9.755s] Level 1:colcon.colcon_core.environment:create_environment_scripts_only(decision_node)
[9.756s] Level 1:colcon.colcon_core.environment:checking '/drone_space/ros2_ws/install/decision_node' for CMake module files
[9.756s] Level 1:colcon.colcon_core.environment:checking '/drone_space/ros2_ws/install/decision_node' for CMake config files
[9.756s] Level 1:colcon.colcon_core.shell:create_environment_hook('decision_node', 'cmake_prefix_path')
[9.757s] INFO:colcon.colcon_core.shell:Creating environment hook '/drone_space/ros2_ws/install/decision_node/share/decision_node/hook/cmake_prefix_path.ps1'
[9.757s] INFO:colcon.colcon_core.shell:Creating environment descriptor '/drone_space/ros2_ws/install/decision_node/share/decision_node/hook/cmake_prefix_path.dsv'
[9.757s] INFO:colcon.colcon_core.shell:Creating environment hook '/drone_space/ros2_ws/install/decision_node/share/decision_node/hook/cmake_prefix_path.sh'
[9.758s] Level 1:colcon.colcon_core.environment:checking '/drone_space/ros2_ws/install/decision_node/lib'
[9.758s] Level 1:colcon.colcon_core.environment:checking '/drone_space/ros2_ws/install/decision_node/bin'
[9.759s] Level 1:colcon.colcon_core.environment:checking '/drone_space/ros2_ws/install/decision_node/lib/pkgconfig/decision_node.pc'
[9.759s] Level 1:colcon.colcon_core.environment:checking '/drone_space/ros2_ws/install/decision_node/lib/python3.10/site-packages'
[9.759s] Level 1:colcon.colcon_core.environment:checking '/drone_space/ros2_ws/install/decision_node/bin'
[9.759s] INFO:colcon.colcon_core.shell:Creating package script '/drone_space/ros2_ws/install/decision_node/share/decision_node/package.ps1'
[9.760s] INFO:colcon.colcon_core.shell:Creating package descriptor '/drone_space/ros2_ws/install/decision_node/share/decision_node/package.dsv'
[9.760s] INFO:colcon.colcon_core.shell:Creating package script '/drone_space/ros2_ws/install/decision_node/share/decision_node/package.sh'
[9.760s] INFO:colcon.colcon_core.shell:Creating package script '/drone_space/ros2_ws/install/decision_node/share/decision_node/package.bash'
[9.761s] INFO:colcon.colcon_core.shell:Creating package script '/drone_space/ros2_ws/install/decision_node/share/decision_node/package.zsh'
[9.761s] Level 1:colcon.colcon_core.environment:create_file_with_runtime_dependencies(/drone_space/ros2_ws/install/decision_node/share/colcon-core/packages/decision_node)
[9.761s] DEBUG:colcon.colcon_parallel_executor.executor.parallel:closing loop
[9.761s] DEBUG:colcon.colcon_parallel_executor.executor.parallel:loop closed
[9.762s] DEBUG:colcon.colcon_parallel_executor.executor.parallel:run_until_complete finished with '0'
[9.762s] DEBUG:colcon.colcon_core.event_reactor:joining thread
[9.769s] INFO:colcon.colcon_core.plugin_system:Skipping extension 'colcon_notification.desktop_notification.notify_send': Could not find 'notify-send'
[9.769s] INFO:colcon.colcon_core.plugin_system:Skipping extension 'colcon_notification.desktop_notification.terminal_notifier': Not used on non-Darwin systems
[9.769s] INFO:colcon.colcon_core.plugin_system:Skipping extension 'colcon_notification.desktop_notification.win32': Not used on non-Windows systems
[9.769s] INFO:colcon.colcon_notification.desktop_notification:Sending desktop notification using 'notify2'
[9.769s] DEBUG:colcon.colcon_notification.desktop_notification.notify2:Failed to initialize notify2: org.freedesktop.DBus.Error.NotSupported: Unable to autolaunch a dbus-daemon without a $DISPLAY for X11
[9.769s] DEBUG:colcon.colcon_core.event_reactor:joined thread
[9.770s] INFO:colcon.colcon_core.shell:Creating prefix script '/drone_space/ros2_ws/install/local_setup.ps1'
[9.771s] INFO:colcon.colcon_core.shell:Creating prefix util module '/drone_space/ros2_ws/install/_local_setup_util_ps1.py'
[9.773s] INFO:colcon.colcon_core.shell:Creating prefix chain script '/drone_space/ros2_ws/install/setup.ps1'
[9.775s] INFO:colcon.colcon_core.shell:Creating prefix script '/drone_space/ros2_ws/install/local_setup.sh'
[9.775s] INFO:colcon.colcon_core.shell:Creating prefix util module '/drone_space/ros2_ws/install/_local_setup_util_sh.py'
[9.776s] INFO:colcon.colcon_core.shell:Creating prefix chain script '/drone_space/ros2_ws/install/setup.sh'
[9.778s] INFO:colcon.colcon_core.shell:Creating prefix script '/drone_space/ros2_ws/install/local_setup.bash'
[9.779s] INFO:colcon.colcon_core.shell:Creating prefix chain script '/drone_space/ros2_ws/install/setup.bash'
[9.781s] INFO:colcon.colcon_core.shell:Creating prefix script '/drone_space/ros2_ws/install/local_setup.zsh'
[9.782s] INFO:colcon.colcon_core.shell:Creating prefix chain script '/drone_space/ros2_ws/install/setup.zsh'
