[0.010s] Invoking command in '/drone_space/ros2_ws/build/decision_node': CMAKE_PREFIX_PATH=/drone_space/ros2_ws/install/px4_msgs:/drone_space/install/decision_node:/drone_space/ros2_ws/install/px4_ros_com:/drone_space/ros2_ws/install/decision_node:/opt/ros/humble LD_LIBRARY_PATH=/drone_space/ros2_ws/install/px4_msgs/lib:/drone_space/ros2_ws/install/px4_ros_com/lib:/opt/ros/humble/lib/x86_64-linux-gnu:/opt/ros/humble/lib /usr/bin/cmake --build /drone_space/ros2_ws/build/decision_node -- -j20 -l20
[0.039s] [35m[1mConsolidate compiler generated dependencies of target decision_node[0m
[0.052s] [100%] Built target decision_node
[0.060s] Invoked command in '/drone_space/ros2_ws/build/decision_node' returned '0': CMAKE_PREFIX_PATH=/drone_space/ros2_ws/install/px4_msgs:/drone_space/install/decision_node:/drone_space/ros2_ws/install/px4_ros_com:/drone_space/ros2_ws/install/decision_node:/opt/ros/humble LD_LIBRARY_PATH=/drone_space/ros2_ws/install/px4_msgs/lib:/drone_space/ros2_ws/install/px4_ros_com/lib:/opt/ros/humble/lib/x86_64-linux-gnu:/opt/ros/humble/lib /usr/bin/cmake --build /drone_space/ros2_ws/build/decision_node -- -j20 -l20
[0.061s] Invoking command in '/drone_space/ros2_ws/build/decision_node': CMAKE_PREFIX_PATH=/drone_space/ros2_ws/install/px4_msgs:/drone_space/install/decision_node:/drone_space/ros2_ws/install/px4_ros_com:/drone_space/ros2_ws/install/decision_node:/opt/ros/humble LD_LIBRARY_PATH=/drone_space/ros2_ws/install/px4_msgs/lib:/drone_space/ros2_ws/install/px4_ros_com/lib:/opt/ros/humble/lib/x86_64-linux-gnu:/opt/ros/humble/lib /usr/bin/cmake --install /drone_space/ros2_ws/build/decision_node
[0.066s] -- Install configuration: ""
[0.066s] -- Up-to-date: /drone_space/ros2_ws/install/decision_node/lib/decision_node/decision_node
[0.066s] -- Up-to-date: /drone_space/ros2_ws/install/decision_node/share/ament_index/resource_index/package_run_dependencies/decision_node
[0.066s] -- Up-to-date: /drone_space/ros2_ws/install/decision_node/share/ament_index/resource_index/parent_prefix_path/decision_node
[0.066s] -- Up-to-date: /drone_space/ros2_ws/install/decision_node/share/decision_node/environment/ament_prefix_path.sh
[0.066s] -- Up-to-date: /drone_space/ros2_ws/install/decision_node/share/decision_node/environment/ament_prefix_path.dsv
[0.066s] -- Up-to-date: /drone_space/ros2_ws/install/decision_node/share/decision_node/environment/path.sh
[0.066s] -- Up-to-date: /drone_space/ros2_ws/install/decision_node/share/decision_node/environment/path.dsv
[0.066s] -- Up-to-date: /drone_space/ros2_ws/install/decision_node/share/decision_node/local_setup.bash
[0.066s] -- Up-to-date: /drone_space/ros2_ws/install/decision_node/share/decision_node/local_setup.sh
[0.066s] -- Up-to-date: /drone_space/ros2_ws/install/decision_node/share/decision_node/local_setup.zsh
[0.066s] -- Up-to-date: /drone_space/ros2_ws/install/decision_node/share/decision_node/local_setup.dsv
[0.066s] -- Installing: /drone_space/ros2_ws/install/decision_node/share/decision_node/package.dsv
[0.066s] -- Up-to-date: /drone_space/ros2_ws/install/decision_node/share/ament_index/resource_index/packages/decision_node
[0.067s] -- Up-to-date: /drone_space/ros2_ws/install/decision_node/share/decision_node/cmake/decision_nodeConfig.cmake
[0.067s] -- Up-to-date: /drone_space/ros2_ws/install/decision_node/share/decision_node/cmake/decision_nodeConfig-version.cmake
[0.067s] -- Up-to-date: /drone_space/ros2_ws/install/decision_node/share/decision_node/package.xml
[0.068s] Invoked command in '/drone_space/ros2_ws/build/decision_node' returned '0': CMAKE_PREFIX_PATH=/drone_space/ros2_ws/install/px4_msgs:/drone_space/install/decision_node:/drone_space/ros2_ws/install/px4_ros_com:/drone_space/ros2_ws/install/decision_node:/opt/ros/humble LD_LIBRARY_PATH=/drone_space/ros2_ws/install/px4_msgs/lib:/drone_space/ros2_ws/install/px4_ros_com/lib:/opt/ros/humble/lib/x86_64-linux-gnu:/opt/ros/humble/lib /usr/bin/cmake --install /drone_space/ros2_ws/build/decision_node
