[0.007s] Invoking command in '/drone_space/ros2_ws/build/px4_ros_com': CMAKE_PREFIX_PATH=/drone_space/ros2_ws/install/px4_msgs:/drone_space/install/decision_node:/drone_space/ros2_ws/install/px4_ros_com:/drone_space/ros2_ws/install/decision_node:/opt/ros/humble LD_LIBRARY_PATH=/drone_space/ros2_ws/install/px4_msgs/lib:/drone_space/ros2_ws/install/px4_ros_com/lib:/opt/ros/humble/lib/x86_64-linux-gnu:/opt/ros/humble/lib /usr/bin/cmake /drone_space/ros2_ws/src/px4_ros_com -DCMAKE_INSTALL_PREFIX=/drone_space/ros2_ws/install/px4_ros_com
[0.053s] -- The C compiler identification is GNU 11.4.0
[0.098s] -- The CXX compiler identification is GNU 11.4.0
[0.104s] -- Detecting C compiler ABI info
[0.168s] -- Detecting C compiler ABI info - done
[0.174s] -- Check for working C compiler: /usr/bin/cc - skipped
[0.174s] -- Detecting C compile features
[0.174s] -- Detecting C compile features - done
[0.177s] -- Detecting CXX compiler ABI info
[0.243s] -- Detecting CXX compiler ABI info - done
[0.249s] -- Check for working CXX compiler: /usr/bin/c++ - skipped
[0.249s] -- Detecting CXX compile features
[0.250s] -- Detecting CXX compile features - done
[0.251s] -- Found ament_cmake: 1.3.12 (/opt/ros/humble/share/ament_cmake/cmake)
[0.357s] -- Found Python3: /usr/bin/python3 (found version "3.10.12") found components: Interpreter 
[0.429s] -- Found builtin_interfaces: 1.2.2 (/opt/ros/humble/share/builtin_interfaces/cmake)
[0.451s] -- Found rosidl_generator_c: 3.1.8 (/opt/ros/humble/share/rosidl_generator_c/cmake)
[0.454s] -- Found rosidl_adapter: 3.1.8 (/opt/ros/humble/share/rosidl_adapter/cmake)
[0.460s] -- Found rosidl_generator_cpp: 3.1.8 (/opt/ros/humble/share/rosidl_generator_cpp/cmake)
[0.469s] -- Using all available rosidl_typesupport_c: rosidl_typesupport_fastrtps_c;rosidl_typesupport_introspection_c
[0.481s] -- Using all available rosidl_typesupport_cpp: rosidl_typesupport_fastrtps_cpp;rosidl_typesupport_introspection_cpp
[0.494s] -- Found eigen3_cmake_module: 0.1.1 (/opt/ros/humble/share/eigen3_cmake_module/cmake)
[0.497s] -- Found Eigen3: TRUE (found version "3.4.0") 
[0.498s] -- Found geometry_msgs: 4.9.0 (/opt/ros/humble/share/geometry_msgs/cmake)
[0.521s] -- Found px4_msgs: 2.0.1 (/drone_space/ros2_ws/install/px4_msgs/share/px4_msgs/cmake)
[0.533s] -- Found rclcpp: 16.0.17 (/opt/ros/humble/share/rclcpp/cmake)
[0.562s] -- Found rmw_implementation_cmake: 6.1.2 (/opt/ros/humble/share/rmw_implementation_cmake/cmake)
[0.565s] -- Found rmw_fastrtps_cpp: 6.2.9 (/opt/ros/humble/share/rmw_fastrtps_cpp/cmake)
[0.633s] -- Found OpenSSL: /usr/lib/x86_64-linux-gnu/libcrypto.so (found version "3.0.2")  
[0.647s] -- Found FastRTPS: /opt/ros/humble/include  
[0.672s] -- Using RMW implementation 'rmw_fastrtps_cpp' as default
[0.678s] -- Looking for pthread.h
[0.738s] -- Looking for pthread.h - found
[0.738s] -- Performing Test CMAKE_HAVE_LIBC_PTHREAD
[0.806s] -- Performing Test CMAKE_HAVE_LIBC_PTHREAD - Success
[0.807s] -- Found Threads: TRUE  
[0.837s] -- Found sensor_msgs: 4.9.0 (/opt/ros/humble/share/sensor_msgs/cmake)
[0.853s] -- Found rclpy: 3.3.19 (/opt/ros/humble/share/rclpy/cmake)
[0.860s] -- Found ament_lint_auto: 0.12.14 (/opt/ros/humble/share/ament_lint_auto/cmake)
[0.952s] -- Added test 'copyright' to check source files copyright and LICENSE
[0.957s] -- Added test 'cppcheck' to perform static code analysis on C / C++ code
[0.957s] -- Configured cppcheck include dirs: /drone_space/ros2_ws/src/px4_ros_com/include;$<BUILD_INTERFACE:/drone_space/ros2_ws/src/px4_ros_com/include/px4_ros_com>
[0.957s] -- Configured cppcheck exclude dirs and/or files: 
[0.961s] -- Added test 'cpplint' to check C / C++ code against the Google style
[0.961s] -- Configured cpplint exclude dirs and/or files: 
[0.962s] -- Added test 'flake8' to check Python code syntax and style conventions
[0.963s] -- Added test 'lint_cmake' to check CMake code style
[0.964s] -- Added test 'pep257' to check Python code against some of the docstring style conventions in PEP 257
[0.968s] -- Added test 'uncrustify' to check C / C++ code style
[0.968s] -- Configured uncrustify additional arguments: 
[0.969s] -- Added test 'xmllint' to check XML markup files
[0.971s] -- Configuring done
[0.990s] -- Generating done
[0.998s] -- Build files have been written to: /drone_space/ros2_ws/build/px4_ros_com
[1.006s] Invoked command in '/drone_space/ros2_ws/build/px4_ros_com' returned '0': CMAKE_PREFIX_PATH=/drone_space/ros2_ws/install/px4_msgs:/drone_space/install/decision_node:/drone_space/ros2_ws/install/px4_ros_com:/drone_space/ros2_ws/install/decision_node:/opt/ros/humble LD_LIBRARY_PATH=/drone_space/ros2_ws/install/px4_msgs/lib:/drone_space/ros2_ws/install/px4_ros_com/lib:/opt/ros/humble/lib/x86_64-linux-gnu:/opt/ros/humble/lib /usr/bin/cmake /drone_space/ros2_ws/src/px4_ros_com -DCMAKE_INSTALL_PREFIX=/drone_space/ros2_ws/install/px4_ros_com
[1.007s] Invoking command in '/drone_space/ros2_ws/build/px4_ros_com': CMAKE_PREFIX_PATH=/drone_space/ros2_ws/install/px4_msgs:/drone_space/install/decision_node:/drone_space/ros2_ws/install/px4_ros_com:/drone_space/ros2_ws/install/decision_node:/opt/ros/humble LD_LIBRARY_PATH=/drone_space/ros2_ws/install/px4_msgs/lib:/drone_space/ros2_ws/install/px4_ros_com/lib:/opt/ros/humble/lib/x86_64-linux-gnu:/opt/ros/humble/lib /usr/bin/cmake --build /drone_space/ros2_ws/build/px4_ros_com -- -j20 -l20
[1.052s] [ 16%] [32mBuilding CXX object CMakeFiles/vehicle_gps_position_listener.dir/src/examples/listeners/vehicle_gps_position_listener.cpp.o[0m
[1.052s] [ 16%] [32mBuilding CXX object CMakeFiles/frame_transforms.dir/src/lib/frame_transforms.cpp.o[0m
[1.052s] [ 25%] [32mBuilding CXX object CMakeFiles/debug_vect_advertiser.dir/src/examples/advertisers/debug_vect_advertiser.cpp.o[0m
[1.053s] [ 33%] [32mBuilding CXX object CMakeFiles/offboard_control.dir/src/examples/offboard/offboard_control.cpp.o[0m
[1.054s] [ 41%] [32mBuilding CXX object CMakeFiles/sensor_combined_listener.dir/src/examples/listeners/sensor_combined_listener.cpp.o[0m
[1.054s] [ 50%] [32mBuilding CXX object CMakeFiles/offboard_control_srv.dir/src/examples/offboard/offboard_control_srv.cpp.o[0m
[1.065s] [ 50%] Built target ament_cmake_python_copy_px4_ros_com
[1.357s] running egg_info
[1.358s] creating px4_ros_com.egg-info
[1.358s] writing px4_ros_com.egg-info/PKG-INFO
[1.358s] writing dependency_links to px4_ros_com.egg-info/dependency_links.txt
[1.358s] writing top-level names to px4_ros_com.egg-info/top_level.txt
[1.358s] writing manifest file 'px4_ros_com.egg-info/SOURCES.txt'
[1.360s] reading manifest file 'px4_ros_com.egg-info/SOURCES.txt'
[1.361s] writing manifest file 'px4_ros_com.egg-info/SOURCES.txt'
[1.396s] [ 50%] Built target ament_cmake_python_build_px4_ros_com_egg
[6.069s] [ 58%] [32m[1mLinking CXX executable debug_vect_advertiser[0m
[6.325s] [ 58%] Built target debug_vect_advertiser
[6.613s] [ 66%] [32m[1mLinking CXX executable offboard_control[0m
[6.871s] [ 66%] Built target offboard_control
[8.767s] [ 75%] [32m[1mLinking CXX shared library libframe_transforms.so[0m
[8.940s] [ 83%] [32m[1mLinking CXX executable offboard_control_srv[0m
[9.073s] [ 83%] Built target frame_transforms
[9.221s] [ 83%] Built target offboard_control_srv
[10.186s] [ 91%] [32m[1mLinking CXX executable sensor_combined_listener[0m
[10.304s] [100%] [32m[1mLinking CXX executable vehicle_gps_position_listener[0m
[10.580s] [100%] Built target sensor_combined_listener
[10.696s] [100%] Built target vehicle_gps_position_listener
[10.708s] Invoked command in '/drone_space/ros2_ws/build/px4_ros_com' returned '0': CMAKE_PREFIX_PATH=/drone_space/ros2_ws/install/px4_msgs:/drone_space/install/decision_node:/drone_space/ros2_ws/install/px4_ros_com:/drone_space/ros2_ws/install/decision_node:/opt/ros/humble LD_LIBRARY_PATH=/drone_space/ros2_ws/install/px4_msgs/lib:/drone_space/ros2_ws/install/px4_ros_com/lib:/opt/ros/humble/lib/x86_64-linux-gnu:/opt/ros/humble/lib /usr/bin/cmake --build /drone_space/ros2_ws/build/px4_ros_com -- -j20 -l20
[10.710s] Invoking command in '/drone_space/ros2_ws/build/px4_ros_com': CMAKE_PREFIX_PATH=/drone_space/ros2_ws/install/px4_msgs:/drone_space/install/decision_node:/drone_space/ros2_ws/install/px4_ros_com:/drone_space/ros2_ws/install/decision_node:/opt/ros/humble LD_LIBRARY_PATH=/drone_space/ros2_ws/install/px4_msgs/lib:/drone_space/ros2_ws/install/px4_ros_com/lib:/opt/ros/humble/lib/x86_64-linux-gnu:/opt/ros/humble/lib /usr/bin/cmake --install /drone_space/ros2_ws/build/px4_ros_com
[10.717s] -- Install configuration: ""
[10.717s] -- Installing: /drone_space/ros2_ws/install/px4_ros_com/lib/px4_ros_com/sensor_combined_listener
[10.720s] -- Set runtime path of "/drone_space/ros2_ws/install/px4_ros_com/lib/px4_ros_com/sensor_combined_listener" to ""
[10.720s] -- Installing: /drone_space/ros2_ws/install/px4_ros_com/lib/px4_ros_com/vehicle_gps_position_listener
[10.722s] -- Set runtime path of "/drone_space/ros2_ws/install/px4_ros_com/lib/px4_ros_com/vehicle_gps_position_listener" to ""
[10.722s] -- Installing: /drone_space/ros2_ws/install/px4_ros_com/lib/px4_ros_com/debug_vect_advertiser
[10.723s] -- Set runtime path of "/drone_space/ros2_ws/install/px4_ros_com/lib/px4_ros_com/debug_vect_advertiser" to ""
[10.723s] -- Installing: /drone_space/ros2_ws/install/px4_ros_com/lib/px4_ros_com/offboard_control
[10.724s] -- Set runtime path of "/drone_space/ros2_ws/install/px4_ros_com/lib/px4_ros_com/offboard_control" to ""
[10.724s] -- Installing: /drone_space/ros2_ws/install/px4_ros_com/lib/px4_ros_com/offboard_control_srv
[10.725s] -- Set runtime path of "/drone_space/ros2_ws/install/px4_ros_com/lib/px4_ros_com/offboard_control_srv" to ""
[10.726s] -- Installing: /drone_space/ros2_ws/install/px4_ros_com/share/px4_ros_com/environment/library_path.sh
[10.726s] -- Installing: /drone_space/ros2_ws/install/px4_ros_com/share/px4_ros_com/environment/library_path.dsv
[10.726s] -- Installing: /drone_space/ros2_ws/install/px4_ros_com/include/px4_ros_com
[10.726s] -- Installing: /drone_space/ros2_ws/install/px4_ros_com/include/px4_ros_com/frame_transforms.h
[10.726s] -- Installing: /drone_space/ros2_ws/install/px4_ros_com/lib/libframe_transforms.so
[10.729s] -- Set runtime path of "/drone_space/ros2_ws/install/px4_ros_com/lib/libframe_transforms.so" to ""
[10.729s] -- Installing: /drone_space/ros2_ws/install/px4_ros_com/share/px4_ros_com//launch
[10.730s] -- Installing: /drone_space/ros2_ws/install/px4_ros_com/share/px4_ros_com//launch/offboard_control_launch.yaml
[10.732s] -- Installing: /drone_space/ros2_ws/install/px4_ros_com/share/px4_ros_com//launch/sensor_combined_listener.launch.py
[10.732s] -- Installing: /drone_space/ros2_ws/install/px4_ros_com/share/px4_ros_com//test
[10.732s] -- Installing: /drone_space/ros2_ws/install/px4_ros_com/share/px4_ros_com//test/__init__.py
[10.732s] -- Installing: /drone_space/ros2_ws/install/px4_ros_com/share/px4_ros_com//test/test_output.py
[10.732s] -- Installing: /drone_space/ros2_ws/install/px4_ros_com/share/px4_ros_com//test/test_input.py
[10.732s] -- Installing: /drone_space/ros2_ws/install/px4_ros_com/share/px4_ros_com//test/pipeline_io_test.py
[10.733s] -- Installing: /drone_space/ros2_ws/install/px4_ros_com/share/px4_ros_com/environment/pythonpath.sh
[10.733s] -- Installing: /drone_space/ros2_ws/install/px4_ros_com/share/px4_ros_com/environment/pythonpath.dsv
[10.733s] -- Installing: /drone_space/ros2_ws/install/px4_ros_com/local/lib/python3.10/dist-packages/px4_ros_com-0.1.0-py3.10.egg-info
[10.733s] -- Installing: /drone_space/ros2_ws/install/px4_ros_com/local/lib/python3.10/dist-packages/px4_ros_com-0.1.0-py3.10.egg-info/top_level.txt
[10.733s] -- Installing: /drone_space/ros2_ws/install/px4_ros_com/local/lib/python3.10/dist-packages/px4_ros_com-0.1.0-py3.10.egg-info/SOURCES.txt
[10.733s] -- Installing: /drone_space/ros2_ws/install/px4_ros_com/local/lib/python3.10/dist-packages/px4_ros_com-0.1.0-py3.10.egg-info/dependency_links.txt
[10.733s] -- Installing: /drone_space/ros2_ws/install/px4_ros_com/local/lib/python3.10/dist-packages/px4_ros_com-0.1.0-py3.10.egg-info/PKG-INFO
[10.733s] -- Installing: /drone_space/ros2_ws/install/px4_ros_com/local/lib/python3.10/dist-packages/px4_ros_com
[10.734s] -- Installing: /drone_space/ros2_ws/install/px4_ros_com/local/lib/python3.10/dist-packages/px4_ros_com/module_to_import.py
[10.734s] -- Installing: /drone_space/ros2_ws/install/px4_ros_com/local/lib/python3.10/dist-packages/px4_ros_com/__init__.py
[10.768s] Listing '/drone_space/ros2_ws/install/px4_ros_com/local/lib/python3.10/dist-packages/px4_ros_com'...
[10.768s] Compiling '/drone_space/ros2_ws/install/px4_ros_com/local/lib/python3.10/dist-packages/px4_ros_com/__init__.py'...
[10.768s] Compiling '/drone_space/ros2_ws/install/px4_ros_com/local/lib/python3.10/dist-packages/px4_ros_com/module_to_import.py'...
[10.773s] -- Installing: /drone_space/ros2_ws/install/px4_ros_com/lib/px4_ros_com/offboard_control.py
[10.820s] -- Installing: /drone_space/ros2_ws/install/px4_ros_com/share/ament_index/resource_index/package_run_dependencies/px4_ros_com
[10.820s] -- Installing: /drone_space/ros2_ws/install/px4_ros_com/share/ament_index/resource_index/parent_prefix_path/px4_ros_com
[10.820s] -- Installing: /drone_space/ros2_ws/install/px4_ros_com/share/px4_ros_com/environment/ament_prefix_path.sh
[10.820s] -- Installing: /drone_space/ros2_ws/install/px4_ros_com/share/px4_ros_com/environment/ament_prefix_path.dsv
[10.821s] -- Installing: /drone_space/ros2_ws/install/px4_ros_com/share/px4_ros_com/environment/path.sh
[10.821s] -- Installing: /drone_space/ros2_ws/install/px4_ros_com/share/px4_ros_com/environment/path.dsv
[10.821s] -- Installing: /drone_space/ros2_ws/install/px4_ros_com/share/px4_ros_com/local_setup.bash
[10.821s] -- Installing: /drone_space/ros2_ws/install/px4_ros_com/share/px4_ros_com/local_setup.sh
[10.821s] -- Installing: /drone_space/ros2_ws/install/px4_ros_com/share/px4_ros_com/local_setup.zsh
[10.821s] -- Installing: /drone_space/ros2_ws/install/px4_ros_com/share/px4_ros_com/local_setup.dsv
[10.821s] -- Installing: /drone_space/ros2_ws/install/px4_ros_com/share/px4_ros_com/package.dsv
[10.822s] -- Installing: /drone_space/ros2_ws/install/px4_ros_com/share/ament_index/resource_index/packages/px4_ros_com
[10.822s] -- Installing: /drone_space/ros2_ws/install/px4_ros_com/share/px4_ros_com/cmake/export_frame_transformsExport.cmake
[10.822s] -- Installing: /drone_space/ros2_ws/install/px4_ros_com/share/px4_ros_com/cmake/export_frame_transformsExport-noconfig.cmake
[10.822s] -- Installing: /drone_space/ros2_ws/install/px4_ros_com/share/px4_ros_com/cmake/ament_cmake_export_dependencies-extras.cmake
[10.822s] -- Installing: /drone_space/ros2_ws/install/px4_ros_com/share/px4_ros_com/cmake/ament_cmake_export_targets-extras.cmake
[10.822s] -- Installing: /drone_space/ros2_ws/install/px4_ros_com/share/px4_ros_com/cmake/ament_cmake_export_include_directories-extras.cmake
[10.822s] -- Installing: /drone_space/ros2_ws/install/px4_ros_com/share/px4_ros_com/cmake/ament_cmake_export_libraries-extras.cmake
[10.822s] -- Installing: /drone_space/ros2_ws/install/px4_ros_com/share/px4_ros_com/cmake/px4_ros_comConfig.cmake
[10.823s] -- Installing: /drone_space/ros2_ws/install/px4_ros_com/share/px4_ros_com/cmake/px4_ros_comConfig-version.cmake
[10.823s] -- Installing: /drone_space/ros2_ws/install/px4_ros_com/share/px4_ros_com/package.xml
[10.825s] Invoked command in '/drone_space/ros2_ws/build/px4_ros_com' returned '0': CMAKE_PREFIX_PATH=/drone_space/ros2_ws/install/px4_msgs:/drone_space/install/decision_node:/drone_space/ros2_ws/install/px4_ros_com:/drone_space/ros2_ws/install/decision_node:/opt/ros/humble LD_LIBRARY_PATH=/drone_space/ros2_ws/install/px4_msgs/lib:/drone_space/ros2_ws/install/px4_ros_com/lib:/opt/ros/humble/lib/x86_64-linux-gnu:/opt/ros/humble/lib /usr/bin/cmake --install /drone_space/ros2_ws/build/px4_ros_com
