[0.063s] DEBUG:colcon:Command line arguments: ['/usr/bin/colcon', 'build', '--packages-select', 'decision_node']
[0.063s] DEBUG:colcon:Parsed command line arguments: Namespace(log_base=None, log_level=None, verb_name='build', build_base='build', install_base='install', merge_install=False, symlink_install=False, test_result_base=None, continue_on_error=False, executor='parallel', parallel_workers=20, event_handlers=None, ignore_user_meta=False, metas=['./colcon.meta'], base_paths=['.'], packages_ignore=None, packages_ignore_regex=None, paths=None, packages_up_to=None, packages_up_to_regex=None, packages_above=None, packages_above_and_dependencies=None, packages_above_depth=None, packages_select_by_dep=None, packages_skip_by_dep=None, packages_skip_up_to=None, packages_select_build_failed=False, packages_skip_build_finished=False, packages_select_test_failures=False, packages_skip_test_passed=False, packages_select=['decision_node'], packages_skip=None, packages_select_regex=None, packages_skip_regex=None, packages_start=None, packages_end=None, allow_overriding=[], cmake_args=None, cmake_target=None, cmake_target_skip_unavailable=False, cmake_clean_cache=False, cmake_clean_first=False, cmake_force_configure=False, ament_cmake_args=None, catkin_cmake_args=None, catkin_skip_building_tests=False, verb_parser=<colcon_defaults.argument_parser.defaults.DefaultArgumentsDecorator object at 0x78b146bc0c40>, verb_extension=<colcon_core.verb.build.BuildVerb object at 0x78b146bc0130>, main=<bound method BuildVerb.main of <colcon_core.verb.build.BuildVerb object at 0x78b146bc0130>>)
[0.133s] Level 1:colcon.colcon_core.package_discovery:discover_packages(colcon_meta) check parameters
[0.134s] Level 1:colcon.colcon_core.package_discovery:discover_packages(recursive) check parameters
[0.134s] Level 1:colcon.colcon_core.package_discovery:discover_packages(ignore) check parameters
[0.134s] Level 1:colcon.colcon_core.package_discovery:discover_packages(path) check parameters
[0.134s] Level 1:colcon.colcon_core.package_discovery:discover_packages(colcon_meta) discover
[0.134s] Level 1:colcon.colcon_core.package_discovery:discover_packages(recursive) discover
[0.134s] INFO:colcon.colcon_core.package_discovery:Crawling recursively for packages in '/drone_space/ros2_ws'
[0.134s] Level 1:colcon.colcon_core.package_identification:_identify(.) by extensions ['ignore', 'ignore_ament_install']
[0.134s] Level 1:colcon.colcon_core.package_identification:_identify(.) by extension 'ignore'
[0.134s] Level 1:colcon.colcon_core.package_identification:_identify(.) by extension 'ignore_ament_install'
[0.134s] Level 1:colcon.colcon_core.package_identification:_identify(.) by extensions ['colcon_pkg']
[0.134s] Level 1:colcon.colcon_core.package_identification:_identify(.) by extension 'colcon_pkg'
[0.134s] Level 1:colcon.colcon_core.package_identification:_identify(.) by extensions ['colcon_meta']
[0.134s] Level 1:colcon.colcon_core.package_identification:_identify(.) by extension 'colcon_meta'
[0.134s] Level 1:colcon.colcon_core.package_identification:_identify(.) by extensions ['ros']
[0.134s] Level 1:colcon.colcon_core.package_identification:_identify(.) by extension 'ros'
[0.142s] Level 1:colcon.colcon_core.package_identification:_identify(.) by extensions ['cmake', 'python']
[0.142s] Level 1:colcon.colcon_core.package_identification:_identify(.) by extension 'cmake'
[0.142s] Level 1:colcon.colcon_core.package_identification:_identify(.) by extension 'python'
[0.142s] Level 1:colcon.colcon_core.package_identification:_identify(.) by extensions ['python_setup_py']
[0.142s] Level 1:colcon.colcon_core.package_identification:_identify(.) by extension 'python_setup_py'
[0.142s] Level 1:colcon.colcon_core.package_identification:_identify(build) by extensions ['ignore', 'ignore_ament_install']
[0.142s] Level 1:colcon.colcon_core.package_identification:_identify(build) by extension 'ignore'
[0.142s] Level 1:colcon.colcon_core.package_identification:_identify(build) ignored
[0.142s] Level 1:colcon.colcon_core.package_identification:_identify(install) by extensions ['ignore', 'ignore_ament_install']
[0.142s] Level 1:colcon.colcon_core.package_identification:_identify(install) by extension 'ignore'
[0.142s] Level 1:colcon.colcon_core.package_identification:_identify(install) ignored
[0.142s] Level 1:colcon.colcon_core.package_identification:_identify(log) by extensions ['ignore', 'ignore_ament_install']
[0.142s] Level 1:colcon.colcon_core.package_identification:_identify(log) by extension 'ignore'
[0.142s] Level 1:colcon.colcon_core.package_identification:_identify(log) ignored
[0.142s] Level 1:colcon.colcon_core.package_identification:_identify(src) by extensions ['ignore', 'ignore_ament_install']
[0.142s] Level 1:colcon.colcon_core.package_identification:_identify(src) by extension 'ignore'
[0.142s] Level 1:colcon.colcon_core.package_identification:_identify(src) by extension 'ignore_ament_install'
[0.142s] Level 1:colcon.colcon_core.package_identification:_identify(src) by extensions ['colcon_pkg']
[0.142s] Level 1:colcon.colcon_core.package_identification:_identify(src) by extension 'colcon_pkg'
[0.142s] Level 1:colcon.colcon_core.package_identification:_identify(src) by extensions ['colcon_meta']
[0.142s] Level 1:colcon.colcon_core.package_identification:_identify(src) by extension 'colcon_meta'
[0.142s] Level 1:colcon.colcon_core.package_identification:_identify(src) by extensions ['ros']
[0.142s] Level 1:colcon.colcon_core.package_identification:_identify(src) by extension 'ros'
[0.142s] Level 1:colcon.colcon_core.package_identification:_identify(src) by extensions ['cmake', 'python']
[0.142s] Level 1:colcon.colcon_core.package_identification:_identify(src) by extension 'cmake'
[0.142s] Level 1:colcon.colcon_core.package_identification:_identify(src) by extension 'python'
[0.142s] Level 1:colcon.colcon_core.package_identification:_identify(src) by extensions ['python_setup_py']
[0.142s] Level 1:colcon.colcon_core.package_identification:_identify(src) by extension 'python_setup_py'
[0.143s] Level 1:colcon.colcon_core.package_identification:_identify(src/decision_node) by extensions ['ignore', 'ignore_ament_install']
[0.143s] Level 1:colcon.colcon_core.package_identification:_identify(src/decision_node) by extension 'ignore'
[0.143s] Level 1:colcon.colcon_core.package_identification:_identify(src/decision_node) by extension 'ignore_ament_install'
[0.143s] Level 1:colcon.colcon_core.package_identification:_identify(src/decision_node) by extensions ['colcon_pkg']
[0.143s] Level 1:colcon.colcon_core.package_identification:_identify(src/decision_node) by extension 'colcon_pkg'
[0.143s] Level 1:colcon.colcon_core.package_identification:_identify(src/decision_node) by extensions ['colcon_meta']
[0.143s] Level 1:colcon.colcon_core.package_identification:_identify(src/decision_node) by extension 'colcon_meta'
[0.143s] Level 1:colcon.colcon_core.package_identification:_identify(src/decision_node) by extensions ['ros']
[0.143s] Level 1:colcon.colcon_core.package_identification:_identify(src/decision_node) by extension 'ros'
[0.144s] DEBUG:colcon.colcon_core.package_identification:Package 'src/decision_node' with type 'ros.ament_cmake' and name 'decision_node'
[0.144s] Level 1:colcon.colcon_core.package_identification:_identify(src/px4_msgs) by extensions ['ignore', 'ignore_ament_install']
[0.144s] Level 1:colcon.colcon_core.package_identification:_identify(src/px4_msgs) by extension 'ignore'
[0.144s] Level 1:colcon.colcon_core.package_identification:_identify(src/px4_msgs) by extension 'ignore_ament_install'
[0.144s] Level 1:colcon.colcon_core.package_identification:_identify(src/px4_msgs) by extensions ['colcon_pkg']
[0.144s] Level 1:colcon.colcon_core.package_identification:_identify(src/px4_msgs) by extension 'colcon_pkg'
[0.144s] Level 1:colcon.colcon_core.package_identification:_identify(src/px4_msgs) by extensions ['colcon_meta']
[0.144s] Level 1:colcon.colcon_core.package_identification:_identify(src/px4_msgs) by extension 'colcon_meta'
[0.144s] Level 1:colcon.colcon_core.package_identification:_identify(src/px4_msgs) by extensions ['ros']
[0.144s] Level 1:colcon.colcon_core.package_identification:_identify(src/px4_msgs) by extension 'ros'
[0.145s] DEBUG:colcon.colcon_core.package_identification:Package 'src/px4_msgs' with type 'ros.ament_cmake' and name 'px4_msgs'
[0.145s] Level 1:colcon.colcon_core.package_identification:_identify(src/px4_ros_com) by extensions ['ignore', 'ignore_ament_install']
[0.145s] Level 1:colcon.colcon_core.package_identification:_identify(src/px4_ros_com) by extension 'ignore'
[0.145s] Level 1:colcon.colcon_core.package_identification:_identify(src/px4_ros_com) by extension 'ignore_ament_install'
[0.145s] Level 1:colcon.colcon_core.package_identification:_identify(src/px4_ros_com) by extensions ['colcon_pkg']
[0.145s] Level 1:colcon.colcon_core.package_identification:_identify(src/px4_ros_com) by extension 'colcon_pkg'
[0.145s] Level 1:colcon.colcon_core.package_identification:_identify(src/px4_ros_com) by extensions ['colcon_meta']
[0.145s] Level 1:colcon.colcon_core.package_identification:_identify(src/px4_ros_com) by extension 'colcon_meta'
[0.145s] Level 1:colcon.colcon_core.package_identification:_identify(src/px4_ros_com) by extensions ['ros']
[0.145s] Level 1:colcon.colcon_core.package_identification:_identify(src/px4_ros_com) by extension 'ros'
[0.146s] DEBUG:colcon.colcon_core.package_identification:Package 'src/px4_ros_com' with type 'ros.ament_cmake' and name 'px4_ros_com'
[0.146s] Level 1:colcon.colcon_core.package_discovery:discover_packages(recursive) using defaults
[0.146s] Level 1:colcon.colcon_core.package_discovery:discover_packages(ignore) discover
[0.146s] Level 1:colcon.colcon_core.package_discovery:discover_packages(ignore) using defaults
[0.146s] Level 1:colcon.colcon_core.package_discovery:discover_packages(path) discover
[0.146s] Level 1:colcon.colcon_core.package_discovery:discover_packages(path) using defaults
[0.161s] INFO:colcon.colcon_core.package_selection:Skipping not selected package 'px4_msgs' in 'src/px4_msgs'
[0.161s] INFO:colcon.colcon_core.package_selection:Skipping not selected package 'px4_ros_com' in 'src/px4_ros_com'
[0.161s] Level 1:colcon.colcon_core.package_discovery:discover_packages(prefix_path) check parameters
[0.161s] Level 1:colcon.colcon_core.package_discovery:discover_packages(prefix_path) discover
[0.162s] WARNING:colcon.colcon_ros.prefix_path.ament:The path '/drone_space/ros2_ws/install/decision_node' in the environment variable AMENT_PREFIX_PATH doesn't exist
[0.162s] WARNING:colcon.colcon_ros.prefix_path.catkin:The path '/drone_space/ros2_ws/install/decision_node' in the environment variable CMAKE_PREFIX_PATH doesn't exist
[0.163s] DEBUG:colcon.colcon_installed_package_information.package_discovery:Found 2 installed packages in /drone_space/ros2_ws/install
[0.163s] DEBUG:colcon.colcon_installed_package_information.package_discovery:Found 1 installed packages in /drone_space/install
[0.163s] DEBUG:colcon.colcon_installed_package_information.package_discovery:Found 183 installed packages in /opt/ros/humble
[0.164s] Level 1:colcon.colcon_core.package_discovery:discover_packages(prefix_path) using defaults
[0.178s] Level 5:colcon.colcon_core.verb:set package 'decision_node' build argument 'cmake_args' from command line to 'None'
[0.178s] Level 5:colcon.colcon_core.verb:set package 'decision_node' build argument 'cmake_target' from command line to 'None'
[0.178s] Level 5:colcon.colcon_core.verb:set package 'decision_node' build argument 'cmake_target_skip_unavailable' from command line to 'False'
[0.178s] Level 5:colcon.colcon_core.verb:set package 'decision_node' build argument 'cmake_clean_cache' from command line to 'False'
[0.178s] Level 5:colcon.colcon_core.verb:set package 'decision_node' build argument 'cmake_clean_first' from command line to 'False'
[0.178s] Level 5:colcon.colcon_core.verb:set package 'decision_node' build argument 'cmake_force_configure' from command line to 'False'
[0.178s] Level 5:colcon.colcon_core.verb:set package 'decision_node' build argument 'ament_cmake_args' from command line to 'None'
[0.178s] Level 5:colcon.colcon_core.verb:set package 'decision_node' build argument 'catkin_cmake_args' from command line to 'None'
[0.178s] Level 5:colcon.colcon_core.verb:set package 'decision_node' build argument 'catkin_skip_building_tests' from command line to 'False'
[0.178s] DEBUG:colcon.colcon_core.verb:Building package 'decision_node' with the following arguments: {'ament_cmake_args': None, 'build_base': '/drone_space/ros2_ws/build/decision_node', 'catkin_cmake_args': None, 'catkin_skip_building_tests': False, 'cmake_args': None, 'cmake_clean_cache': False, 'cmake_clean_first': False, 'cmake_force_configure': False, 'cmake_target': None, 'cmake_target_skip_unavailable': False, 'install_base': '/drone_space/ros2_ws/install/decision_node', 'merge_install': False, 'path': '/drone_space/ros2_ws/src/decision_node', 'symlink_install': False, 'test_result_base': None}
[0.179s] INFO:colcon.colcon_core.executor:Executing jobs using 'parallel' executor
[0.179s] DEBUG:colcon.colcon_parallel_executor.executor.parallel:run_until_complete
[0.180s] INFO:colcon.colcon_ros.task.ament_cmake.build:Building ROS package in '/drone_space/ros2_ws/src/decision_node' with build type 'ament_cmake'
[0.180s] INFO:colcon.colcon_cmake.task.cmake.build:Building CMake package in '/drone_space/ros2_ws/src/decision_node'
[0.182s] INFO:colcon.colcon_core.plugin_system:Skipping extension 'colcon_core.shell.bat': Not used on non-Windows systems
[0.182s] INFO:colcon.colcon_core.shell:Skip shell extension 'powershell' for command environment: Not usable outside of PowerShell
[0.182s] DEBUG:colcon.colcon_core.shell:Skip shell extension 'dsv' for command environment
[0.191s] DEBUG:colcon.colcon_core.event_handler.log_command:Invoking command in '/drone_space/ros2_ws/build/decision_node': CMAKE_PREFIX_PATH=/drone_space/ros2_ws/install/px4_msgs:/drone_space/install/decision_node:/drone_space/ros2_ws/install/px4_ros_com:/drone_space/ros2_ws/install/decision_node:/opt/ros/humble LD_LIBRARY_PATH=/drone_space/ros2_ws/install/px4_msgs/lib:/drone_space/ros2_ws/install/px4_ros_com/lib:/opt/ros/humble/lib/x86_64-linux-gnu:/opt/ros/humble/lib /usr/bin/cmake /drone_space/ros2_ws/src/decision_node -DCMAKE_INSTALL_PREFIX=/drone_space/ros2_ws/install/decision_node
[1.018s] DEBUG:colcon.colcon_core.event_handler.log_command:Invoked command in '/drone_space/ros2_ws/build/decision_node' returned '0': CMAKE_PREFIX_PATH=/drone_space/ros2_ws/install/px4_msgs:/drone_space/install/decision_node:/drone_space/ros2_ws/install/px4_ros_com:/drone_space/ros2_ws/install/decision_node:/opt/ros/humble LD_LIBRARY_PATH=/drone_space/ros2_ws/install/px4_msgs/lib:/drone_space/ros2_ws/install/px4_ros_com/lib:/opt/ros/humble/lib/x86_64-linux-gnu:/opt/ros/humble/lib /usr/bin/cmake /drone_space/ros2_ws/src/decision_node -DCMAKE_INSTALL_PREFIX=/drone_space/ros2_ws/install/decision_node
[1.020s] DEBUG:colcon.colcon_core.event_handler.log_command:Invoking command in '/drone_space/ros2_ws/build/decision_node': CMAKE_PREFIX_PATH=/drone_space/ros2_ws/install/px4_msgs:/drone_space/install/decision_node:/drone_space/ros2_ws/install/px4_ros_com:/drone_space/ros2_ws/install/decision_node:/opt/ros/humble LD_LIBRARY_PATH=/drone_space/ros2_ws/install/px4_msgs/lib:/drone_space/ros2_ws/install/px4_ros_com/lib:/opt/ros/humble/lib/x86_64-linux-gnu:/opt/ros/humble/lib /usr/bin/cmake --build /drone_space/ros2_ws/build/decision_node -- -j20 -l20
[9.289s] DEBUG:colcon.colcon_core.event_handler.log_command:Invoked command in '/drone_space/ros2_ws/build/decision_node' returned '0': CMAKE_PREFIX_PATH=/drone_space/ros2_ws/install/px4_msgs:/drone_space/install/decision_node:/drone_space/ros2_ws/install/px4_ros_com:/drone_space/ros2_ws/install/decision_node:/opt/ros/humble LD_LIBRARY_PATH=/drone_space/ros2_ws/install/px4_msgs/lib:/drone_space/ros2_ws/install/px4_ros_com/lib:/opt/ros/humble/lib/x86_64-linux-gnu:/opt/ros/humble/lib /usr/bin/cmake --build /drone_space/ros2_ws/build/decision_node -- -j20 -l20
[9.297s] DEBUG:colcon.colcon_core.event_handler.log_command:Invoking command in '/drone_space/ros2_ws/build/decision_node': CMAKE_PREFIX_PATH=/drone_space/ros2_ws/install/px4_msgs:/drone_space/install/decision_node:/drone_space/ros2_ws/install/px4_ros_com:/drone_space/ros2_ws/install/decision_node:/opt/ros/humble LD_LIBRARY_PATH=/drone_space/ros2_ws/install/px4_msgs/lib:/drone_space/ros2_ws/install/px4_ros_com/lib:/opt/ros/humble/lib/x86_64-linux-gnu:/opt/ros/humble/lib /usr/bin/cmake --install /drone_space/ros2_ws/build/decision_node
[9.315s] Level 1:colcon.colcon_core.environment:create_environment_scripts_only(decision_node)
[9.316s] DEBUG:colcon.colcon_core.event_handler.log_command:Invoked command in '/drone_space/ros2_ws/build/decision_node' returned '0': CMAKE_PREFIX_PATH=/drone_space/ros2_ws/install/px4_msgs:/drone_space/install/decision_node:/drone_space/ros2_ws/install/px4_ros_com:/drone_space/ros2_ws/install/decision_node:/opt/ros/humble LD_LIBRARY_PATH=/drone_space/ros2_ws/install/px4_msgs/lib:/drone_space/ros2_ws/install/px4_ros_com/lib:/opt/ros/humble/lib/x86_64-linux-gnu:/opt/ros/humble/lib /usr/bin/cmake --install /drone_space/ros2_ws/build/decision_node
[9.317s] Level 1:colcon.colcon_core.environment:checking '/drone_space/ros2_ws/install/decision_node' for CMake module files
[9.327s] Level 1:colcon.colcon_core.environment:checking '/drone_space/ros2_ws/install/decision_node' for CMake config files
[9.327s] Level 1:colcon.colcon_core.shell:create_environment_hook('decision_node', 'cmake_prefix_path')
[9.327s] INFO:colcon.colcon_core.shell:Creating environment hook '/drone_space/ros2_ws/install/decision_node/share/decision_node/hook/cmake_prefix_path.ps1'
[9.328s] INFO:colcon.colcon_core.shell:Creating environment descriptor '/drone_space/ros2_ws/install/decision_node/share/decision_node/hook/cmake_prefix_path.dsv'
[9.328s] INFO:colcon.colcon_core.shell:Creating environment hook '/drone_space/ros2_ws/install/decision_node/share/decision_node/hook/cmake_prefix_path.sh'
[9.328s] Level 1:colcon.colcon_core.environment:checking '/drone_space/ros2_ws/install/decision_node/lib'
[9.329s] Level 1:colcon.colcon_core.environment:checking '/drone_space/ros2_ws/install/decision_node/bin'
[9.329s] Level 1:colcon.colcon_core.environment:checking '/drone_space/ros2_ws/install/decision_node/lib/pkgconfig/decision_node.pc'
[9.329s] Level 1:colcon.colcon_core.environment:checking '/drone_space/ros2_ws/install/decision_node/lib/python3.10/site-packages'
[9.329s] Level 1:colcon.colcon_core.environment:checking '/drone_space/ros2_ws/install/decision_node/bin'
[9.329s] INFO:colcon.colcon_core.shell:Creating package script '/drone_space/ros2_ws/install/decision_node/share/decision_node/package.ps1'
[9.330s] INFO:colcon.colcon_core.shell:Creating package descriptor '/drone_space/ros2_ws/install/decision_node/share/decision_node/package.dsv'
[9.330s] INFO:colcon.colcon_core.shell:Creating package script '/drone_space/ros2_ws/install/decision_node/share/decision_node/package.sh'
[9.331s] INFO:colcon.colcon_core.shell:Creating package script '/drone_space/ros2_ws/install/decision_node/share/decision_node/package.bash'
[9.331s] INFO:colcon.colcon_core.shell:Creating package script '/drone_space/ros2_ws/install/decision_node/share/decision_node/package.zsh'
[9.331s] Level 1:colcon.colcon_core.environment:create_file_with_runtime_dependencies(/drone_space/ros2_ws/install/decision_node/share/colcon-core/packages/decision_node)
[9.332s] Level 1:colcon.colcon_core.environment:create_environment_scripts_only(decision_node)
[9.332s] Level 1:colcon.colcon_core.environment:checking '/drone_space/ros2_ws/install/decision_node' for CMake module files
[9.332s] Level 1:colcon.colcon_core.environment:checking '/drone_space/ros2_ws/install/decision_node' for CMake config files
[9.332s] Level 1:colcon.colcon_core.shell:create_environment_hook('decision_node', 'cmake_prefix_path')
[9.332s] INFO:colcon.colcon_core.shell:Creating environment hook '/drone_space/ros2_ws/install/decision_node/share/decision_node/hook/cmake_prefix_path.ps1'
[9.333s] INFO:colcon.colcon_core.shell:Creating environment descriptor '/drone_space/ros2_ws/install/decision_node/share/decision_node/hook/cmake_prefix_path.dsv'
[9.333s] INFO:colcon.colcon_core.shell:Creating environment hook '/drone_space/ros2_ws/install/decision_node/share/decision_node/hook/cmake_prefix_path.sh'
[9.333s] Level 1:colcon.colcon_core.environment:checking '/drone_space/ros2_ws/install/decision_node/lib'
[9.333s] Level 1:colcon.colcon_core.environment:checking '/drone_space/ros2_ws/install/decision_node/bin'
[9.333s] Level 1:colcon.colcon_core.environment:checking '/drone_space/ros2_ws/install/decision_node/lib/pkgconfig/decision_node.pc'
[9.333s] Level 1:colcon.colcon_core.environment:checking '/drone_space/ros2_ws/install/decision_node/lib/python3.10/site-packages'
[9.333s] Level 1:colcon.colcon_core.environment:checking '/drone_space/ros2_ws/install/decision_node/bin'
[9.334s] INFO:colcon.colcon_core.shell:Creating package script '/drone_space/ros2_ws/install/decision_node/share/decision_node/package.ps1'
[9.334s] INFO:colcon.colcon_core.shell:Creating package descriptor '/drone_space/ros2_ws/install/decision_node/share/decision_node/package.dsv'
[9.334s] INFO:colcon.colcon_core.shell:Creating package script '/drone_space/ros2_ws/install/decision_node/share/decision_node/package.sh'
[9.334s] INFO:colcon.colcon_core.shell:Creating package script '/drone_space/ros2_ws/install/decision_node/share/decision_node/package.bash'
[9.335s] INFO:colcon.colcon_core.shell:Creating package script '/drone_space/ros2_ws/install/decision_node/share/decision_node/package.zsh'
[9.335s] Level 1:colcon.colcon_core.environment:create_file_with_runtime_dependencies(/drone_space/ros2_ws/install/decision_node/share/colcon-core/packages/decision_node)
[9.335s] DEBUG:colcon.colcon_parallel_executor.executor.parallel:closing loop
[9.335s] DEBUG:colcon.colcon_parallel_executor.executor.parallel:loop closed
[9.335s] DEBUG:colcon.colcon_parallel_executor.executor.parallel:run_until_complete finished with '0'
[9.335s] DEBUG:colcon.colcon_core.event_reactor:joining thread
[9.339s] INFO:colcon.colcon_core.plugin_system:Skipping extension 'colcon_notification.desktop_notification.notify_send': Could not find 'notify-send'
[9.339s] INFO:colcon.colcon_core.plugin_system:Skipping extension 'colcon_notification.desktop_notification.terminal_notifier': Not used on non-Darwin systems
[9.339s] INFO:colcon.colcon_core.plugin_system:Skipping extension 'colcon_notification.desktop_notification.win32': Not used on non-Windows systems
[9.339s] INFO:colcon.colcon_notification.desktop_notification:Sending desktop notification using 'notify2'
[9.339s] DEBUG:colcon.colcon_notification.desktop_notification.notify2:Failed to initialize notify2: org.freedesktop.DBus.Error.NotSupported: Unable to autolaunch a dbus-daemon without a $DISPLAY for X11
[9.339s] DEBUG:colcon.colcon_core.event_reactor:joined thread
[9.339s] INFO:colcon.colcon_core.shell:Creating prefix script '/drone_space/ros2_ws/install/local_setup.ps1'
[9.340s] INFO:colcon.colcon_core.shell:Creating prefix util module '/drone_space/ros2_ws/install/_local_setup_util_ps1.py'
[9.341s] INFO:colcon.colcon_core.shell:Creating prefix chain script '/drone_space/ros2_ws/install/setup.ps1'
[9.342s] INFO:colcon.colcon_core.shell:Creating prefix script '/drone_space/ros2_ws/install/local_setup.sh'
[9.342s] INFO:colcon.colcon_core.shell:Creating prefix util module '/drone_space/ros2_ws/install/_local_setup_util_sh.py'
[9.342s] INFO:colcon.colcon_core.shell:Creating prefix chain script '/drone_space/ros2_ws/install/setup.sh'
[9.343s] INFO:colcon.colcon_core.shell:Creating prefix script '/drone_space/ros2_ws/install/local_setup.bash'
[9.343s] INFO:colcon.colcon_core.shell:Creating prefix chain script '/drone_space/ros2_ws/install/setup.bash'
[9.344s] INFO:colcon.colcon_core.shell:Creating prefix script '/drone_space/ros2_ws/install/local_setup.zsh'
[9.344s] INFO:colcon.colcon_core.shell:Creating prefix chain script '/drone_space/ros2_ws/install/setup.zsh'
