[0.005s] Invoking command in '/drone_space/build/decision_node': CMAKE_PREFIX_PATH=/opt/ros/humble /usr/bin/cmake /drone_space/src/decision_node -DCMAKE_INSTALL_PREFIX=/drone_space/install/decision_node
[0.077s] -- The C compiler identification is GNU 11.4.0
[0.142s] -- The CXX compiler identification is GNU 11.4.0
[0.150s] -- Detecting C compiler ABI info
[0.229s] -- Detecting C compiler ABI info - done
[0.238s] -- Check for working C compiler: /usr/bin/cc - skipped
[0.238s] -- Detecting C compile features
[0.239s] -- Detecting C compile features - done
[0.242s] -- Detecting CXX compiler ABI info
[0.331s] -- Detecting CXX compiler ABI info - done
[0.340s] -- Check for working CXX compiler: /usr/bin/c++ - skipped
[0.340s] -- Detecting CXX compile features
[0.341s] -- Detecting CXX compile features - done
[0.343s] -- Found ament_cmake: 1.3.12 (/opt/ros/humble/share/ament_cmake/cmake)
[0.473s] -- Found Python3: /usr/bin/python3 (found version "3.10.12") found components: Interpreter 
[0.576s] -- Found ament_lint_auto: 0.12.14 (/opt/ros/humble/share/ament_lint_auto/cmake)
[0.669s] -- Added test 'cppcheck' to perform static code analysis on C / C++ code
[0.669s] -- Configured cppcheck include dirs: 
[0.669s] -- Configured cppcheck exclude dirs and/or files: 
[0.670s] -- Added test 'lint_cmake' to check CMake code style
[0.670s] -- Added test 'uncrustify' to check C / C++ code style
[0.670s] -- Configured uncrustify additional arguments: 
[0.671s] -- Added test 'xmllint' to check XML markup files
[0.672s] -- Configuring done
[0.674s] -- Generating done
[0.676s] -- Build files have been written to: /drone_space/build/decision_node
[0.681s] Invoked command in '/drone_space/build/decision_node' returned '0': CMAKE_PREFIX_PATH=/opt/ros/humble /usr/bin/cmake /drone_space/src/decision_node -DCMAKE_INSTALL_PREFIX=/drone_space/install/decision_node
[0.682s] Invoking command in '/drone_space/build/decision_node': CMAKE_PREFIX_PATH=/opt/ros/humble /usr/bin/cmake --build /drone_space/build/decision_node -- -j20 -l20
[0.725s] Invoked command in '/drone_space/build/decision_node' returned '0': CMAKE_PREFIX_PATH=/opt/ros/humble /usr/bin/cmake --build /drone_space/build/decision_node -- -j20 -l20
[0.735s] Invoking command in '/drone_space/build/decision_node': CMAKE_PREFIX_PATH=/opt/ros/humble /usr/bin/cmake --install /drone_space/build/decision_node
[0.745s] -- Install configuration: ""
[0.745s] -- Installing: /drone_space/install/decision_node/share/ament_index/resource_index/package_run_dependencies/decision_node
[0.745s] -- Installing: /drone_space/install/decision_node/share/ament_index/resource_index/parent_prefix_path/decision_node
[0.745s] -- Installing: /drone_space/install/decision_node/share/decision_node/environment/ament_prefix_path.sh
[0.745s] -- Installing: /drone_space/install/decision_node/share/decision_node/environment/ament_prefix_path.dsv
[0.745s] -- Installing: /drone_space/install/decision_node/share/decision_node/environment/path.sh
[0.745s] -- Installing: /drone_space/install/decision_node/share/decision_node/environment/path.dsv
[0.745s] -- Installing: /drone_space/install/decision_node/share/decision_node/local_setup.bash
[0.746s] -- Installing: /drone_space/install/decision_node/share/decision_node/local_setup.sh
[0.746s] -- Installing: /drone_space/install/decision_node/share/decision_node/local_setup.zsh
[0.746s] -- Installing: /drone_space/install/decision_node/share/decision_node/local_setup.dsv
[0.746s] -- Installing: /drone_space/install/decision_node/share/decision_node/package.dsv
[0.746s] -- Installing: /drone_space/install/decision_node/share/ament_index/resource_index/packages/decision_node
[0.746s] -- Installing: /drone_space/install/decision_node/share/decision_node/cmake/decision_nodeConfig.cmake
[0.747s] -- Installing: /drone_space/install/decision_node/share/decision_node/cmake/decision_nodeConfig-version.cmake
[0.747s] -- Installing: /drone_space/install/decision_node/share/decision_node/package.xml
[0.749s] Invoked command in '/drone_space/build/decision_node' returned '0': CMAKE_PREFIX_PATH=/opt/ros/humble /usr/bin/cmake --install /drone_space/build/decision_node
