[0.232s] DEBUG:colcon:Command line arguments: ['/usr/bin/colcon', 'build']
[0.232s] DEBUG:colcon:Parsed command line arguments: Namespace(log_base=None, log_level=None, verb_name='build', build_base='build', install_base='install', merge_install=False, symlink_install=False, test_result_base=None, continue_on_error=False, executor='parallel', parallel_workers=20, event_handlers=None, ignore_user_meta=False, metas=['./colcon.meta'], base_paths=['.'], packages_ignore=None, packages_ignore_regex=None, paths=None, packages_up_to=None, packages_up_to_regex=None, packages_above=None, packages_above_and_dependencies=None, packages_above_depth=None, packages_select_by_dep=None, packages_skip_by_dep=None, packages_skip_up_to=None, packages_select_build_failed=False, packages_skip_build_finished=False, packages_select_test_failures=False, packages_skip_test_passed=False, packages_select=None, packages_skip=None, packages_select_regex=None, packages_skip_regex=None, packages_start=None, packages_end=None, allow_overriding=[], cmake_args=None, cmake_target=None, cmake_target_skip_unavailable=False, cmake_clean_cache=False, cmake_clean_first=False, cmake_force_configure=False, ament_cmake_args=None, catkin_cmake_args=None, catkin_skip_building_tests=False, verb_parser=<colcon_defaults.argument_parser.defaults.DefaultArgumentsDecorator object at 0x78cd96c1ce80>, verb_extension=<colcon_core.verb.build.BuildVerb object at 0x78cd96c1c040>, main=<bound method BuildVerb.main of <colcon_core.verb.build.BuildVerb object at 0x78cd96c1c040>>)
[0.354s] Level 1:colcon.colcon_core.package_discovery:discover_packages(colcon_meta) check parameters
[0.354s] Level 1:colcon.colcon_core.package_discovery:discover_packages(recursive) check parameters
[0.354s] Level 1:colcon.colcon_core.package_discovery:discover_packages(ignore) check parameters
[0.354s] Level 1:colcon.colcon_core.package_discovery:discover_packages(path) check parameters
[0.354s] Level 1:colcon.colcon_core.package_discovery:discover_packages(colcon_meta) discover
[0.354s] Level 1:colcon.colcon_core.package_discovery:discover_packages(recursive) discover
[0.354s] INFO:colcon.colcon_core.package_discovery:Crawling recursively for packages in '/drone_space/ros2_ws'
[0.354s] Level 1:colcon.colcon_core.package_identification:_identify(.) by extensions ['ignore', 'ignore_ament_install']
[0.354s] Level 1:colcon.colcon_core.package_identification:_identify(.) by extension 'ignore'
[0.354s] Level 1:colcon.colcon_core.package_identification:_identify(.) by extension 'ignore_ament_install'
[0.354s] Level 1:colcon.colcon_core.package_identification:_identify(.) by extensions ['colcon_pkg']
[0.354s] Level 1:colcon.colcon_core.package_identification:_identify(.) by extension 'colcon_pkg'
[0.354s] Level 1:colcon.colcon_core.package_identification:_identify(.) by extensions ['colcon_meta']
[0.354s] Level 1:colcon.colcon_core.package_identification:_identify(.) by extension 'colcon_meta'
[0.355s] Level 1:colcon.colcon_core.package_identification:_identify(.) by extensions ['ros']
[0.355s] Level 1:colcon.colcon_core.package_identification:_identify(.) by extension 'ros'
[0.369s] Level 1:colcon.colcon_core.package_identification:_identify(.) by extensions ['cmake', 'python']
[0.369s] Level 1:colcon.colcon_core.package_identification:_identify(.) by extension 'cmake'
[0.369s] Level 1:colcon.colcon_core.package_identification:_identify(.) by extension 'python'
[0.369s] Level 1:colcon.colcon_core.package_identification:_identify(.) by extensions ['python_setup_py']
[0.369s] Level 1:colcon.colcon_core.package_identification:_identify(.) by extension 'python_setup_py'
[0.369s] Level 1:colcon.colcon_core.package_identification:_identify(build) by extensions ['ignore', 'ignore_ament_install']
[0.369s] Level 1:colcon.colcon_core.package_identification:_identify(build) by extension 'ignore'
[0.369s] Level 1:colcon.colcon_core.package_identification:_identify(build) ignored
[0.369s] Level 1:colcon.colcon_core.package_identification:_identify(install) by extensions ['ignore', 'ignore_ament_install']
[0.369s] Level 1:colcon.colcon_core.package_identification:_identify(install) by extension 'ignore'
[0.369s] Level 1:colcon.colcon_core.package_identification:_identify(install) ignored
[0.370s] Level 1:colcon.colcon_core.package_identification:_identify(log) by extensions ['ignore', 'ignore_ament_install']
[0.370s] Level 1:colcon.colcon_core.package_identification:_identify(log) by extension 'ignore'
[0.370s] Level 1:colcon.colcon_core.package_identification:_identify(log) ignored
[0.370s] Level 1:colcon.colcon_core.package_identification:_identify(src) by extensions ['ignore', 'ignore_ament_install']
[0.370s] Level 1:colcon.colcon_core.package_identification:_identify(src) by extension 'ignore'
[0.370s] Level 1:colcon.colcon_core.package_identification:_identify(src) by extension 'ignore_ament_install'
[0.370s] Level 1:colcon.colcon_core.package_identification:_identify(src) by extensions ['colcon_pkg']
[0.370s] Level 1:colcon.colcon_core.package_identification:_identify(src) by extension 'colcon_pkg'
[0.370s] Level 1:colcon.colcon_core.package_identification:_identify(src) by extensions ['colcon_meta']
[0.370s] Level 1:colcon.colcon_core.package_identification:_identify(src) by extension 'colcon_meta'
[0.370s] Level 1:colcon.colcon_core.package_identification:_identify(src) by extensions ['ros']
[0.370s] Level 1:colcon.colcon_core.package_identification:_identify(src) by extension 'ros'
[0.370s] Level 1:colcon.colcon_core.package_identification:_identify(src) by extensions ['cmake', 'python']
[0.370s] Level 1:colcon.colcon_core.package_identification:_identify(src) by extension 'cmake'
[0.370s] Level 1:colcon.colcon_core.package_identification:_identify(src) by extension 'python'
[0.370s] Level 1:colcon.colcon_core.package_identification:_identify(src) by extensions ['python_setup_py']
[0.370s] Level 1:colcon.colcon_core.package_identification:_identify(src) by extension 'python_setup_py'
[0.370s] Level 1:colcon.colcon_core.package_identification:_identify(src/decision_node) by extensions ['ignore', 'ignore_ament_install']
[0.370s] Level 1:colcon.colcon_core.package_identification:_identify(src/decision_node) by extension 'ignore'
[0.370s] Level 1:colcon.colcon_core.package_identification:_identify(src/decision_node) by extension 'ignore_ament_install'
[0.370s] Level 1:colcon.colcon_core.package_identification:_identify(src/decision_node) by extensions ['colcon_pkg']
[0.370s] Level 1:colcon.colcon_core.package_identification:_identify(src/decision_node) by extension 'colcon_pkg'
[0.370s] Level 1:colcon.colcon_core.package_identification:_identify(src/decision_node) by extensions ['colcon_meta']
[0.370s] Level 1:colcon.colcon_core.package_identification:_identify(src/decision_node) by extension 'colcon_meta'
[0.370s] Level 1:colcon.colcon_core.package_identification:_identify(src/decision_node) by extensions ['ros']
[0.370s] Level 1:colcon.colcon_core.package_identification:_identify(src/decision_node) by extension 'ros'
[0.373s] DEBUG:colcon.colcon_core.package_identification:Package 'src/decision_node' with type 'ros.ament_cmake' and name 'decision_node'
[0.373s] Level 1:colcon.colcon_core.package_identification:_identify(src/px4_msgs) by extensions ['ignore', 'ignore_ament_install']
[0.373s] Level 1:colcon.colcon_core.package_identification:_identify(src/px4_msgs) by extension 'ignore'
[0.373s] Level 1:colcon.colcon_core.package_identification:_identify(src/px4_msgs) by extension 'ignore_ament_install'
[0.373s] Level 1:colcon.colcon_core.package_identification:_identify(src/px4_msgs) by extensions ['colcon_pkg']
[0.373s] Level 1:colcon.colcon_core.package_identification:_identify(src/px4_msgs) by extension 'colcon_pkg'
[0.373s] Level 1:colcon.colcon_core.package_identification:_identify(src/px4_msgs) by extensions ['colcon_meta']
[0.373s] Level 1:colcon.colcon_core.package_identification:_identify(src/px4_msgs) by extension 'colcon_meta'
[0.373s] Level 1:colcon.colcon_core.package_identification:_identify(src/px4_msgs) by extensions ['ros']
[0.373s] Level 1:colcon.colcon_core.package_identification:_identify(src/px4_msgs) by extension 'ros'
[0.374s] DEBUG:colcon.colcon_core.package_identification:Package 'src/px4_msgs' with type 'ros.ament_cmake' and name 'px4_msgs'
[0.374s] Level 1:colcon.colcon_core.package_identification:_identify(src/px4_ros_com) by extensions ['ignore', 'ignore_ament_install']
[0.374s] Level 1:colcon.colcon_core.package_identification:_identify(src/px4_ros_com) by extension 'ignore'
[0.374s] Level 1:colcon.colcon_core.package_identification:_identify(src/px4_ros_com) by extension 'ignore_ament_install'
[0.374s] Level 1:colcon.colcon_core.package_identification:_identify(src/px4_ros_com) by extensions ['colcon_pkg']
[0.374s] Level 1:colcon.colcon_core.package_identification:_identify(src/px4_ros_com) by extension 'colcon_pkg'
[0.374s] Level 1:colcon.colcon_core.package_identification:_identify(src/px4_ros_com) by extensions ['colcon_meta']
[0.374s] Level 1:colcon.colcon_core.package_identification:_identify(src/px4_ros_com) by extension 'colcon_meta'
[0.374s] Level 1:colcon.colcon_core.package_identification:_identify(src/px4_ros_com) by extensions ['ros']
[0.374s] Level 1:colcon.colcon_core.package_identification:_identify(src/px4_ros_com) by extension 'ros'
[0.375s] DEBUG:colcon.colcon_core.package_identification:Package 'src/px4_ros_com' with type 'ros.ament_cmake' and name 'px4_ros_com'
[0.375s] Level 1:colcon.colcon_core.package_discovery:discover_packages(recursive) using defaults
[0.375s] Level 1:colcon.colcon_core.package_discovery:discover_packages(ignore) discover
[0.375s] Level 1:colcon.colcon_core.package_discovery:discover_packages(ignore) using defaults
[0.375s] Level 1:colcon.colcon_core.package_discovery:discover_packages(path) discover
[0.375s] Level 1:colcon.colcon_core.package_discovery:discover_packages(path) using defaults
[0.397s] Level 1:colcon.colcon_core.package_discovery:discover_packages(prefix_path) check parameters
[0.397s] Level 1:colcon.colcon_core.package_discovery:discover_packages(prefix_path) discover
[0.400s] DEBUG:colcon.colcon_installed_package_information.package_discovery:Found 3 installed packages in /drone_space/ros2_ws/install
[0.400s] DEBUG:colcon.colcon_installed_package_information.package_discovery:Found 2 installed packages in /drone_space/install
[0.401s] DEBUG:colcon.colcon_installed_package_information.package_discovery:Found 183 installed packages in /opt/ros/humble
[0.402s] Level 1:colcon.colcon_core.package_discovery:discover_packages(prefix_path) using defaults
[0.424s] Level 5:colcon.colcon_core.verb:set package 'px4_msgs' build argument 'cmake_args' from command line to 'None'
[0.424s] Level 5:colcon.colcon_core.verb:set package 'px4_msgs' build argument 'cmake_target' from command line to 'None'
[0.424s] Level 5:colcon.colcon_core.verb:set package 'px4_msgs' build argument 'cmake_target_skip_unavailable' from command line to 'False'
[0.424s] Level 5:colcon.colcon_core.verb:set package 'px4_msgs' build argument 'cmake_clean_cache' from command line to 'False'
[0.424s] Level 5:colcon.colcon_core.verb:set package 'px4_msgs' build argument 'cmake_clean_first' from command line to 'False'
[0.424s] Level 5:colcon.colcon_core.verb:set package 'px4_msgs' build argument 'cmake_force_configure' from command line to 'False'
[0.424s] Level 5:colcon.colcon_core.verb:set package 'px4_msgs' build argument 'ament_cmake_args' from command line to 'None'
[0.424s] Level 5:colcon.colcon_core.verb:set package 'px4_msgs' build argument 'catkin_cmake_args' from command line to 'None'
[0.424s] Level 5:colcon.colcon_core.verb:set package 'px4_msgs' build argument 'catkin_skip_building_tests' from command line to 'False'
[0.424s] DEBUG:colcon.colcon_core.verb:Building package 'px4_msgs' with the following arguments: {'ament_cmake_args': None, 'build_base': '/drone_space/ros2_ws/build/px4_msgs', 'catkin_cmake_args': None, 'catkin_skip_building_tests': False, 'cmake_args': None, 'cmake_clean_cache': False, 'cmake_clean_first': False, 'cmake_force_configure': False, 'cmake_target': None, 'cmake_target_skip_unavailable': False, 'install_base': '/drone_space/ros2_ws/install/px4_msgs', 'merge_install': False, 'path': '/drone_space/ros2_ws/src/px4_msgs', 'symlink_install': False, 'test_result_base': None}
[0.424s] Level 5:colcon.colcon_core.verb:set package 'decision_node' build argument 'cmake_args' from command line to 'None'
[0.424s] Level 5:colcon.colcon_core.verb:set package 'decision_node' build argument 'cmake_target' from command line to 'None'
[0.424s] Level 5:colcon.colcon_core.verb:set package 'decision_node' build argument 'cmake_target_skip_unavailable' from command line to 'False'
[0.424s] Level 5:colcon.colcon_core.verb:set package 'decision_node' build argument 'cmake_clean_cache' from command line to 'False'
[0.424s] Level 5:colcon.colcon_core.verb:set package 'decision_node' build argument 'cmake_clean_first' from command line to 'False'
[0.424s] Level 5:colcon.colcon_core.verb:set package 'decision_node' build argument 'cmake_force_configure' from command line to 'False'
[0.424s] Level 5:colcon.colcon_core.verb:set package 'decision_node' build argument 'ament_cmake_args' from command line to 'None'
[0.424s] Level 5:colcon.colcon_core.verb:set package 'decision_node' build argument 'catkin_cmake_args' from command line to 'None'
[0.424s] Level 5:colcon.colcon_core.verb:set package 'decision_node' build argument 'catkin_skip_building_tests' from command line to 'False'
[0.424s] DEBUG:colcon.colcon_core.verb:Building package 'decision_node' with the following arguments: {'ament_cmake_args': None, 'build_base': '/drone_space/ros2_ws/build/decision_node', 'catkin_cmake_args': None, 'catkin_skip_building_tests': False, 'cmake_args': None, 'cmake_clean_cache': False, 'cmake_clean_first': False, 'cmake_force_configure': False, 'cmake_target': None, 'cmake_target_skip_unavailable': False, 'install_base': '/drone_space/ros2_ws/install/decision_node', 'merge_install': False, 'path': '/drone_space/ros2_ws/src/decision_node', 'symlink_install': False, 'test_result_base': None}
[0.424s] Level 5:colcon.colcon_core.verb:set package 'px4_ros_com' build argument 'cmake_args' from command line to 'None'
[0.424s] Level 5:colcon.colcon_core.verb:set package 'px4_ros_com' build argument 'cmake_target' from command line to 'None'
[0.424s] Level 5:colcon.colcon_core.verb:set package 'px4_ros_com' build argument 'cmake_target_skip_unavailable' from command line to 'False'
[0.424s] Level 5:colcon.colcon_core.verb:set package 'px4_ros_com' build argument 'cmake_clean_cache' from command line to 'False'
[0.424s] Level 5:colcon.colcon_core.verb:set package 'px4_ros_com' build argument 'cmake_clean_first' from command line to 'False'
[0.424s] Level 5:colcon.colcon_core.verb:set package 'px4_ros_com' build argument 'cmake_force_configure' from command line to 'False'
[0.424s] Level 5:colcon.colcon_core.verb:set package 'px4_ros_com' build argument 'ament_cmake_args' from command line to 'None'
[0.424s] Level 5:colcon.colcon_core.verb:set package 'px4_ros_com' build argument 'catkin_cmake_args' from command line to 'None'
[0.424s] Level 5:colcon.colcon_core.verb:set package 'px4_ros_com' build argument 'catkin_skip_building_tests' from command line to 'False'
[0.424s] DEBUG:colcon.colcon_core.verb:Building package 'px4_ros_com' with the following arguments: {'ament_cmake_args': None, 'build_base': '/drone_space/ros2_ws/build/px4_ros_com', 'catkin_cmake_args': None, 'catkin_skip_building_tests': False, 'cmake_args': None, 'cmake_clean_cache': False, 'cmake_clean_first': False, 'cmake_force_configure': False, 'cmake_target': None, 'cmake_target_skip_unavailable': False, 'install_base': '/drone_space/ros2_ws/install/px4_ros_com', 'merge_install': False, 'path': '/drone_space/ros2_ws/src/px4_ros_com', 'symlink_install': False, 'test_result_base': None}
[0.425s] INFO:colcon.colcon_core.executor:Executing jobs using 'parallel' executor
[0.425s] DEBUG:colcon.colcon_parallel_executor.executor.parallel:run_until_complete
[0.425s] INFO:colcon.colcon_ros.task.ament_cmake.build:Building ROS package in '/drone_space/ros2_ws/src/px4_msgs' with build type 'ament_cmake'
[0.425s] INFO:colcon.colcon_cmake.task.cmake.build:Building CMake package in '/drone_space/ros2_ws/src/px4_msgs'
[0.428s] INFO:colcon.colcon_core.plugin_system:Skipping extension 'colcon_core.shell.bat': Not used on non-Windows systems
[0.428s] INFO:colcon.colcon_core.shell:Skip shell extension 'powershell' for command environment: Not usable outside of PowerShell
[0.428s] DEBUG:colcon.colcon_core.shell:Skip shell extension 'dsv' for command environment
[0.435s] DEBUG:colcon.colcon_core.event_handler.log_command:Invoking command in '/drone_space/ros2_ws/build/px4_msgs': CMAKE_PREFIX_PATH=${CMAKE_PREFIX_PATH}:/opt/ros/humble /usr/bin/cmake --build /drone_space/ros2_ws/build/px4_msgs -- -j20 -l20
[1.252s] DEBUG:colcon.colcon_core.event_handler.log_command:Invoked command in '/drone_space/ros2_ws/build/px4_msgs' returned '0': CMAKE_PREFIX_PATH=${CMAKE_PREFIX_PATH}:/opt/ros/humble /usr/bin/cmake --build /drone_space/ros2_ws/build/px4_msgs -- -j20 -l20
[1.262s] DEBUG:colcon.colcon_core.event_handler.log_command:Invoking command in '/drone_space/ros2_ws/build/px4_msgs': CMAKE_PREFIX_PATH=${CMAKE_PREFIX_PATH}:/opt/ros/humble /usr/bin/cmake --install /drone_space/ros2_ws/build/px4_msgs
[1.551s] Level 1:colcon.colcon_core.environment:create_environment_scripts_only(px4_msgs)
[1.551s] DEBUG:colcon.colcon_core.event_handler.log_command:Invoked command in '/drone_space/ros2_ws/build/px4_msgs' returned '0': CMAKE_PREFIX_PATH=${CMAKE_PREFIX_PATH}:/opt/ros/humble /usr/bin/cmake --install /drone_space/ros2_ws/build/px4_msgs
[1.557s] Level 1:colcon.colcon_core.environment:checking '/drone_space/ros2_ws/install/px4_msgs' for CMake module files
[1.557s] Level 1:colcon.colcon_core.environment:checking '/drone_space/ros2_ws/install/px4_msgs' for CMake config files
[1.560s] Level 1:colcon.colcon_core.shell:create_environment_hook('px4_msgs', 'cmake_prefix_path')
[1.560s] INFO:colcon.colcon_core.shell:Creating environment hook '/drone_space/ros2_ws/install/px4_msgs/share/px4_msgs/hook/cmake_prefix_path.ps1'
[1.561s] INFO:colcon.colcon_core.shell:Creating environment descriptor '/drone_space/ros2_ws/install/px4_msgs/share/px4_msgs/hook/cmake_prefix_path.dsv'
[1.561s] INFO:colcon.colcon_core.shell:Creating environment hook '/drone_space/ros2_ws/install/px4_msgs/share/px4_msgs/hook/cmake_prefix_path.sh'
[1.562s] Level 1:colcon.colcon_core.environment:checking '/drone_space/ros2_ws/install/px4_msgs/lib'
[1.562s] Level 1:colcon.colcon_core.shell:create_environment_hook('px4_msgs', 'ld_library_path_lib')
[1.563s] INFO:colcon.colcon_core.shell:Creating environment hook '/drone_space/ros2_ws/install/px4_msgs/share/px4_msgs/hook/ld_library_path_lib.ps1'
[1.563s] INFO:colcon.colcon_core.shell:Creating environment descriptor '/drone_space/ros2_ws/install/px4_msgs/share/px4_msgs/hook/ld_library_path_lib.dsv'
[1.563s] INFO:colcon.colcon_core.shell:Creating environment hook '/drone_space/ros2_ws/install/px4_msgs/share/px4_msgs/hook/ld_library_path_lib.sh'
[1.564s] Level 1:colcon.colcon_core.environment:checking '/drone_space/ros2_ws/install/px4_msgs/bin'
[1.564s] Level 1:colcon.colcon_core.environment:checking '/drone_space/ros2_ws/install/px4_msgs/lib/pkgconfig/px4_msgs.pc'
[1.564s] Level 1:colcon.colcon_core.environment:checking '/drone_space/ros2_ws/install/px4_msgs/lib/python3.10/site-packages'
[1.564s] Level 1:colcon.colcon_core.environment:checking '/drone_space/ros2_ws/install/px4_msgs/bin'
[1.565s] INFO:colcon.colcon_core.shell:Creating package script '/drone_space/ros2_ws/install/px4_msgs/share/px4_msgs/package.ps1'
[1.566s] INFO:colcon.colcon_core.shell:Creating package descriptor '/drone_space/ros2_ws/install/px4_msgs/share/px4_msgs/package.dsv'
[1.566s] INFO:colcon.colcon_core.shell:Creating package script '/drone_space/ros2_ws/install/px4_msgs/share/px4_msgs/package.sh'
[1.567s] INFO:colcon.colcon_core.shell:Creating package script '/drone_space/ros2_ws/install/px4_msgs/share/px4_msgs/package.bash'
[1.567s] INFO:colcon.colcon_core.shell:Creating package script '/drone_space/ros2_ws/install/px4_msgs/share/px4_msgs/package.zsh'
[1.568s] Level 1:colcon.colcon_core.environment:create_file_with_runtime_dependencies(/drone_space/ros2_ws/install/px4_msgs/share/colcon-core/packages/px4_msgs)
[1.568s] Level 1:colcon.colcon_core.environment:create_environment_scripts_only(px4_msgs)
[1.568s] Level 1:colcon.colcon_core.environment:checking '/drone_space/ros2_ws/install/px4_msgs' for CMake module files
[1.569s] Level 1:colcon.colcon_core.environment:checking '/drone_space/ros2_ws/install/px4_msgs' for CMake config files
[1.571s] Level 1:colcon.colcon_core.shell:create_environment_hook('px4_msgs', 'cmake_prefix_path')
[1.571s] INFO:colcon.colcon_core.shell:Creating environment hook '/drone_space/ros2_ws/install/px4_msgs/share/px4_msgs/hook/cmake_prefix_path.ps1'
[1.572s] INFO:colcon.colcon_core.shell:Creating environment descriptor '/drone_space/ros2_ws/install/px4_msgs/share/px4_msgs/hook/cmake_prefix_path.dsv'
[1.572s] INFO:colcon.colcon_core.shell:Creating environment hook '/drone_space/ros2_ws/install/px4_msgs/share/px4_msgs/hook/cmake_prefix_path.sh'
[1.572s] Level 1:colcon.colcon_core.environment:checking '/drone_space/ros2_ws/install/px4_msgs/lib'
[1.572s] Level 1:colcon.colcon_core.shell:create_environment_hook('px4_msgs', 'ld_library_path_lib')
[1.572s] INFO:colcon.colcon_core.shell:Creating environment hook '/drone_space/ros2_ws/install/px4_msgs/share/px4_msgs/hook/ld_library_path_lib.ps1'
[1.573s] INFO:colcon.colcon_core.shell:Creating environment descriptor '/drone_space/ros2_ws/install/px4_msgs/share/px4_msgs/hook/ld_library_path_lib.dsv'
[1.573s] INFO:colcon.colcon_core.shell:Creating environment hook '/drone_space/ros2_ws/install/px4_msgs/share/px4_msgs/hook/ld_library_path_lib.sh'
[1.573s] Level 1:colcon.colcon_core.environment:checking '/drone_space/ros2_ws/install/px4_msgs/bin'
[1.573s] Level 1:colcon.colcon_core.environment:checking '/drone_space/ros2_ws/install/px4_msgs/lib/pkgconfig/px4_msgs.pc'
[1.573s] Level 1:colcon.colcon_core.environment:checking '/drone_space/ros2_ws/install/px4_msgs/lib/python3.10/site-packages'
[1.573s] Level 1:colcon.colcon_core.environment:checking '/drone_space/ros2_ws/install/px4_msgs/bin'
[1.573s] INFO:colcon.colcon_core.shell:Creating package script '/drone_space/ros2_ws/install/px4_msgs/share/px4_msgs/package.ps1'
[1.574s] INFO:colcon.colcon_core.shell:Creating package descriptor '/drone_space/ros2_ws/install/px4_msgs/share/px4_msgs/package.dsv'
[1.575s] INFO:colcon.colcon_core.shell:Creating package script '/drone_space/ros2_ws/install/px4_msgs/share/px4_msgs/package.sh'
[1.575s] INFO:colcon.colcon_core.shell:Creating package script '/drone_space/ros2_ws/install/px4_msgs/share/px4_msgs/package.bash'
[1.576s] INFO:colcon.colcon_core.shell:Creating package script '/drone_space/ros2_ws/install/px4_msgs/share/px4_msgs/package.zsh'
[1.576s] Level 1:colcon.colcon_core.environment:create_file_with_runtime_dependencies(/drone_space/ros2_ws/install/px4_msgs/share/colcon-core/packages/px4_msgs)
[1.576s] INFO:colcon.colcon_ros.task.ament_cmake.build:Building ROS package in '/drone_space/ros2_ws/src/decision_node' with build type 'ament_cmake'
[1.577s] INFO:colcon.colcon_cmake.task.cmake.build:Building CMake package in '/drone_space/ros2_ws/src/decision_node'
[1.577s] INFO:colcon.colcon_core.shell:Skip shell extension 'powershell' for command environment: Not usable outside of PowerShell
[1.577s] DEBUG:colcon.colcon_core.shell:Skip shell extension 'dsv' for command environment
[1.581s] INFO:colcon.colcon_ros.task.ament_cmake.build:Building ROS package in '/drone_space/ros2_ws/src/px4_ros_com' with build type 'ament_cmake'
[1.581s] INFO:colcon.colcon_cmake.task.cmake.build:Building CMake package in '/drone_space/ros2_ws/src/px4_ros_com'
[1.581s] INFO:colcon.colcon_core.shell:Skip shell extension 'powershell' for command environment: Not usable outside of PowerShell
[1.581s] DEBUG:colcon.colcon_core.shell:Skip shell extension 'dsv' for command environment
[1.588s] DEBUG:colcon.colcon_core.event_handler.log_command:Invoking command in '/drone_space/ros2_ws/build/decision_node': CMAKE_PREFIX_PATH=/drone_space/ros2_ws/install/px4_msgs:/drone_space/ros2_ws/install/px4_ros_com:/drone_space/ros2_ws/install/decision_node:/drone_space/install/decision_node:/drone_space/install/px4_msgs:/opt/ros/humble LD_LIBRARY_PATH=/drone_space/ros2_ws/install/px4_msgs/lib:/drone_space/ros2_ws/install/px4_ros_com/lib:/drone_space/install/px4_msgs/lib:/opt/ros/humble/lib/x86_64-linux-gnu:/opt/ros/humble/lib /usr/bin/cmake --build /drone_space/ros2_ws/build/decision_node -- -j20 -l20
[1.591s] DEBUG:colcon.colcon_core.event_handler.log_command:Invoking command in '/drone_space/ros2_ws/build/px4_ros_com': CMAKE_PREFIX_PATH=/drone_space/ros2_ws/install/px4_msgs:/drone_space/ros2_ws/install/px4_ros_com:/drone_space/ros2_ws/install/decision_node:/drone_space/install/decision_node:/drone_space/install/px4_msgs:/opt/ros/humble LD_LIBRARY_PATH=/drone_space/ros2_ws/install/px4_msgs/lib:/drone_space/ros2_ws/install/px4_ros_com/lib:/drone_space/install/px4_msgs/lib:/opt/ros/humble/lib/x86_64-linux-gnu:/opt/ros/humble/lib /usr/bin/cmake --build /drone_space/ros2_ws/build/px4_ros_com -- -j20 -l20
[1.791s] DEBUG:colcon.colcon_core.event_handler.log_command:Invoked command in '/drone_space/ros2_ws/build/px4_ros_com' returned '0': CMAKE_PREFIX_PATH=/drone_space/ros2_ws/install/px4_msgs:/drone_space/ros2_ws/install/px4_ros_com:/drone_space/ros2_ws/install/decision_node:/drone_space/install/decision_node:/drone_space/install/px4_msgs:/opt/ros/humble LD_LIBRARY_PATH=/drone_space/ros2_ws/install/px4_msgs/lib:/drone_space/ros2_ws/install/px4_ros_com/lib:/drone_space/install/px4_msgs/lib:/opt/ros/humble/lib/x86_64-linux-gnu:/opt/ros/humble/lib /usr/bin/cmake --build /drone_space/ros2_ws/build/px4_ros_com -- -j20 -l20
[1.793s] DEBUG:colcon.colcon_core.event_handler.log_command:Invoking command in '/drone_space/ros2_ws/build/px4_ros_com': CMAKE_PREFIX_PATH=/drone_space/ros2_ws/install/px4_msgs:/drone_space/ros2_ws/install/px4_ros_com:/drone_space/ros2_ws/install/decision_node:/drone_space/install/decision_node:/drone_space/install/px4_msgs:/opt/ros/humble LD_LIBRARY_PATH=/drone_space/ros2_ws/install/px4_msgs/lib:/drone_space/ros2_ws/install/px4_ros_com/lib:/drone_space/install/px4_msgs/lib:/opt/ros/humble/lib/x86_64-linux-gnu:/opt/ros/humble/lib /usr/bin/cmake --install /drone_space/ros2_ws/build/px4_ros_com
[1.836s] Level 1:colcon.colcon_core.environment:create_environment_scripts_only(px4_ros_com)
[1.837s] Level 1:colcon.colcon_core.environment:checking '/drone_space/ros2_ws/install/px4_ros_com' for CMake module files
[1.837s] DEBUG:colcon.colcon_core.event_handler.log_command:Invoked command in '/drone_space/ros2_ws/build/px4_ros_com' returned '0': CMAKE_PREFIX_PATH=/drone_space/ros2_ws/install/px4_msgs:/drone_space/ros2_ws/install/px4_ros_com:/drone_space/ros2_ws/install/decision_node:/drone_space/install/decision_node:/drone_space/install/px4_msgs:/opt/ros/humble LD_LIBRARY_PATH=/drone_space/ros2_ws/install/px4_msgs/lib:/drone_space/ros2_ws/install/px4_ros_com/lib:/drone_space/install/px4_msgs/lib:/opt/ros/humble/lib/x86_64-linux-gnu:/opt/ros/humble/lib /usr/bin/cmake --install /drone_space/ros2_ws/build/px4_ros_com
[1.837s] Level 1:colcon.colcon_core.environment:checking '/drone_space/ros2_ws/install/px4_ros_com' for CMake config files
[1.838s] Level 1:colcon.colcon_core.shell:create_environment_hook('px4_ros_com', 'cmake_prefix_path')
[1.838s] INFO:colcon.colcon_core.shell:Creating environment hook '/drone_space/ros2_ws/install/px4_ros_com/share/px4_ros_com/hook/cmake_prefix_path.ps1'
[1.838s] INFO:colcon.colcon_core.shell:Creating environment descriptor '/drone_space/ros2_ws/install/px4_ros_com/share/px4_ros_com/hook/cmake_prefix_path.dsv'
[1.838s] INFO:colcon.colcon_core.shell:Creating environment hook '/drone_space/ros2_ws/install/px4_ros_com/share/px4_ros_com/hook/cmake_prefix_path.sh'
[1.839s] Level 1:colcon.colcon_core.environment:checking '/drone_space/ros2_ws/install/px4_ros_com/lib'
[1.839s] Level 1:colcon.colcon_core.shell:create_environment_hook('px4_ros_com', 'ld_library_path_lib')
[1.839s] INFO:colcon.colcon_core.shell:Creating environment hook '/drone_space/ros2_ws/install/px4_ros_com/share/px4_ros_com/hook/ld_library_path_lib.ps1'
[1.839s] INFO:colcon.colcon_core.shell:Creating environment descriptor '/drone_space/ros2_ws/install/px4_ros_com/share/px4_ros_com/hook/ld_library_path_lib.dsv'
[1.839s] INFO:colcon.colcon_core.shell:Creating environment hook '/drone_space/ros2_ws/install/px4_ros_com/share/px4_ros_com/hook/ld_library_path_lib.sh'
[1.839s] Level 1:colcon.colcon_core.environment:checking '/drone_space/ros2_ws/install/px4_ros_com/bin'
[1.839s] Level 1:colcon.colcon_core.environment:checking '/drone_space/ros2_ws/install/px4_ros_com/lib/pkgconfig/px4_ros_com.pc'
[1.839s] Level 1:colcon.colcon_core.environment:checking '/drone_space/ros2_ws/install/px4_ros_com/lib/python3.10/site-packages'
[1.840s] Level 1:colcon.colcon_core.environment:checking '/drone_space/ros2_ws/install/px4_ros_com/bin'
[1.840s] INFO:colcon.colcon_core.shell:Creating package script '/drone_space/ros2_ws/install/px4_ros_com/share/px4_ros_com/package.ps1'
[1.840s] INFO:colcon.colcon_core.shell:Creating package descriptor '/drone_space/ros2_ws/install/px4_ros_com/share/px4_ros_com/package.dsv'
[1.840s] INFO:colcon.colcon_core.shell:Creating package script '/drone_space/ros2_ws/install/px4_ros_com/share/px4_ros_com/package.sh'
[1.841s] INFO:colcon.colcon_core.shell:Creating package script '/drone_space/ros2_ws/install/px4_ros_com/share/px4_ros_com/package.bash'
[1.841s] INFO:colcon.colcon_core.shell:Creating package script '/drone_space/ros2_ws/install/px4_ros_com/share/px4_ros_com/package.zsh'
[1.841s] Level 1:colcon.colcon_core.environment:create_file_with_runtime_dependencies(/drone_space/ros2_ws/install/px4_ros_com/share/colcon-core/packages/px4_ros_com)
[1.841s] Level 1:colcon.colcon_core.environment:create_environment_scripts_only(px4_ros_com)
[1.841s] Level 1:colcon.colcon_core.environment:checking '/drone_space/ros2_ws/install/px4_ros_com' for CMake module files
[1.842s] Level 1:colcon.colcon_core.environment:checking '/drone_space/ros2_ws/install/px4_ros_com' for CMake config files
[1.842s] Level 1:colcon.colcon_core.shell:create_environment_hook('px4_ros_com', 'cmake_prefix_path')
[1.843s] INFO:colcon.colcon_core.shell:Creating environment hook '/drone_space/ros2_ws/install/px4_ros_com/share/px4_ros_com/hook/cmake_prefix_path.ps1'
[1.843s] INFO:colcon.colcon_core.shell:Creating environment descriptor '/drone_space/ros2_ws/install/px4_ros_com/share/px4_ros_com/hook/cmake_prefix_path.dsv'
[1.844s] INFO:colcon.colcon_core.shell:Creating environment hook '/drone_space/ros2_ws/install/px4_ros_com/share/px4_ros_com/hook/cmake_prefix_path.sh'
[1.844s] Level 1:colcon.colcon_core.environment:checking '/drone_space/ros2_ws/install/px4_ros_com/lib'
[1.844s] Level 1:colcon.colcon_core.shell:create_environment_hook('px4_ros_com', 'ld_library_path_lib')
[1.844s] INFO:colcon.colcon_core.shell:Creating environment hook '/drone_space/ros2_ws/install/px4_ros_com/share/px4_ros_com/hook/ld_library_path_lib.ps1'
[1.845s] INFO:colcon.colcon_core.shell:Creating environment descriptor '/drone_space/ros2_ws/install/px4_ros_com/share/px4_ros_com/hook/ld_library_path_lib.dsv'
[1.845s] INFO:colcon.colcon_core.shell:Creating environment hook '/drone_space/ros2_ws/install/px4_ros_com/share/px4_ros_com/hook/ld_library_path_lib.sh'
[1.846s] Level 1:colcon.colcon_core.environment:checking '/drone_space/ros2_ws/install/px4_ros_com/bin'
[1.846s] Level 1:colcon.colcon_core.environment:checking '/drone_space/ros2_ws/install/px4_ros_com/lib/pkgconfig/px4_ros_com.pc'
[1.846s] Level 1:colcon.colcon_core.environment:checking '/drone_space/ros2_ws/install/px4_ros_com/lib/python3.10/site-packages'
[1.846s] Level 1:colcon.colcon_core.environment:checking '/drone_space/ros2_ws/install/px4_ros_com/bin'
[1.846s] INFO:colcon.colcon_core.shell:Creating package script '/drone_space/ros2_ws/install/px4_ros_com/share/px4_ros_com/package.ps1'
[1.847s] INFO:colcon.colcon_core.shell:Creating package descriptor '/drone_space/ros2_ws/install/px4_ros_com/share/px4_ros_com/package.dsv'
[1.847s] INFO:colcon.colcon_core.shell:Creating package script '/drone_space/ros2_ws/install/px4_ros_com/share/px4_ros_com/package.sh'
[1.848s] INFO:colcon.colcon_core.shell:Creating package script '/drone_space/ros2_ws/install/px4_ros_com/share/px4_ros_com/package.bash'
[1.848s] INFO:colcon.colcon_core.shell:Creating package script '/drone_space/ros2_ws/install/px4_ros_com/share/px4_ros_com/package.zsh'
[1.849s] Level 1:colcon.colcon_core.environment:create_file_with_runtime_dependencies(/drone_space/ros2_ws/install/px4_ros_com/share/colcon-core/packages/px4_ros_com)
[10.284s] DEBUG:colcon.colcon_core.event_handler.log_command:Invoked command in '/drone_space/ros2_ws/build/decision_node' returned '0': CMAKE_PREFIX_PATH=/drone_space/ros2_ws/install/px4_msgs:/drone_space/ros2_ws/install/px4_ros_com:/drone_space/ros2_ws/install/decision_node:/drone_space/install/decision_node:/drone_space/install/px4_msgs:/opt/ros/humble LD_LIBRARY_PATH=/drone_space/ros2_ws/install/px4_msgs/lib:/drone_space/ros2_ws/install/px4_ros_com/lib:/drone_space/install/px4_msgs/lib:/opt/ros/humble/lib/x86_64-linux-gnu:/opt/ros/humble/lib /usr/bin/cmake --build /drone_space/ros2_ws/build/decision_node -- -j20 -l20
[10.285s] DEBUG:colcon.colcon_core.event_handler.log_command:Invoking command in '/drone_space/ros2_ws/build/decision_node': CMAKE_PREFIX_PATH=/drone_space/ros2_ws/install/px4_msgs:/drone_space/ros2_ws/install/px4_ros_com:/drone_space/ros2_ws/install/decision_node:/drone_space/install/decision_node:/drone_space/install/px4_msgs:/opt/ros/humble LD_LIBRARY_PATH=/drone_space/ros2_ws/install/px4_msgs/lib:/drone_space/ros2_ws/install/px4_ros_com/lib:/drone_space/install/px4_msgs/lib:/opt/ros/humble/lib/x86_64-linux-gnu:/opt/ros/humble/lib /usr/bin/cmake --install /drone_space/ros2_ws/build/decision_node
[10.297s] Level 1:colcon.colcon_core.environment:create_environment_scripts_only(decision_node)
[10.298s] Level 1:colcon.colcon_core.environment:checking '/drone_space/ros2_ws/install/decision_node' for CMake module files
[10.298s] DEBUG:colcon.colcon_core.event_handler.log_command:Invoked command in '/drone_space/ros2_ws/build/decision_node' returned '0': CMAKE_PREFIX_PATH=/drone_space/ros2_ws/install/px4_msgs:/drone_space/ros2_ws/install/px4_ros_com:/drone_space/ros2_ws/install/decision_node:/drone_space/install/decision_node:/drone_space/install/px4_msgs:/opt/ros/humble LD_LIBRARY_PATH=/drone_space/ros2_ws/install/px4_msgs/lib:/drone_space/ros2_ws/install/px4_ros_com/lib:/drone_space/install/px4_msgs/lib:/opt/ros/humble/lib/x86_64-linux-gnu:/opt/ros/humble/lib /usr/bin/cmake --install /drone_space/ros2_ws/build/decision_node
[10.298s] Level 1:colcon.colcon_core.environment:checking '/drone_space/ros2_ws/install/decision_node' for CMake config files
[10.298s] Level 1:colcon.colcon_core.shell:create_environment_hook('decision_node', 'cmake_prefix_path')
[10.299s] INFO:colcon.colcon_core.shell:Creating environment hook '/drone_space/ros2_ws/install/decision_node/share/decision_node/hook/cmake_prefix_path.ps1'
[10.299s] INFO:colcon.colcon_core.shell:Creating environment descriptor '/drone_space/ros2_ws/install/decision_node/share/decision_node/hook/cmake_prefix_path.dsv'
[10.300s] INFO:colcon.colcon_core.shell:Creating environment hook '/drone_space/ros2_ws/install/decision_node/share/decision_node/hook/cmake_prefix_path.sh'
[10.300s] Level 1:colcon.colcon_core.environment:checking '/drone_space/ros2_ws/install/decision_node/lib'
[10.300s] Level 1:colcon.colcon_core.environment:checking '/drone_space/ros2_ws/install/decision_node/bin'
[10.300s] Level 1:colcon.colcon_core.environment:checking '/drone_space/ros2_ws/install/decision_node/lib/pkgconfig/decision_node.pc'
[10.301s] Level 1:colcon.colcon_core.environment:checking '/drone_space/ros2_ws/install/decision_node/lib/python3.10/site-packages'
[10.301s] Level 1:colcon.colcon_core.environment:checking '/drone_space/ros2_ws/install/decision_node/bin'
[10.301s] INFO:colcon.colcon_core.shell:Creating package script '/drone_space/ros2_ws/install/decision_node/share/decision_node/package.ps1'
[10.302s] INFO:colcon.colcon_core.shell:Creating package descriptor '/drone_space/ros2_ws/install/decision_node/share/decision_node/package.dsv'
[10.302s] INFO:colcon.colcon_core.shell:Creating package script '/drone_space/ros2_ws/install/decision_node/share/decision_node/package.sh'
[10.303s] INFO:colcon.colcon_core.shell:Creating package script '/drone_space/ros2_ws/install/decision_node/share/decision_node/package.bash'
[10.303s] INFO:colcon.colcon_core.shell:Creating package script '/drone_space/ros2_ws/install/decision_node/share/decision_node/package.zsh'
[10.303s] Level 1:colcon.colcon_core.environment:create_file_with_runtime_dependencies(/drone_space/ros2_ws/install/decision_node/share/colcon-core/packages/decision_node)
[10.304s] Level 1:colcon.colcon_core.environment:create_environment_scripts_only(decision_node)
[10.304s] Level 1:colcon.colcon_core.environment:checking '/drone_space/ros2_ws/install/decision_node' for CMake module files
[10.304s] Level 1:colcon.colcon_core.environment:checking '/drone_space/ros2_ws/install/decision_node' for CMake config files
[10.305s] Level 1:colcon.colcon_core.shell:create_environment_hook('decision_node', 'cmake_prefix_path')
[10.305s] INFO:colcon.colcon_core.shell:Creating environment hook '/drone_space/ros2_ws/install/decision_node/share/decision_node/hook/cmake_prefix_path.ps1'
[10.305s] INFO:colcon.colcon_core.shell:Creating environment descriptor '/drone_space/ros2_ws/install/decision_node/share/decision_node/hook/cmake_prefix_path.dsv'
[10.305s] INFO:colcon.colcon_core.shell:Creating environment hook '/drone_space/ros2_ws/install/decision_node/share/decision_node/hook/cmake_prefix_path.sh'
[10.306s] Level 1:colcon.colcon_core.environment:checking '/drone_space/ros2_ws/install/decision_node/lib'
[10.306s] Level 1:colcon.colcon_core.environment:checking '/drone_space/ros2_ws/install/decision_node/bin'
[10.306s] Level 1:colcon.colcon_core.environment:checking '/drone_space/ros2_ws/install/decision_node/lib/pkgconfig/decision_node.pc'
[10.306s] Level 1:colcon.colcon_core.environment:checking '/drone_space/ros2_ws/install/decision_node/lib/python3.10/site-packages'
[10.307s] Level 1:colcon.colcon_core.environment:checking '/drone_space/ros2_ws/install/decision_node/bin'
[10.307s] INFO:colcon.colcon_core.shell:Creating package script '/drone_space/ros2_ws/install/decision_node/share/decision_node/package.ps1'
[10.307s] INFO:colcon.colcon_core.shell:Creating package descriptor '/drone_space/ros2_ws/install/decision_node/share/decision_node/package.dsv'
[10.308s] INFO:colcon.colcon_core.shell:Creating package script '/drone_space/ros2_ws/install/decision_node/share/decision_node/package.sh'
[10.308s] INFO:colcon.colcon_core.shell:Creating package script '/drone_space/ros2_ws/install/decision_node/share/decision_node/package.bash'
[10.309s] INFO:colcon.colcon_core.shell:Creating package script '/drone_space/ros2_ws/install/decision_node/share/decision_node/package.zsh'
[10.309s] Level 1:colcon.colcon_core.environment:create_file_with_runtime_dependencies(/drone_space/ros2_ws/install/decision_node/share/colcon-core/packages/decision_node)
[10.309s] DEBUG:colcon.colcon_parallel_executor.executor.parallel:closing loop
[10.310s] DEBUG:colcon.colcon_parallel_executor.executor.parallel:loop closed
[10.310s] DEBUG:colcon.colcon_parallel_executor.executor.parallel:run_until_complete finished with '0'
[10.310s] DEBUG:colcon.colcon_core.event_reactor:joining thread
[10.318s] INFO:colcon.colcon_core.plugin_system:Skipping extension 'colcon_notification.desktop_notification.notify_send': Could not find 'notify-send'
[10.318s] INFO:colcon.colcon_core.plugin_system:Skipping extension 'colcon_notification.desktop_notification.terminal_notifier': Not used on non-Darwin systems
[10.318s] INFO:colcon.colcon_core.plugin_system:Skipping extension 'colcon_notification.desktop_notification.win32': Not used on non-Windows systems
[10.318s] INFO:colcon.colcon_notification.desktop_notification:Sending desktop notification using 'notify2'
[10.318s] DEBUG:colcon.colcon_notification.desktop_notification.notify2:Failed to initialize notify2: org.freedesktop.DBus.Error.NotSupported: Unable to autolaunch a dbus-daemon without a $DISPLAY for X11
[10.318s] DEBUG:colcon.colcon_core.event_reactor:joined thread
[10.319s] INFO:colcon.colcon_core.shell:Creating prefix script '/drone_space/ros2_ws/install/local_setup.ps1'
[10.320s] INFO:colcon.colcon_core.shell:Creating prefix util module '/drone_space/ros2_ws/install/_local_setup_util_ps1.py'
[10.322s] INFO:colcon.colcon_core.shell:Creating prefix chain script '/drone_space/ros2_ws/install/setup.ps1'
[10.324s] INFO:colcon.colcon_core.shell:Creating prefix script '/drone_space/ros2_ws/install/local_setup.sh'
[10.325s] INFO:colcon.colcon_core.shell:Creating prefix util module '/drone_space/ros2_ws/install/_local_setup_util_sh.py'
[10.326s] INFO:colcon.colcon_core.shell:Creating prefix chain script '/drone_space/ros2_ws/install/setup.sh'
[10.328s] INFO:colcon.colcon_core.shell:Creating prefix script '/drone_space/ros2_ws/install/local_setup.bash'
[10.329s] INFO:colcon.colcon_core.shell:Creating prefix chain script '/drone_space/ros2_ws/install/setup.bash'
[10.330s] INFO:colcon.colcon_core.shell:Creating prefix script '/drone_space/ros2_ws/install/local_setup.zsh'
[10.331s] INFO:colcon.colcon_core.shell:Creating prefix chain script '/drone_space/ros2_ws/install/setup.zsh'
