-- Found ament_cmake: 1.3.12 (/opt/ros/humble/share/ament_cmake/cmake)
-- Found rclcpp: 16.0.17 (/opt/ros/humble/share/rclcpp/cmake)
-- Found rosidl_generator_c: 3.1.8 (/opt/ros/humble/share/rosidl_generator_c/cmake)
-- Found rosidl_adapter: 3.1.8 (/opt/ros/humble/share/rosidl_adapter/cmake)
-- Found rosidl_generator_cpp: 3.1.8 (/opt/ros/humble/share/rosidl_generator_cpp/cmake)
-- Using all available rosidl_typesupport_c: rosidl_typesupport_fastrtps_c;rosidl_typesupport_introspection_c
-- Using all available rosidl_typesupport_cpp: rosidl_typesupport_fastrtps_cpp;rosidl_typesupport_introspection_cpp
-- Found rmw_implementation_cmake: 6.1.2 (/opt/ros/humble/share/rmw_implementation_cmake/cmake)
-- Found rmw_fastrtps_cpp: 6.2.9 (/opt/ros/humble/share/rmw_fastrtps_cpp/cmake)
-- Using RMW implementation 'rmw_fastrtps_cpp' as default
-- Found px4_msgs: 2.0.1 (/drone_space/ros2_ws/install/px4_msgs/share/px4_msgs/cmake)
-- Configuring done
-- Generating done
-- Build files have been written to: /drone_space/ros2_ws/build/decision_node
[35m[1mConsolidate compiler generated dependencies of target decision_node[0m
[100%] Built target decision_node
-- Install configuration: ""
-- Up-to-date: /drone_space/ros2_ws/install/decision_node/lib/decision_node/decision_node
-- Up-to-date: /drone_space/ros2_ws/install/decision_node/share/ament_index/resource_index/package_run_dependencies/decision_node
-- Up-to-date: /drone_space/ros2_ws/install/decision_node/share/ament_index/resource_index/parent_prefix_path/decision_node
-- Up-to-date: /drone_space/ros2_ws/install/decision_node/share/decision_node/environment/ament_prefix_path.sh
-- Installing: /drone_space/ros2_ws/install/decision_node/share/decision_node/environment/ament_prefix_path.dsv
-- Up-to-date: /drone_space/ros2_ws/install/decision_node/share/decision_node/environment/path.sh
-- Installing: /drone_space/ros2_ws/install/decision_node/share/decision_node/environment/path.dsv
-- Up-to-date: /drone_space/ros2_ws/install/decision_node/share/decision_node/local_setup.bash
-- Up-to-date: /drone_space/ros2_ws/install/decision_node/share/decision_node/local_setup.sh
-- Up-to-date: /drone_space/ros2_ws/install/decision_node/share/decision_node/local_setup.zsh
-- Installing: /drone_space/ros2_ws/install/decision_node/share/decision_node/local_setup.dsv
-- Installing: /drone_space/ros2_ws/install/decision_node/share/decision_node/package.dsv
-- Up-to-date: /drone_space/ros2_ws/install/decision_node/share/ament_index/resource_index/packages/decision_node
-- Up-to-date: /drone_space/ros2_ws/install/decision_node/share/decision_node/cmake/decision_nodeConfig.cmake
-- Up-to-date: /drone_space/ros2_ws/install/decision_node/share/decision_node/cmake/decision_nodeConfig-version.cmake
-- Up-to-date: /drone_space/ros2_ws/install/decision_node/share/decision_node/package.xml
