[0.062s] DEBUG:colcon:Command line arguments: ['/usr/bin/colcon', 'build']
[0.062s] DEBUG:colcon:Parsed command line arguments: Namespace(log_base=None, log_level=None, verb_name='build', build_base='build', install_base='install', merge_install=False, symlink_install=False, test_result_base=None, continue_on_error=False, executor='parallel', parallel_workers=20, event_handlers=None, ignore_user_meta=False, metas=['./colcon.meta'], base_paths=['.'], packages_ignore=None, packages_ignore_regex=None, paths=None, packages_up_to=None, packages_up_to_regex=None, packages_above=None, packages_above_and_dependencies=None, packages_above_depth=None, packages_select_by_dep=None, packages_skip_by_dep=None, packages_skip_up_to=None, packages_select_build_failed=False, packages_skip_build_finished=False, packages_select_test_failures=False, packages_skip_test_passed=False, packages_select=None, packages_skip=None, packages_select_regex=None, packages_skip_regex=None, packages_start=None, packages_end=None, allow_overriding=[], cmake_args=None, cmake_target=None, cmake_target_skip_unavailable=False, cmake_clean_cache=False, cmake_clean_first=False, cmake_force_configure=False, ament_cmake_args=None, catkin_cmake_args=None, catkin_skip_building_tests=False, verb_parser=<colcon_defaults.argument_parser.defaults.DefaultArgumentsDecorator object at 0x7fc886894e80>, verb_extension=<colcon_core.verb.build.BuildVerb object at 0x7fc886894040>, main=<bound method BuildVerb.main of <colcon_core.verb.build.BuildVerb object at 0x7fc886894040>>)
[0.138s] Level 1:colcon.colcon_core.package_discovery:discover_packages(colcon_meta) check parameters
[0.138s] Level 1:colcon.colcon_core.package_discovery:discover_packages(recursive) check parameters
[0.138s] Level 1:colcon.colcon_core.package_discovery:discover_packages(ignore) check parameters
[0.138s] Level 1:colcon.colcon_core.package_discovery:discover_packages(path) check parameters
[0.138s] Level 1:colcon.colcon_core.package_discovery:discover_packages(colcon_meta) discover
[0.138s] Level 1:colcon.colcon_core.package_discovery:discover_packages(recursive) discover
[0.138s] INFO:colcon.colcon_core.package_discovery:Crawling recursively for packages in '/drone_space'
[0.138s] Level 1:colcon.colcon_core.package_identification:_identify(.) by extensions ['ignore', 'ignore_ament_install']
[0.138s] Level 1:colcon.colcon_core.package_identification:_identify(.) by extension 'ignore'
[0.138s] Level 1:colcon.colcon_core.package_identification:_identify(.) by extension 'ignore_ament_install'
[0.139s] Level 1:colcon.colcon_core.package_identification:_identify(.) by extensions ['colcon_pkg']
[0.139s] Level 1:colcon.colcon_core.package_identification:_identify(.) by extension 'colcon_pkg'
[0.139s] Level 1:colcon.colcon_core.package_identification:_identify(.) by extensions ['colcon_meta']
[0.139s] Level 1:colcon.colcon_core.package_identification:_identify(.) by extension 'colcon_meta'
[0.139s] Level 1:colcon.colcon_core.package_identification:_identify(.) by extensions ['ros']
[0.139s] Level 1:colcon.colcon_core.package_identification:_identify(.) by extension 'ros'
[0.150s] Level 1:colcon.colcon_core.package_identification:_identify(.) by extensions ['cmake', 'python']
[0.150s] Level 1:colcon.colcon_core.package_identification:_identify(.) by extension 'cmake'
[0.150s] Level 1:colcon.colcon_core.package_identification:_identify(.) by extension 'python'
[0.150s] Level 1:colcon.colcon_core.package_identification:_identify(.) by extensions ['python_setup_py']
[0.150s] Level 1:colcon.colcon_core.package_identification:_identify(.) by extension 'python_setup_py'
[0.150s] Level 1:colcon.colcon_core.package_identification:_identify(build) by extensions ['ignore', 'ignore_ament_install']
[0.150s] Level 1:colcon.colcon_core.package_identification:_identify(build) by extension 'ignore'
[0.150s] Level 1:colcon.colcon_core.package_identification:_identify(build) ignored
[0.150s] Level 1:colcon.colcon_core.package_identification:_identify(docker_drone) by extensions ['ignore', 'ignore_ament_install']
[0.150s] Level 1:colcon.colcon_core.package_identification:_identify(docker_drone) by extension 'ignore'
[0.150s] Level 1:colcon.colcon_core.package_identification:_identify(docker_drone) by extension 'ignore_ament_install'
[0.150s] Level 1:colcon.colcon_core.package_identification:_identify(docker_drone) by extensions ['colcon_pkg']
[0.150s] Level 1:colcon.colcon_core.package_identification:_identify(docker_drone) by extension 'colcon_pkg'
[0.150s] Level 1:colcon.colcon_core.package_identification:_identify(docker_drone) by extensions ['colcon_meta']
[0.150s] Level 1:colcon.colcon_core.package_identification:_identify(docker_drone) by extension 'colcon_meta'
[0.150s] Level 1:colcon.colcon_core.package_identification:_identify(docker_drone) by extensions ['ros']
[0.150s] Level 1:colcon.colcon_core.package_identification:_identify(docker_drone) by extension 'ros'
[0.150s] Level 1:colcon.colcon_core.package_identification:_identify(docker_drone) by extensions ['cmake', 'python']
[0.150s] Level 1:colcon.colcon_core.package_identification:_identify(docker_drone) by extension 'cmake'
[0.150s] Level 1:colcon.colcon_core.package_identification:_identify(docker_drone) by extension 'python'
[0.150s] Level 1:colcon.colcon_core.package_identification:_identify(docker_drone) by extensions ['python_setup_py']
[0.150s] Level 1:colcon.colcon_core.package_identification:_identify(docker_drone) by extension 'python_setup_py'
[0.150s] Level 1:colcon.colcon_core.package_identification:_identify(install) by extensions ['ignore', 'ignore_ament_install']
[0.150s] Level 1:colcon.colcon_core.package_identification:_identify(install) by extension 'ignore'
[0.151s] Level 1:colcon.colcon_core.package_identification:_identify(install) ignored
[0.151s] Level 1:colcon.colcon_core.package_identification:_identify(log) by extensions ['ignore', 'ignore_ament_install']
[0.151s] Level 1:colcon.colcon_core.package_identification:_identify(log) by extension 'ignore'
[0.151s] Level 1:colcon.colcon_core.package_identification:_identify(log) ignored
[0.151s] Level 1:colcon.colcon_core.package_identification:_identify(ros2_ws) by extensions ['ignore', 'ignore_ament_install']
[0.151s] Level 1:colcon.colcon_core.package_identification:_identify(ros2_ws) by extension 'ignore'
[0.151s] Level 1:colcon.colcon_core.package_identification:_identify(ros2_ws) by extension 'ignore_ament_install'
[0.151s] Level 1:colcon.colcon_core.package_identification:_identify(ros2_ws) by extensions ['colcon_pkg']
[0.151s] Level 1:colcon.colcon_core.package_identification:_identify(ros2_ws) by extension 'colcon_pkg'
[0.151s] Level 1:colcon.colcon_core.package_identification:_identify(ros2_ws) by extensions ['colcon_meta']
[0.151s] Level 1:colcon.colcon_core.package_identification:_identify(ros2_ws) by extension 'colcon_meta'
[0.151s] Level 1:colcon.colcon_core.package_identification:_identify(ros2_ws) by extensions ['ros']
[0.151s] Level 1:colcon.colcon_core.package_identification:_identify(ros2_ws) by extension 'ros'
[0.151s] Level 1:colcon.colcon_core.package_identification:_identify(ros2_ws) by extensions ['cmake', 'python']
[0.151s] Level 1:colcon.colcon_core.package_identification:_identify(ros2_ws) by extension 'cmake'
[0.151s] Level 1:colcon.colcon_core.package_identification:_identify(ros2_ws) by extension 'python'
[0.151s] Level 1:colcon.colcon_core.package_identification:_identify(ros2_ws) by extensions ['python_setup_py']
[0.151s] Level 1:colcon.colcon_core.package_identification:_identify(ros2_ws) by extension 'python_setup_py'
[0.151s] Level 1:colcon.colcon_core.package_identification:_identify(ros2_ws/build) by extensions ['ignore', 'ignore_ament_install']
[0.151s] Level 1:colcon.colcon_core.package_identification:_identify(ros2_ws/build) by extension 'ignore'
[0.151s] Level 1:colcon.colcon_core.package_identification:_identify(ros2_ws/build) ignored
[0.151s] Level 1:colcon.colcon_core.package_identification:_identify(ros2_ws/install) by extensions ['ignore', 'ignore_ament_install']
[0.151s] Level 1:colcon.colcon_core.package_identification:_identify(ros2_ws/install) by extension 'ignore'
[0.151s] Level 1:colcon.colcon_core.package_identification:_identify(ros2_ws/install) ignored
[0.151s] Level 1:colcon.colcon_core.package_identification:_identify(ros2_ws/log) by extensions ['ignore', 'ignore_ament_install']
[0.151s] Level 1:colcon.colcon_core.package_identification:_identify(ros2_ws/log) by extension 'ignore'
[0.152s] Level 1:colcon.colcon_core.package_identification:_identify(ros2_ws/log) ignored
[0.152s] Level 1:colcon.colcon_core.package_identification:_identify(ros2_ws/src) by extensions ['ignore', 'ignore_ament_install']
[0.152s] Level 1:colcon.colcon_core.package_identification:_identify(ros2_ws/src) by extension 'ignore'
[0.152s] Level 1:colcon.colcon_core.package_identification:_identify(ros2_ws/src) by extension 'ignore_ament_install'
[0.152s] Level 1:colcon.colcon_core.package_identification:_identify(ros2_ws/src) by extensions ['colcon_pkg']
[0.152s] Level 1:colcon.colcon_core.package_identification:_identify(ros2_ws/src) by extension 'colcon_pkg'
[0.152s] Level 1:colcon.colcon_core.package_identification:_identify(ros2_ws/src) by extensions ['colcon_meta']
[0.152s] Level 1:colcon.colcon_core.package_identification:_identify(ros2_ws/src) by extension 'colcon_meta'
[0.152s] Level 1:colcon.colcon_core.package_identification:_identify(ros2_ws/src) by extensions ['ros']
[0.152s] Level 1:colcon.colcon_core.package_identification:_identify(ros2_ws/src) by extension 'ros'
[0.152s] Level 1:colcon.colcon_core.package_identification:_identify(ros2_ws/src) by extensions ['cmake', 'python']
[0.152s] Level 1:colcon.colcon_core.package_identification:_identify(ros2_ws/src) by extension 'cmake'
[0.152s] Level 1:colcon.colcon_core.package_identification:_identify(ros2_ws/src) by extension 'python'
[0.152s] Level 1:colcon.colcon_core.package_identification:_identify(ros2_ws/src) by extensions ['python_setup_py']
[0.152s] Level 1:colcon.colcon_core.package_identification:_identify(ros2_ws/src) by extension 'python_setup_py'
[0.152s] Level 1:colcon.colcon_core.package_identification:_identify(ros2_ws/src/decision_node) by extensions ['ignore', 'ignore_ament_install']
[0.152s] Level 1:colcon.colcon_core.package_identification:_identify(ros2_ws/src/decision_node) by extension 'ignore'
[0.153s] Level 1:colcon.colcon_core.package_identification:_identify(ros2_ws/src/decision_node) by extension 'ignore_ament_install'
[0.153s] Level 1:colcon.colcon_core.package_identification:_identify(ros2_ws/src/decision_node) by extensions ['colcon_pkg']
[0.153s] Level 1:colcon.colcon_core.package_identification:_identify(ros2_ws/src/decision_node) by extension 'colcon_pkg'
[0.153s] Level 1:colcon.colcon_core.package_identification:_identify(ros2_ws/src/decision_node) by extensions ['colcon_meta']
[0.153s] Level 1:colcon.colcon_core.package_identification:_identify(ros2_ws/src/decision_node) by extension 'colcon_meta'
[0.153s] Level 1:colcon.colcon_core.package_identification:_identify(ros2_ws/src/decision_node) by extensions ['ros']
[0.153s] Level 1:colcon.colcon_core.package_identification:_identify(ros2_ws/src/decision_node) by extension 'ros'
[0.155s] DEBUG:colcon.colcon_core.package_identification:Package 'ros2_ws/src/decision_node' with type 'ros.ament_cmake' and name 'decision_node'
[0.155s] Level 1:colcon.colcon_core.package_identification:_identify(ros2_ws/src/px4_msgs) by extensions ['ignore', 'ignore_ament_install']
[0.155s] Level 1:colcon.colcon_core.package_identification:_identify(ros2_ws/src/px4_msgs) by extension 'ignore'
[0.155s] Level 1:colcon.colcon_core.package_identification:_identify(ros2_ws/src/px4_msgs) by extension 'ignore_ament_install'
[0.155s] Level 1:colcon.colcon_core.package_identification:_identify(ros2_ws/src/px4_msgs) by extensions ['colcon_pkg']
[0.155s] Level 1:colcon.colcon_core.package_identification:_identify(ros2_ws/src/px4_msgs) by extension 'colcon_pkg'
[0.155s] Level 1:colcon.colcon_core.package_identification:_identify(ros2_ws/src/px4_msgs) by extensions ['colcon_meta']
[0.155s] Level 1:colcon.colcon_core.package_identification:_identify(ros2_ws/src/px4_msgs) by extension 'colcon_meta'
[0.155s] Level 1:colcon.colcon_core.package_identification:_identify(ros2_ws/src/px4_msgs) by extensions ['ros']
[0.155s] Level 1:colcon.colcon_core.package_identification:_identify(ros2_ws/src/px4_msgs) by extension 'ros'
[0.155s] DEBUG:colcon.colcon_core.package_identification:Package 'ros2_ws/src/px4_msgs' with type 'ros.ament_cmake' and name 'px4_msgs'
[0.156s] Level 1:colcon.colcon_core.package_identification:_identify(ros2_ws/src/px4_ros_com) by extensions ['ignore', 'ignore_ament_install']
[0.156s] Level 1:colcon.colcon_core.package_identification:_identify(ros2_ws/src/px4_ros_com) by extension 'ignore'
[0.156s] Level 1:colcon.colcon_core.package_identification:_identify(ros2_ws/src/px4_ros_com) by extension 'ignore_ament_install'
[0.156s] Level 1:colcon.colcon_core.package_identification:_identify(ros2_ws/src/px4_ros_com) by extensions ['colcon_pkg']
[0.156s] Level 1:colcon.colcon_core.package_identification:_identify(ros2_ws/src/px4_ros_com) by extension 'colcon_pkg'
[0.156s] Level 1:colcon.colcon_core.package_identification:_identify(ros2_ws/src/px4_ros_com) by extensions ['colcon_meta']
[0.156s] Level 1:colcon.colcon_core.package_identification:_identify(ros2_ws/src/px4_ros_com) by extension 'colcon_meta'
[0.156s] Level 1:colcon.colcon_core.package_identification:_identify(ros2_ws/src/px4_ros_com) by extensions ['ros']
[0.156s] Level 1:colcon.colcon_core.package_identification:_identify(ros2_ws/src/px4_ros_com) by extension 'ros'
[0.156s] DEBUG:colcon.colcon_core.package_identification:Package 'ros2_ws/src/px4_ros_com' with type 'ros.ament_cmake' and name 'px4_ros_com'
[0.156s] Level 1:colcon.colcon_core.package_identification:_identify(src) by extensions ['ignore', 'ignore_ament_install']
[0.157s] Level 1:colcon.colcon_core.package_identification:_identify(src) by extension 'ignore'
[0.157s] Level 1:colcon.colcon_core.package_identification:_identify(src) by extension 'ignore_ament_install'
[0.157s] Level 1:colcon.colcon_core.package_identification:_identify(src) by extensions ['colcon_pkg']
[0.157s] Level 1:colcon.colcon_core.package_identification:_identify(src) by extension 'colcon_pkg'
[0.157s] Level 1:colcon.colcon_core.package_identification:_identify(src) by extensions ['colcon_meta']
[0.157s] Level 1:colcon.colcon_core.package_identification:_identify(src) by extension 'colcon_meta'
[0.157s] Level 1:colcon.colcon_core.package_identification:_identify(src) by extensions ['ros']
[0.157s] Level 1:colcon.colcon_core.package_identification:_identify(src) by extension 'ros'
[0.157s] Level 1:colcon.colcon_core.package_identification:_identify(src) by extensions ['cmake', 'python']
[0.157s] Level 1:colcon.colcon_core.package_identification:_identify(src) by extension 'cmake'
[0.157s] Level 1:colcon.colcon_core.package_identification:_identify(src) by extension 'python'
[0.157s] Level 1:colcon.colcon_core.package_identification:_identify(src) by extensions ['python_setup_py']
[0.157s] Level 1:colcon.colcon_core.package_identification:_identify(src) by extension 'python_setup_py'
[0.157s] Level 1:colcon.colcon_core.package_discovery:discover_packages(recursive) using defaults
[0.157s] Level 1:colcon.colcon_core.package_discovery:discover_packages(ignore) discover
[0.157s] Level 1:colcon.colcon_core.package_discovery:discover_packages(ignore) using defaults
[0.157s] Level 1:colcon.colcon_core.package_discovery:discover_packages(path) discover
[0.157s] Level 1:colcon.colcon_core.package_discovery:discover_packages(path) using defaults
[0.182s] Level 1:colcon.colcon_core.package_discovery:discover_packages(prefix_path) check parameters
[0.182s] Level 1:colcon.colcon_core.package_discovery:discover_packages(prefix_path) discover
[0.184s] DEBUG:colcon.colcon_installed_package_information.package_discovery:Found 3 installed packages in /drone_space/ros2_ws/install
[0.184s] DEBUG:colcon.colcon_installed_package_information.package_discovery:Found 2 installed packages in /drone_space/install
[0.185s] DEBUG:colcon.colcon_installed_package_information.package_discovery:Found 183 installed packages in /opt/ros/humble
[0.186s] Level 1:colcon.colcon_core.package_discovery:discover_packages(prefix_path) using defaults
[0.216s] Level 5:colcon.colcon_core.verb:set package 'px4_msgs' build argument 'cmake_args' from command line to 'None'
[0.216s] Level 5:colcon.colcon_core.verb:set package 'px4_msgs' build argument 'cmake_target' from command line to 'None'
[0.216s] Level 5:colcon.colcon_core.verb:set package 'px4_msgs' build argument 'cmake_target_skip_unavailable' from command line to 'False'
[0.216s] Level 5:colcon.colcon_core.verb:set package 'px4_msgs' build argument 'cmake_clean_cache' from command line to 'False'
[0.216s] Level 5:colcon.colcon_core.verb:set package 'px4_msgs' build argument 'cmake_clean_first' from command line to 'False'
[0.216s] Level 5:colcon.colcon_core.verb:set package 'px4_msgs' build argument 'cmake_force_configure' from command line to 'False'
[0.216s] Level 5:colcon.colcon_core.verb:set package 'px4_msgs' build argument 'ament_cmake_args' from command line to 'None'
[0.216s] Level 5:colcon.colcon_core.verb:set package 'px4_msgs' build argument 'catkin_cmake_args' from command line to 'None'
[0.216s] Level 5:colcon.colcon_core.verb:set package 'px4_msgs' build argument 'catkin_skip_building_tests' from command line to 'False'
[0.216s] DEBUG:colcon.colcon_core.verb:Building package 'px4_msgs' with the following arguments: {'ament_cmake_args': None, 'build_base': '/drone_space/build/px4_msgs', 'catkin_cmake_args': None, 'catkin_skip_building_tests': False, 'cmake_args': None, 'cmake_clean_cache': False, 'cmake_clean_first': False, 'cmake_force_configure': False, 'cmake_target': None, 'cmake_target_skip_unavailable': False, 'install_base': '/drone_space/install/px4_msgs', 'merge_install': False, 'path': '/drone_space/ros2_ws/src/px4_msgs', 'symlink_install': False, 'test_result_base': None}
[0.217s] Level 5:colcon.colcon_core.verb:set package 'decision_node' build argument 'cmake_args' from command line to 'None'
[0.217s] Level 5:colcon.colcon_core.verb:set package 'decision_node' build argument 'cmake_target' from command line to 'None'
[0.217s] Level 5:colcon.colcon_core.verb:set package 'decision_node' build argument 'cmake_target_skip_unavailable' from command line to 'False'
[0.217s] Level 5:colcon.colcon_core.verb:set package 'decision_node' build argument 'cmake_clean_cache' from command line to 'False'
[0.217s] Level 5:colcon.colcon_core.verb:set package 'decision_node' build argument 'cmake_clean_first' from command line to 'False'
[0.217s] Level 5:colcon.colcon_core.verb:set package 'decision_node' build argument 'cmake_force_configure' from command line to 'False'
[0.217s] Level 5:colcon.colcon_core.verb:set package 'decision_node' build argument 'ament_cmake_args' from command line to 'None'
[0.217s] Level 5:colcon.colcon_core.verb:set package 'decision_node' build argument 'catkin_cmake_args' from command line to 'None'
[0.217s] Level 5:colcon.colcon_core.verb:set package 'decision_node' build argument 'catkin_skip_building_tests' from command line to 'False'
[0.217s] DEBUG:colcon.colcon_core.verb:Building package 'decision_node' with the following arguments: {'ament_cmake_args': None, 'build_base': '/drone_space/build/decision_node', 'catkin_cmake_args': None, 'catkin_skip_building_tests': False, 'cmake_args': None, 'cmake_clean_cache': False, 'cmake_clean_first': False, 'cmake_force_configure': False, 'cmake_target': None, 'cmake_target_skip_unavailable': False, 'install_base': '/drone_space/install/decision_node', 'merge_install': False, 'path': '/drone_space/ros2_ws/src/decision_node', 'symlink_install': False, 'test_result_base': None}
[0.217s] Level 5:colcon.colcon_core.verb:set package 'px4_ros_com' build argument 'cmake_args' from command line to 'None'
[0.218s] Level 5:colcon.colcon_core.verb:set package 'px4_ros_com' build argument 'cmake_target' from command line to 'None'
[0.218s] Level 5:colcon.colcon_core.verb:set package 'px4_ros_com' build argument 'cmake_target_skip_unavailable' from command line to 'False'
[0.218s] Level 5:colcon.colcon_core.verb:set package 'px4_ros_com' build argument 'cmake_clean_cache' from command line to 'False'
[0.218s] Level 5:colcon.colcon_core.verb:set package 'px4_ros_com' build argument 'cmake_clean_first' from command line to 'False'
[0.218s] Level 5:colcon.colcon_core.verb:set package 'px4_ros_com' build argument 'cmake_force_configure' from command line to 'False'
[0.218s] Level 5:colcon.colcon_core.verb:set package 'px4_ros_com' build argument 'ament_cmake_args' from command line to 'None'
[0.218s] Level 5:colcon.colcon_core.verb:set package 'px4_ros_com' build argument 'catkin_cmake_args' from command line to 'None'
[0.218s] Level 5:colcon.colcon_core.verb:set package 'px4_ros_com' build argument 'catkin_skip_building_tests' from command line to 'False'
[0.218s] DEBUG:colcon.colcon_core.verb:Building package 'px4_ros_com' with the following arguments: {'ament_cmake_args': None, 'build_base': '/drone_space/build/px4_ros_com', 'catkin_cmake_args': None, 'catkin_skip_building_tests': False, 'cmake_args': None, 'cmake_clean_cache': False, 'cmake_clean_first': False, 'cmake_force_configure': False, 'cmake_target': None, 'cmake_target_skip_unavailable': False, 'install_base': '/drone_space/install/px4_ros_com', 'merge_install': False, 'path': '/drone_space/ros2_ws/src/px4_ros_com', 'symlink_install': False, 'test_result_base': None}
[0.218s] INFO:colcon.colcon_core.executor:Executing jobs using 'parallel' executor
[0.219s] DEBUG:colcon.colcon_parallel_executor.executor.parallel:run_until_complete
[0.219s] INFO:colcon.colcon_ros.task.ament_cmake.build:Building ROS package in '/drone_space/ros2_ws/src/px4_msgs' with build type 'ament_cmake'
[0.220s] INFO:colcon.colcon_cmake.task.cmake.build:Building CMake package in '/drone_space/ros2_ws/src/px4_msgs'
[0.223s] INFO:colcon.colcon_core.plugin_system:Skipping extension 'colcon_core.shell.bat': Not used on non-Windows systems
[0.223s] INFO:colcon.colcon_core.shell:Skip shell extension 'powershell' for command environment: Not usable outside of PowerShell
[0.223s] DEBUG:colcon.colcon_core.shell:Skip shell extension 'dsv' for command environment
[0.233s] DEBUG:colcon.colcon_core.event_handler.log_command:Invoking command in '/drone_space/build/px4_msgs': CMAKE_PREFIX_PATH=${CMAKE_PREFIX_PATH}:/opt/ros/humble /usr/bin/cmake /drone_space/ros2_ws/src/px4_msgs -DCMAKE_INSTALL_PREFIX=/drone_space/install/px4_msgs
[2.288s] DEBUG:colcon.colcon_core.event_handler.log_command:Invoked command in '/drone_space/build/px4_msgs' returned '0': CMAKE_PREFIX_PATH=${CMAKE_PREFIX_PATH}:/opt/ros/humble /usr/bin/cmake /drone_space/ros2_ws/src/px4_msgs -DCMAKE_INSTALL_PREFIX=/drone_space/install/px4_msgs
[2.289s] DEBUG:colcon.colcon_core.event_handler.log_command:Invoking command in '/drone_space/build/px4_msgs': CMAKE_PREFIX_PATH=${CMAKE_PREFIX_PATH}:/opt/ros/humble /usr/bin/cmake --build /drone_space/build/px4_msgs -- -j20 -l20
[3.198s] DEBUG:colcon.colcon_core.event_handler.log_command:Invoked command in '/drone_space/build/px4_msgs' returned '0': CMAKE_PREFIX_PATH=${CMAKE_PREFIX_PATH}:/opt/ros/humble /usr/bin/cmake --build /drone_space/build/px4_msgs -- -j20 -l20
[3.206s] DEBUG:colcon.colcon_core.event_handler.log_command:Invoking command in '/drone_space/build/px4_msgs': CMAKE_PREFIX_PATH=${CMAKE_PREFIX_PATH}:/opt/ros/humble /usr/bin/cmake --install /drone_space/build/px4_msgs
[3.479s] Level 1:colcon.colcon_core.environment:create_environment_scripts_only(px4_msgs)
[3.479s] DEBUG:colcon.colcon_core.event_handler.log_command:Invoked command in '/drone_space/build/px4_msgs' returned '0': CMAKE_PREFIX_PATH=${CMAKE_PREFIX_PATH}:/opt/ros/humble /usr/bin/cmake --install /drone_space/build/px4_msgs
[3.481s] Level 1:colcon.colcon_core.environment:checking '/drone_space/install/px4_msgs' for CMake module files
[3.481s] Level 1:colcon.colcon_core.environment:checking '/drone_space/install/px4_msgs' for CMake config files
[3.497s] Level 1:colcon.colcon_core.shell:create_environment_hook('px4_msgs', 'cmake_prefix_path')
[3.498s] INFO:colcon.colcon_core.shell:Creating environment hook '/drone_space/install/px4_msgs/share/px4_msgs/hook/cmake_prefix_path.ps1'
[3.498s] INFO:colcon.colcon_core.shell:Creating environment descriptor '/drone_space/install/px4_msgs/share/px4_msgs/hook/cmake_prefix_path.dsv'
[3.498s] INFO:colcon.colcon_core.shell:Creating environment hook '/drone_space/install/px4_msgs/share/px4_msgs/hook/cmake_prefix_path.sh'
[3.499s] Level 1:colcon.colcon_core.environment:checking '/drone_space/install/px4_msgs/lib'
[3.499s] Level 1:colcon.colcon_core.shell:create_environment_hook('px4_msgs', 'ld_library_path_lib')
[3.499s] INFO:colcon.colcon_core.shell:Creating environment hook '/drone_space/install/px4_msgs/share/px4_msgs/hook/ld_library_path_lib.ps1'
[3.499s] INFO:colcon.colcon_core.shell:Creating environment descriptor '/drone_space/install/px4_msgs/share/px4_msgs/hook/ld_library_path_lib.dsv'
[3.500s] INFO:colcon.colcon_core.shell:Creating environment hook '/drone_space/install/px4_msgs/share/px4_msgs/hook/ld_library_path_lib.sh'
[3.500s] Level 1:colcon.colcon_core.environment:checking '/drone_space/install/px4_msgs/bin'
[3.500s] Level 1:colcon.colcon_core.environment:checking '/drone_space/install/px4_msgs/lib/pkgconfig/px4_msgs.pc'
[3.500s] Level 1:colcon.colcon_core.environment:checking '/drone_space/install/px4_msgs/lib/python3.10/site-packages'
[3.500s] Level 1:colcon.colcon_core.environment:checking '/drone_space/install/px4_msgs/bin'
[3.500s] INFO:colcon.colcon_core.shell:Creating package script '/drone_space/install/px4_msgs/share/px4_msgs/package.ps1'
[3.501s] INFO:colcon.colcon_core.shell:Creating package descriptor '/drone_space/install/px4_msgs/share/px4_msgs/package.dsv'
[3.501s] INFO:colcon.colcon_core.shell:Creating package script '/drone_space/install/px4_msgs/share/px4_msgs/package.sh'
[3.502s] INFO:colcon.colcon_core.shell:Creating package script '/drone_space/install/px4_msgs/share/px4_msgs/package.bash'
[3.502s] INFO:colcon.colcon_core.shell:Creating package script '/drone_space/install/px4_msgs/share/px4_msgs/package.zsh'
[3.503s] Level 1:colcon.colcon_core.environment:create_file_with_runtime_dependencies(/drone_space/install/px4_msgs/share/colcon-core/packages/px4_msgs)
[3.503s] Level 1:colcon.colcon_core.environment:create_environment_scripts_only(px4_msgs)
[3.503s] Level 1:colcon.colcon_core.environment:checking '/drone_space/install/px4_msgs' for CMake module files
[3.504s] Level 1:colcon.colcon_core.environment:checking '/drone_space/install/px4_msgs' for CMake config files
[3.518s] Level 1:colcon.colcon_core.shell:create_environment_hook('px4_msgs', 'cmake_prefix_path')
[3.518s] INFO:colcon.colcon_core.shell:Creating environment hook '/drone_space/install/px4_msgs/share/px4_msgs/hook/cmake_prefix_path.ps1'
[3.518s] INFO:colcon.colcon_core.shell:Creating environment descriptor '/drone_space/install/px4_msgs/share/px4_msgs/hook/cmake_prefix_path.dsv'
[3.519s] INFO:colcon.colcon_core.shell:Creating environment hook '/drone_space/install/px4_msgs/share/px4_msgs/hook/cmake_prefix_path.sh'
[3.519s] Level 1:colcon.colcon_core.environment:checking '/drone_space/install/px4_msgs/lib'
[3.519s] Level 1:colcon.colcon_core.shell:create_environment_hook('px4_msgs', 'ld_library_path_lib')
[3.519s] INFO:colcon.colcon_core.shell:Creating environment hook '/drone_space/install/px4_msgs/share/px4_msgs/hook/ld_library_path_lib.ps1'
[3.519s] INFO:colcon.colcon_core.shell:Creating environment descriptor '/drone_space/install/px4_msgs/share/px4_msgs/hook/ld_library_path_lib.dsv'
[3.520s] INFO:colcon.colcon_core.shell:Creating environment hook '/drone_space/install/px4_msgs/share/px4_msgs/hook/ld_library_path_lib.sh'
[3.520s] Level 1:colcon.colcon_core.environment:checking '/drone_space/install/px4_msgs/bin'
[3.520s] Level 1:colcon.colcon_core.environment:checking '/drone_space/install/px4_msgs/lib/pkgconfig/px4_msgs.pc'
[3.520s] Level 1:colcon.colcon_core.environment:checking '/drone_space/install/px4_msgs/lib/python3.10/site-packages'
[3.520s] Level 1:colcon.colcon_core.environment:checking '/drone_space/install/px4_msgs/bin'
[3.520s] INFO:colcon.colcon_core.shell:Creating package script '/drone_space/install/px4_msgs/share/px4_msgs/package.ps1'
[3.521s] INFO:colcon.colcon_core.shell:Creating package descriptor '/drone_space/install/px4_msgs/share/px4_msgs/package.dsv'
[3.521s] INFO:colcon.colcon_core.shell:Creating package script '/drone_space/install/px4_msgs/share/px4_msgs/package.sh'
[3.521s] INFO:colcon.colcon_core.shell:Creating package script '/drone_space/install/px4_msgs/share/px4_msgs/package.bash'
[3.522s] INFO:colcon.colcon_core.shell:Creating package script '/drone_space/install/px4_msgs/share/px4_msgs/package.zsh'
[3.522s] Level 1:colcon.colcon_core.environment:create_file_with_runtime_dependencies(/drone_space/install/px4_msgs/share/colcon-core/packages/px4_msgs)
[3.522s] INFO:colcon.colcon_ros.task.ament_cmake.build:Building ROS package in '/drone_space/ros2_ws/src/decision_node' with build type 'ament_cmake'
[3.522s] INFO:colcon.colcon_cmake.task.cmake.build:Building CMake package in '/drone_space/ros2_ws/src/decision_node'
[3.522s] INFO:colcon.colcon_core.shell:Skip shell extension 'powershell' for command environment: Not usable outside of PowerShell
[3.522s] DEBUG:colcon.colcon_core.shell:Skip shell extension 'dsv' for command environment
[3.525s] INFO:colcon.colcon_ros.task.ament_cmake.build:Building ROS package in '/drone_space/ros2_ws/src/px4_ros_com' with build type 'ament_cmake'
[3.526s] INFO:colcon.colcon_cmake.task.cmake.build:Building CMake package in '/drone_space/ros2_ws/src/px4_ros_com'
[3.526s] INFO:colcon.colcon_core.shell:Skip shell extension 'powershell' for command environment: Not usable outside of PowerShell
[3.526s] DEBUG:colcon.colcon_core.shell:Skip shell extension 'dsv' for command environment
[3.532s] DEBUG:colcon.colcon_core.event_handler.log_command:Invoking command in '/drone_space/build/decision_node': CMAKE_PREFIX_PATH=/drone_space/install/px4_msgs:/drone_space/ros2_ws/install/px4_ros_com:/drone_space/ros2_ws/install/decision_node:/drone_space/ros2_ws/install/px4_msgs:/drone_space/install/decision_node:/opt/ros/humble LD_LIBRARY_PATH=/drone_space/install/px4_msgs/lib:/drone_space/ros2_ws/install/px4_ros_com/lib:/drone_space/ros2_ws/install/px4_msgs/lib:/opt/ros/humble/lib/x86_64-linux-gnu:/opt/ros/humble/lib /usr/bin/cmake --build /drone_space/build/decision_node -- -j20 -l20
[3.534s] DEBUG:colcon.colcon_core.event_handler.log_command:Invoking command in '/drone_space/build/px4_ros_com': CMAKE_PREFIX_PATH=/drone_space/install/px4_msgs:/drone_space/ros2_ws/install/px4_ros_com:/drone_space/ros2_ws/install/decision_node:/drone_space/ros2_ws/install/px4_msgs:/drone_space/install/decision_node:/opt/ros/humble LD_LIBRARY_PATH=/drone_space/install/px4_msgs/lib:/drone_space/ros2_ws/install/px4_ros_com/lib:/drone_space/ros2_ws/install/px4_msgs/lib:/opt/ros/humble/lib/x86_64-linux-gnu:/opt/ros/humble/lib /usr/bin/cmake /drone_space/ros2_ws/src/px4_ros_com -DCMAKE_INSTALL_PREFIX=/drone_space/install/px4_ros_com
[3.549s] DEBUG:colcon.colcon_core.event_handler.log_command:Invoked command in '/drone_space/build/decision_node' returned '2': CMAKE_PREFIX_PATH=/drone_space/install/px4_msgs:/drone_space/ros2_ws/install/px4_ros_com:/drone_space/ros2_ws/install/decision_node:/drone_space/ros2_ws/install/px4_msgs:/drone_space/install/decision_node:/opt/ros/humble LD_LIBRARY_PATH=/drone_space/install/px4_msgs/lib:/drone_space/ros2_ws/install/px4_ros_com/lib:/drone_space/ros2_ws/install/px4_msgs/lib:/opt/ros/humble/lib/x86_64-linux-gnu:/opt/ros/humble/lib /usr/bin/cmake --build /drone_space/build/decision_node -- -j20 -l20
[3.550s] Level 1:colcon.colcon_core.environment:create_environment_scripts_only(decision_node)
[3.550s] Level 1:colcon.colcon_core.environment:checking '/drone_space/install/decision_node' for CMake module files
[3.550s] Level 1:colcon.colcon_core.environment:checking '/drone_space/install/decision_node' for CMake config files
[3.551s] Level 1:colcon.colcon_core.shell:create_environment_hook('decision_node', 'cmake_prefix_path')
[3.551s] INFO:colcon.colcon_core.shell:Creating environment hook '/drone_space/install/decision_node/share/decision_node/hook/cmake_prefix_path.ps1'
[3.551s] INFO:colcon.colcon_core.shell:Creating environment descriptor '/drone_space/install/decision_node/share/decision_node/hook/cmake_prefix_path.dsv'
[3.552s] INFO:colcon.colcon_core.shell:Creating environment hook '/drone_space/install/decision_node/share/decision_node/hook/cmake_prefix_path.sh'
[3.552s] Level 1:colcon.colcon_core.environment:checking '/drone_space/install/decision_node/bin'
[3.552s] Level 1:colcon.colcon_core.environment:checking '/drone_space/install/decision_node/lib/pkgconfig/decision_node.pc'
[3.553s] Level 1:colcon.colcon_core.environment:checking '/drone_space/install/decision_node/lib/python3.10/site-packages'
[3.553s] Level 1:colcon.colcon_core.environment:checking '/drone_space/install/decision_node/bin'
[3.553s] INFO:colcon.colcon_core.shell:Creating package script '/drone_space/install/decision_node/share/decision_node/package.ps1'
[3.553s] INFO:colcon.colcon_core.shell:Creating package descriptor '/drone_space/install/decision_node/share/decision_node/package.dsv'
[3.554s] INFO:colcon.colcon_core.shell:Creating package script '/drone_space/install/decision_node/share/decision_node/package.sh'
[3.554s] INFO:colcon.colcon_core.shell:Creating package script '/drone_space/install/decision_node/share/decision_node/package.bash'
[3.554s] INFO:colcon.colcon_core.shell:Creating package script '/drone_space/install/decision_node/share/decision_node/package.zsh'
[3.554s] Level 1:colcon.colcon_core.environment:create_file_with_runtime_dependencies(/drone_space/install/decision_node/share/colcon-core/packages/decision_node)
[4.538s] DEBUG:colcon.colcon_parallel_executor.executor.parallel:closing loop
[4.538s] DEBUG:colcon.colcon_parallel_executor.executor.parallel:loop closed
[4.539s] DEBUG:colcon.colcon_parallel_executor.executor.parallel:run_until_complete finished with '2'
[4.539s] DEBUG:colcon.colcon_core.event_reactor:joining thread
[4.542s] INFO:colcon.colcon_core.plugin_system:Skipping extension 'colcon_notification.desktop_notification.notify_send': Could not find 'notify-send'
[4.542s] INFO:colcon.colcon_core.plugin_system:Skipping extension 'colcon_notification.desktop_notification.terminal_notifier': Not used on non-Darwin systems
[4.542s] INFO:colcon.colcon_core.plugin_system:Skipping extension 'colcon_notification.desktop_notification.win32': Not used on non-Windows systems
[4.542s] INFO:colcon.colcon_notification.desktop_notification:Sending desktop notification using 'notify2'
[4.542s] DEBUG:colcon.colcon_notification.desktop_notification.notify2:Failed to initialize notify2: org.freedesktop.DBus.Error.NotSupported: Unable to autolaunch a dbus-daemon without a $DISPLAY for X11
[4.542s] DEBUG:colcon.colcon_core.event_reactor:joined thread
[4.543s] INFO:colcon.colcon_core.shell:Creating prefix script '/drone_space/install/local_setup.ps1'
[4.544s] INFO:colcon.colcon_core.shell:Creating prefix util module '/drone_space/install/_local_setup_util_ps1.py'
[4.545s] INFO:colcon.colcon_core.shell:Creating prefix chain script '/drone_space/install/setup.ps1'
[4.546s] INFO:colcon.colcon_core.shell:Creating prefix script '/drone_space/install/local_setup.sh'
[4.547s] INFO:colcon.colcon_core.shell:Creating prefix util module '/drone_space/install/_local_setup_util_sh.py'
[4.548s] INFO:colcon.colcon_core.shell:Creating prefix chain script '/drone_space/install/setup.sh'
[4.549s] INFO:colcon.colcon_core.shell:Creating prefix script '/drone_space/install/local_setup.bash'
[4.549s] INFO:colcon.colcon_core.shell:Creating prefix chain script '/drone_space/install/setup.bash'
[4.550s] INFO:colcon.colcon_core.shell:Creating prefix script '/drone_space/install/local_setup.zsh'
[4.550s] INFO:colcon.colcon_core.shell:Creating prefix chain script '/drone_space/install/setup.zsh'
