[0.008s] Invoking command in '/drone_space/ros2_ws/build/decision_node': CMAKE_PREFIX_PATH=/drone_space/ros2_ws/install/px4_msgs:/drone_space/ros2_ws/install/px4_ros_com:/drone_space/ros2_ws/install/decision_node:/drone_space/install/px4_msgs:/drone_space/install/decision_node:/opt/ros/humble LD_LIBRARY_PATH=/drone_space/ros2_ws/install/px4_msgs/lib:/drone_space/ros2_ws/install/px4_ros_com/lib:/drone_space/install/px4_msgs/lib:/opt/ros/humble/lib/x86_64-linux-gnu:/opt/ros/humble/lib /usr/bin/cmake --build /drone_space/ros2_ws/build/decision_node -- -j20 -l20
[0.037s] [35m[1mConsolidate compiler generated dependencies of target decision_node[0m
[0.054s] [ 50%] [32mBuilding CXX object CMakeFiles/decision_node.dir/src/decision_node.cpp.o[0m
[8.159s] [100%] [32m[1mLinking CXX executable decision_node[0m
[8.562s] [100%] Built target decision_node
[8.571s] Invoked command in '/drone_space/ros2_ws/build/decision_node' returned '0': CMAKE_PREFIX_PATH=/drone_space/ros2_ws/install/px4_msgs:/drone_space/ros2_ws/install/px4_ros_com:/drone_space/ros2_ws/install/decision_node:/drone_space/install/px4_msgs:/drone_space/install/decision_node:/opt/ros/humble LD_LIBRARY_PATH=/drone_space/ros2_ws/install/px4_msgs/lib:/drone_space/ros2_ws/install/px4_ros_com/lib:/drone_space/install/px4_msgs/lib:/opt/ros/humble/lib/x86_64-linux-gnu:/opt/ros/humble/lib /usr/bin/cmake --build /drone_space/ros2_ws/build/decision_node -- -j20 -l20
[8.572s] Invoking command in '/drone_space/ros2_ws/build/decision_node': CMAKE_PREFIX_PATH=/drone_space/ros2_ws/install/px4_msgs:/drone_space/ros2_ws/install/px4_ros_com:/drone_space/ros2_ws/install/decision_node:/drone_space/install/px4_msgs:/drone_space/install/decision_node:/opt/ros/humble LD_LIBRARY_PATH=/drone_space/ros2_ws/install/px4_msgs/lib:/drone_space/ros2_ws/install/px4_ros_com/lib:/drone_space/install/px4_msgs/lib:/opt/ros/humble/lib/x86_64-linux-gnu:/opt/ros/humble/lib /usr/bin/cmake --install /drone_space/ros2_ws/build/decision_node
[8.580s] -- Install configuration: ""
[8.580s] -- Installing: /drone_space/ros2_ws/install/decision_node/lib/decision_node/decision_node
[8.587s] -- Set runtime path of "/drone_space/ros2_ws/install/decision_node/lib/decision_node/decision_node" to ""
[8.587s] -- Up-to-date: /drone_space/ros2_ws/install/decision_node/share/ament_index/resource_index/package_run_dependencies/decision_node
[8.587s] -- Up-to-date: /drone_space/ros2_ws/install/decision_node/share/ament_index/resource_index/parent_prefix_path/decision_node
[8.587s] -- Up-to-date: /drone_space/ros2_ws/install/decision_node/share/decision_node/environment/ament_prefix_path.sh
[8.587s] -- Up-to-date: /drone_space/ros2_ws/install/decision_node/share/decision_node/environment/ament_prefix_path.dsv
[8.587s] -- Up-to-date: /drone_space/ros2_ws/install/decision_node/share/decision_node/environment/path.sh
[8.588s] -- Up-to-date: /drone_space/ros2_ws/install/decision_node/share/decision_node/environment/path.dsv
[8.588s] -- Up-to-date: /drone_space/ros2_ws/install/decision_node/share/decision_node/local_setup.bash
[8.588s] -- Up-to-date: /drone_space/ros2_ws/install/decision_node/share/decision_node/local_setup.sh
[8.588s] -- Up-to-date: /drone_space/ros2_ws/install/decision_node/share/decision_node/local_setup.zsh
[8.588s] -- Up-to-date: /drone_space/ros2_ws/install/decision_node/share/decision_node/local_setup.dsv
[8.588s] -- Installing: /drone_space/ros2_ws/install/decision_node/share/decision_node/package.dsv
[8.588s] -- Up-to-date: /drone_space/ros2_ws/install/decision_node/share/ament_index/resource_index/packages/decision_node
[8.588s] -- Up-to-date: /drone_space/ros2_ws/install/decision_node/share/decision_node/cmake/decision_nodeConfig.cmake
[8.588s] -- Up-to-date: /drone_space/ros2_ws/install/decision_node/share/decision_node/cmake/decision_nodeConfig-version.cmake
[8.588s] -- Up-to-date: /drone_space/ros2_ws/install/decision_node/share/decision_node/package.xml
[8.591s] Invoked command in '/drone_space/ros2_ws/build/decision_node' returned '0': CMAKE_PREFIX_PATH=/drone_space/ros2_ws/install/px4_msgs:/drone_space/ros2_ws/install/px4_ros_com:/drone_space/ros2_ws/install/decision_node:/drone_space/install/px4_msgs:/drone_space/install/decision_node:/opt/ros/humble LD_LIBRARY_PATH=/drone_space/ros2_ws/install/px4_msgs/lib:/drone_space/ros2_ws/install/px4_ros_com/lib:/drone_space/install/px4_msgs/lib:/opt/ros/humble/lib/x86_64-linux-gnu:/opt/ros/humble/lib /usr/bin/cmake --install /drone_space/ros2_ws/build/decision_node
